2026-02-02 10:28:16,032:main:INFO:Starting Voice Live Agent Server
2026-02-02 10:28:16,038:main:INFO:VoiceLive Endpoint: https://ai-vla-py-2576.cognitiveservices.azure.com/
2026-02-02 10:28:16,042:main:INFO:ACS Endpoint: https://acs-vla-py-2576.communication.azure.com
2026-02-02 10:28:16,046:azure.identity.aio._credentials.environment:INFO:No environment configuration found.
2026-02-02 10:28:16,174:azure.identity.aio._credentials.managed_identity:INFO:ManagedIdentityCredential will use IMDS
2026-02-02 10:28:16,179:voicelive_agent:INFO:Connection pool started (size=2)
2026-02-02 10:28:16,185:main:INFO:Connection pool initialized for pre-warming
2026-02-02 10:28:16,194:voicelive_agent:DEBUG:Creating new warm connection...
2026-02-02 10:28:16,207:azure.ai.voicelive.aio._patch:DEBUG:Connecting to wss://ai-vla-py-2576.cognitiveservices.azure.com/voice-live/realtime?api-version=2025-10-01&model=gpt-realtime
2026-02-02 10:28:16,211:azure.identity.aio._internal.decorators:DEBUG:EnvironmentCredential.get_token failed: EnvironmentCredential authentication unavailable. Environment variables are not fully configured.
Visit https://aka.ms/azsdk/python/identity/environmentcredential/troubleshoot to troubleshoot this issue.
Traceback (most recent call last):
  File "C:\Users\adhocke\source\repos\voice-live-agent\src\api-python\venv\Lib\site-packages\azure\identity\aio\_internal\decorators.py", line 22, in wrapper
    token = await fn(*args, **kwargs)
            ^^^^^^^^^^^^^^^^^^^^^^^^^
  File "C:\Users\adhocke\source\repos\voice-live-agent\src\api-python\venv\Lib\site-packages\azure\identity\aio\_credentials\environment.py", line 126, in get_token
    raise CredentialUnavailableError(message=message)
azure.identity._exceptions.CredentialUnavailableError: EnvironmentCredential authentication unavailable. Environment variables are not fully configured.
Visit https://aka.ms/azsdk/python/identity/environmentcredential/troubleshoot to troubleshoot this issue.
2026-02-02 10:28:16,333:azure.core.pipeline.policies.http_logging_policy:INFO:Request URL: 'http://169.254.169.254/metadata/identity/oauth2/token?api-version=REDACTED&resource=REDACTED'
Request method: 'GET'
Request headers:
    'User-Agent': 'azsdk-python-identity/1.25.1 Python/3.13.11 (Windows-11-10.0.26200-SP0)'
No body was attached to the request
2026-02-02 10:28:16,407:azure.identity.aio._internal.get_token_mixin:DEBUG:ImdsCredential.get_token failed: ManagedIdentityCredential authentication unavailable, no response from the IMDS endpoint.
Traceback (most recent call last):
  File "C:\Users\adhocke\source\repos\voice-live-agent\src\api-python\venv\Lib\site-packages\aiohttp\connector.py", line 1298, in _wrap_create_connection
    sock = await aiohappyeyeballs.start_connection(
           ^^^^^^^^^^^^^^^^^^^^^^^^^^^^^^^^^^^^^^^^
    ...<6 lines>...
    )
    ^
  File "C:\Users\adhocke\source\repos\voice-live-agent\src\api-python\venv\Lib\site-packages\aiohappyeyeballs\impl.py", line 122, in start_connection
    raise first_exception
  File "C:\Users\adhocke\source\repos\voice-live-agent\src\api-python\venv\Lib\site-packages\aiohappyeyeballs\impl.py", line 73, in start_connection
    sock = await _connect_sock(
           ^^^^^^^^^^^^^^^^^^^^
    ...<6 lines>...
    )
    ^
  File "C:\Users\adhocke\source\repos\voice-live-agent\src\api-python\venv\Lib\site-packages\aiohappyeyeballs\impl.py", line 208, in _connect_sock
    await loop.sock_connect(sock, address)
  File "C:\Users\adhocke\AppData\Local\Programs\Python\Python313\Lib\asyncio\proactor_events.py", line 728, in sock_connect
    return await self._proactor.connect(sock, address)
           ^^^^^^^^^^^^^^^^^^^^^^^^^^^^^^^^^^^^^^^^^^^
  File "C:\Users\adhocke\AppData\Local\Programs\Python\Python313\Lib\asyncio\windows_events.py", line 804, in _poll
    value = callback(transferred, key, ov)
  File "C:\Users\adhocke\AppData\Local\Programs\Python\Python313\Lib\asyncio\windows_events.py", line 600, in finish_connect
    ov.getresult()
    ~~~~~~~~~~~~^^
OSError: [WinError 1231] The network location cannot be reached. For information about network troubleshooting, see Windows Help

The above exception was the direct cause of the following exception:

Traceback (most recent call last):
  File "C:\Users\adhocke\source\repos\voice-live-agent\src\api-python\venv\Lib\site-packages\azure\core\pipeline\transport\_aiohttp.py", line 346, in send
    result = await self.session.request(  # type: ignore
             ^^^^^^^^^^^^^^^^^^^^^^^^^^^^^^^^^^^^^^^^^^^
    ...<8 lines>...
    )
    ^
  File "C:\Users\adhocke\source\repos\voice-live-agent\src\api-python\venv\Lib\site-packages\aiohttp\client.py", line 779, in _request
    resp = await handler(req)
           ^^^^^^^^^^^^^^^^^^
  File "C:\Users\adhocke\source\repos\voice-live-agent\src\api-python\venv\Lib\site-packages\aiohttp\client.py", line 734, in _connect_and_send_request
    conn = await self._connector.connect(
           ^^^^^^^^^^^^^^^^^^^^^^^^^^^^^^
        req, traces=traces, timeout=real_timeout
        ^^^^^^^^^^^^^^^^^^^^^^^^^^^^^^^^^^^^^^^^
    )
    ^
  File "C:\Users\adhocke\source\repos\voice-live-agent\src\api-python\venv\Lib\site-packages\aiohttp\connector.py", line 672, in connect
    proto = await self._create_connection(req, traces, timeout)
            ^^^^^^^^^^^^^^^^^^^^^^^^^^^^^^^^^^^^^^^^^^^^^^^^^^^
  File "C:\Users\adhocke\source\repos\voice-live-agent\src\api-python\venv\Lib\site-packages\aiohttp\connector.py", line 1239, in _create_connection
    _, proto = await self._create_direct_connection(req, traces, timeout)
               ^^^^^^^^^^^^^^^^^^^^^^^^^^^^^^^^^^^^^^^^^^^^^^^^^^^^^^^^^^
  File "C:\Users\adhocke\source\repos\voice-live-agent\src\api-python\venv\Lib\site-packages\aiohttp\connector.py", line 1611, in _create_direct_connection
    raise last_exc
  File "C:\Users\adhocke\source\repos\voice-live-agent\src\api-python\venv\Lib\site-packages\aiohttp\connector.py", line 1580, in _create_direct_connection
    transp, proto = await self._wrap_create_connection(
                    ^^^^^^^^^^^^^^^^^^^^^^^^^^^^^^^^^^^
    ...<7 lines>...
    )
    ^
  File "C:\Users\adhocke\source\repos\voice-live-agent\src\api-python\venv\Lib\site-packages\aiohttp\connector.py", line 1321, in _wrap_create_connection
    raise client_error(req.connection_key, exc) from exc
aiohttp.client_exceptions.ClientConnectorError: Cannot connect to host 169.254.169.254:80 ssl:default [The network location cannot be reached. For information about network troubleshooting, see Windows Help]

The above exception was the direct cause of the following exception:

Traceback (most recent call last):
  File "C:\Users\adhocke\source\repos\voice-live-agent\src\api-python\venv\Lib\site-packages\azure\identity\aio\_credentials\imds.py", line 76, in _request_token
    await self._client.request_token(*scopes, connection_timeout=1, retry_total=0)
  File "C:\Users\adhocke\source\repos\voice-live-agent\src\api-python\venv\Lib\site-packages\azure\identity\aio\_internal\managed_identity_client.py", line 34, in request_token
    response = await self._pipeline.run(request, retry_on_methods=[request.method], **kwargs)
               ^^^^^^^^^^^^^^^^^^^^^^^^^^^^^^^^^^^^^^^^^^^^^^^^^^^^^^^^^^^^^^^^^^^^^^^^^^^^^^
  File "C:\Users\adhocke\source\repos\voice-live-agent\src\api-python\venv\Lib\site-packages\azure\core\pipeline\_base_async.py", line 229, in run
    return await first_node.send(pipeline_request)
           ^^^^^^^^^^^^^^^^^^^^^^^^^^^^^^^^^^^^^^^
  File "C:\Users\adhocke\source\repos\voice-live-agent\src\api-python\venv\Lib\site-packages\azure\core\pipeline\_base_async.py", line 77, in send
    response = await self.next.send(request)
               ^^^^^^^^^^^^^^^^^^^^^^^^^^^^^
  File "C:\Users\adhocke\source\repos\voice-live-agent\src\api-python\venv\Lib\site-packages\azure\core\pipeline\_base_async.py", line 77, in send
    response = await self.next.send(request)
               ^^^^^^^^^^^^^^^^^^^^^^^^^^^^^
  File "C:\Users\adhocke\source\repos\voice-live-agent\src\api-python\venv\Lib\site-packages\azure\core\pipeline\_base_async.py", line 77, in send
    response = await self.next.send(request)
               ^^^^^^^^^^^^^^^^^^^^^^^^^^^^^
  [Previous line repeated 1 more time]
  File "C:\Users\adhocke\source\repos\voice-live-agent\src\api-python\venv\Lib\site-packages\azure\core\pipeline\policies\_retry_async.py", line 204, in send
    raise err
  File "C:\Users\adhocke\source\repos\voice-live-agent\src\api-python\venv\Lib\site-packages\azure\core\pipeline\policies\_retry_async.py", line 178, in send
    response = await self.next.send(request)
               ^^^^^^^^^^^^^^^^^^^^^^^^^^^^^
  File "C:\Users\adhocke\source\repos\voice-live-agent\src\api-python\venv\Lib\site-packages\azure\core\pipeline\_base_async.py", line 77, in send
    response = await self.next.send(request)
               ^^^^^^^^^^^^^^^^^^^^^^^^^^^^^
  File "C:\Users\adhocke\source\repos\voice-live-agent\src\api-python\venv\Lib\site-packages\azure\core\pipeline\_base_async.py", line 77, in send
    response = await self.next.send(request)
               ^^^^^^^^^^^^^^^^^^^^^^^^^^^^^
  File "C:\Users\adhocke\source\repos\voice-live-agent\src\api-python\venv\Lib\site-packages\azure\core\pipeline\_base_async.py", line 77, in send
    response = await self.next.send(request)
               ^^^^^^^^^^^^^^^^^^^^^^^^^^^^^
  [Previous line repeated 1 more time]
  File "C:\Users\adhocke\source\repos\voice-live-agent\src\api-python\venv\Lib\site-packages\azure\core\pipeline\_base_async.py", line 111, in send
    await self._sender.send(request.http_request, **request.context.options),
    ^^^^^^^^^^^^^^^^^^^^^^^^^^^^^^^^^^^^^^^^^^^^^^^^^^^^^^^^^^^^^^^^^^^^^^^^
  File "C:\Users\adhocke\source\repos\voice-live-agent\src\api-python\venv\Lib\site-packages\azure\core\pipeline\transport\_aiohttp.py", line 393, in send
    raise ServiceRequestError(err, error=err) from err
azure.core.exceptions.ServiceRequestError: Cannot connect to host 169.254.169.254:80 ssl:default [The network location cannot be reached. For information about network troubleshooting, see Windows Help]

The above exception was the direct cause of the following exception:

Traceback (most recent call last):
  File "C:\Users\adhocke\source\repos\voice-live-agent\src\api-python\venv\Lib\site-packages\azure\identity\aio\_internal\get_token_mixin.py", line 137, in _get_token_base
    token = await self._request_token(
            ^^^^^^^^^^^^^^^^^^^^^^^^^^
        *scopes, claims=claims, tenant_id=tenant_id, enable_cae=enable_cae, **kwargs
        ^^^^^^^^^^^^^^^^^^^^^^^^^^^^^^^^^^^^^^^^^^^^^^^^^^^^^^^^^^^^^^^^^^^^^^^^^^^^
    )
    ^
  File "C:\Users\adhocke\source\repos\voice-live-agent\src\api-python\venv\Lib\site-packages\azure\identity\aio\_credentials\imds.py", line 86, in _request_token
    raise CredentialUnavailableError(message=error_message) from ex
azure.identity._exceptions.CredentialUnavailableError: ManagedIdentityCredential authentication unavailable, no response from the IMDS endpoint.
2026-02-02 10:28:17,087:azure.identity.aio._internal.decorators:DEBUG:ManagedIdentityCredential.get_token failed: ManagedIdentityCredential authentication unavailable, no response from the IMDS endpoint.
Traceback (most recent call last):
  File "C:\Users\adhocke\source\repos\voice-live-agent\src\api-python\venv\Lib\site-packages\aiohttp\connector.py", line 1298, in _wrap_create_connection
    sock = await aiohappyeyeballs.start_connection(
           ^^^^^^^^^^^^^^^^^^^^^^^^^^^^^^^^^^^^^^^^
    ...<6 lines>...
    )
    ^
  File "C:\Users\adhocke\source\repos\voice-live-agent\src\api-python\venv\Lib\site-packages\aiohappyeyeballs\impl.py", line 122, in start_connection
    raise first_exception
  File "C:\Users\adhocke\source\repos\voice-live-agent\src\api-python\venv\Lib\site-packages\aiohappyeyeballs\impl.py", line 73, in start_connection
    sock = await _connect_sock(
           ^^^^^^^^^^^^^^^^^^^^
    ...<6 lines>...
    )
    ^
  File "C:\Users\adhocke\source\repos\voice-live-agent\src\api-python\venv\Lib\site-packages\aiohappyeyeballs\impl.py", line 208, in _connect_sock
    await loop.sock_connect(sock, address)
  File "C:\Users\adhocke\AppData\Local\Programs\Python\Python313\Lib\asyncio\proactor_events.py", line 728, in sock_connect
    return await self._proactor.connect(sock, address)
           ^^^^^^^^^^^^^^^^^^^^^^^^^^^^^^^^^^^^^^^^^^^
  File "C:\Users\adhocke\AppData\Local\Programs\Python\Python313\Lib\asyncio\windows_events.py", line 804, in _poll
    value = callback(transferred, key, ov)
  File "C:\Users\adhocke\AppData\Local\Programs\Python\Python313\Lib\asyncio\windows_events.py", line 600, in finish_connect
    ov.getresult()
    ~~~~~~~~~~~~^^
OSError: [WinError 1231] The network location cannot be reached. For information about network troubleshooting, see Windows Help

The above exception was the direct cause of the following exception:

Traceback (most recent call last):
  File "C:\Users\adhocke\source\repos\voice-live-agent\src\api-python\venv\Lib\site-packages\azure\core\pipeline\transport\_aiohttp.py", line 346, in send
    result = await self.session.request(  # type: ignore
             ^^^^^^^^^^^^^^^^^^^^^^^^^^^^^^^^^^^^^^^^^^^
    ...<8 lines>...
    )
    ^
  File "C:\Users\adhocke\source\repos\voice-live-agent\src\api-python\venv\Lib\site-packages\aiohttp\client.py", line 779, in _request
    resp = await handler(req)
           ^^^^^^^^^^^^^^^^^^
  File "C:\Users\adhocke\source\repos\voice-live-agent\src\api-python\venv\Lib\site-packages\aiohttp\client.py", line 734, in _connect_and_send_request
    conn = await self._connector.connect(
           ^^^^^^^^^^^^^^^^^^^^^^^^^^^^^^
        req, traces=traces, timeout=real_timeout
        ^^^^^^^^^^^^^^^^^^^^^^^^^^^^^^^^^^^^^^^^
    )
    ^
  File "C:\Users\adhocke\source\repos\voice-live-agent\src\api-python\venv\Lib\site-packages\aiohttp\connector.py", line 672, in connect
    proto = await self._create_connection(req, traces, timeout)
            ^^^^^^^^^^^^^^^^^^^^^^^^^^^^^^^^^^^^^^^^^^^^^^^^^^^
  File "C:\Users\adhocke\source\repos\voice-live-agent\src\api-python\venv\Lib\site-packages\aiohttp\connector.py", line 1239, in _create_connection
    _, proto = await self._create_direct_connection(req, traces, timeout)
               ^^^^^^^^^^^^^^^^^^^^^^^^^^^^^^^^^^^^^^^^^^^^^^^^^^^^^^^^^^
  File "C:\Users\adhocke\source\repos\voice-live-agent\src\api-python\venv\Lib\site-packages\aiohttp\connector.py", line 1611, in _create_direct_connection
    raise last_exc
  File "C:\Users\adhocke\source\repos\voice-live-agent\src\api-python\venv\Lib\site-packages\aiohttp\connector.py", line 1580, in _create_direct_connection
    transp, proto = await self._wrap_create_connection(
                    ^^^^^^^^^^^^^^^^^^^^^^^^^^^^^^^^^^^
    ...<7 lines>...
    )
    ^
  File "C:\Users\adhocke\source\repos\voice-live-agent\src\api-python\venv\Lib\site-packages\aiohttp\connector.py", line 1321, in _wrap_create_connection
    raise client_error(req.connection_key, exc) from exc
aiohttp.client_exceptions.ClientConnectorError: Cannot connect to host 169.254.169.254:80 ssl:default [The network location cannot be reached. For information about network troubleshooting, see Windows Help]

The above exception was the direct cause of the following exception:

Traceback (most recent call last):
  File "C:\Users\adhocke\source\repos\voice-live-agent\src\api-python\venv\Lib\site-packages\azure\identity\aio\_credentials\imds.py", line 76, in _request_token
    await self._client.request_token(*scopes, connection_timeout=1, retry_total=0)
  File "C:\Users\adhocke\source\repos\voice-live-agent\src\api-python\venv\Lib\site-packages\azure\identity\aio\_internal\managed_identity_client.py", line 34, in request_token
    response = await self._pipeline.run(request, retry_on_methods=[request.method], **kwargs)
               ^^^^^^^^^^^^^^^^^^^^^^^^^^^^^^^^^^^^^^^^^^^^^^^^^^^^^^^^^^^^^^^^^^^^^^^^^^^^^^
  File "C:\Users\adhocke\source\repos\voice-live-agent\src\api-python\venv\Lib\site-packages\azure\core\pipeline\_base_async.py", line 229, in run
    return await first_node.send(pipeline_request)
           ^^^^^^^^^^^^^^^^^^^^^^^^^^^^^^^^^^^^^^^
  File "C:\Users\adhocke\source\repos\voice-live-agent\src\api-python\venv\Lib\site-packages\azure\core\pipeline\_base_async.py", line 77, in send
    response = await self.next.send(request)
               ^^^^^^^^^^^^^^^^^^^^^^^^^^^^^
  File "C:\Users\adhocke\source\repos\voice-live-agent\src\api-python\venv\Lib\site-packages\azure\core\pipeline\_base_async.py", line 77, in send
    response = await self.next.send(request)
               ^^^^^^^^^^^^^^^^^^^^^^^^^^^^^
  File "C:\Users\adhocke\source\repos\voice-live-agent\src\api-python\venv\Lib\site-packages\azure\core\pipeline\_base_async.py", line 77, in send
    response = await self.next.send(request)
               ^^^^^^^^^^^^^^^^^^^^^^^^^^^^^
  [Previous line repeated 1 more time]
  File "C:\Users\adhocke\source\repos\voice-live-agent\src\api-python\venv\Lib\site-packages\azure\core\pipeline\policies\_retry_async.py", line 204, in send
    raise err
  File "C:\Users\adhocke\source\repos\voice-live-agent\src\api-python\venv\Lib\site-packages\azure\core\pipeline\policies\_retry_async.py", line 178, in send
    response = await self.next.send(request)
               ^^^^^^^^^^^^^^^^^^^^^^^^^^^^^
  File "C:\Users\adhocke\source\repos\voice-live-agent\src\api-python\venv\Lib\site-packages\azure\core\pipeline\_base_async.py", line 77, in send
    response = await self.next.send(request)
               ^^^^^^^^^^^^^^^^^^^^^^^^^^^^^
  File "C:\Users\adhocke\source\repos\voice-live-agent\src\api-python\venv\Lib\site-packages\azure\core\pipeline\_base_async.py", line 77, in send
    response = await self.next.send(request)
               ^^^^^^^^^^^^^^^^^^^^^^^^^^^^^
  File "C:\Users\adhocke\source\repos\voice-live-agent\src\api-python\venv\Lib\site-packages\azure\core\pipeline\_base_async.py", line 77, in send
    response = await self.next.send(request)
               ^^^^^^^^^^^^^^^^^^^^^^^^^^^^^
  [Previous line repeated 1 more time]
  File "C:\Users\adhocke\source\repos\voice-live-agent\src\api-python\venv\Lib\site-packages\azure\core\pipeline\_base_async.py", line 111, in send
    await self._sender.send(request.http_request, **request.context.options),
    ^^^^^^^^^^^^^^^^^^^^^^^^^^^^^^^^^^^^^^^^^^^^^^^^^^^^^^^^^^^^^^^^^^^^^^^^
  File "C:\Users\adhocke\source\repos\voice-live-agent\src\api-python\venv\Lib\site-packages\azure\core\pipeline\transport\_aiohttp.py", line 393, in send
    raise ServiceRequestError(err, error=err) from err
azure.core.exceptions.ServiceRequestError: Cannot connect to host 169.254.169.254:80 ssl:default [The network location cannot be reached. For information about network troubleshooting, see Windows Help]

The above exception was the direct cause of the following exception:

Traceback (most recent call last):
  File "C:\Users\adhocke\source\repos\voice-live-agent\src\api-python\venv\Lib\site-packages\azure\identity\aio\_internal\decorators.py", line 22, in wrapper
    token = await fn(*args, **kwargs)
            ^^^^^^^^^^^^^^^^^^^^^^^^^
  File "C:\Users\adhocke\source\repos\voice-live-agent\src\api-python\venv\Lib\site-packages\azure\identity\aio\_credentials\managed_identity.py", line 160, in get_token
    return await cast(AsyncTokenCredential, self._credential).get_token(
           ^^^^^^^^^^^^^^^^^^^^^^^^^^^^^^^^^^^^^^^^^^^^^^^^^^^^^^^^^^^^^
        *scopes, claims=claims, tenant_id=tenant_id, **kwargs
        ^^^^^^^^^^^^^^^^^^^^^^^^^^^^^^^^^^^^^^^^^^^^^^^^^^^^^
    )
    ^
  File "C:\Users\adhocke\source\repos\voice-live-agent\src\api-python\venv\Lib\site-packages\azure\identity\aio\_internal\get_token_mixin.py", line 93, in get_token
    token_info = await self._get_token_base(*scopes, options=options, base_method_name="get_token", **kwargs)
                 ^^^^^^^^^^^^^^^^^^^^^^^^^^^^^^^^^^^^^^^^^^^^^^^^^^^^^^^^^^^^^^^^^^^^^^^^^^^^^^^^^^^^^^^^^^^^
  File "C:\Users\adhocke\source\repos\voice-live-agent\src\api-python\venv\Lib\site-packages\azure\identity\aio\_internal\get_token_mixin.py", line 137, in _get_token_base
    token = await self._request_token(
            ^^^^^^^^^^^^^^^^^^^^^^^^^^
        *scopes, claims=claims, tenant_id=tenant_id, enable_cae=enable_cae, **kwargs
        ^^^^^^^^^^^^^^^^^^^^^^^^^^^^^^^^^^^^^^^^^^^^^^^^^^^^^^^^^^^^^^^^^^^^^^^^^^^^
    )
    ^
  File "C:\Users\adhocke\source\repos\voice-live-agent\src\api-python\venv\Lib\site-packages\azure\identity\aio\_credentials\imds.py", line 86, in _request_token
    raise CredentialUnavailableError(message=error_message) from ex
azure.identity._exceptions.CredentialUnavailableError: ManagedIdentityCredential authentication unavailable, no response from the IMDS endpoint.
2026-02-02 10:28:17,934:azure.core.pipeline.policies.http_logging_policy:INFO:Request URL: 'https://login.microsoftonline.com/organizations/oauth2/v2.0/token'
Request method: 'POST'
Request headers:
    'Content-Type': 'application/x-www-form-urlencoded'
    'User-Agent': 'azsdk-python-identity/1.25.1 Python/3.13.11 (Windows-11-10.0.26200-SP0)'
A body is sent with the request
2026-02-02 10:28:19,073:azure.core.pipeline.policies.http_logging_policy:INFO:Response status: 200
Response headers:
    'Date': 'Mon, 02 Feb 2026 15:28:18 GMT'
    'Content-Type': 'application/json; charset=utf-8'
    'Content-Length': '5599'
    'Connection': 'keep-alive'
    'Cache-Control': 'no-store, no-cache'
    'Pragma': 'no-cache'
    'Expires': '-1'
    'Strict-Transport-Security': 'REDACTED'
    'X-Content-Type-Options': 'REDACTED'
    'P3P': 'REDACTED'
    'x-ms-request-id': '0e1ed894-833a-472f-b9cd-3600f786a500'
    'x-ms-ests-server': 'REDACTED'
    'x-ms-srs': 'REDACTED'
    'Content-Security-Policy-Report-Only': 'REDACTED'
    'X-XSS-Protection': 'REDACTED'
    'Set-Cookie': 'REDACTED'
    'Set-Cookie': 'REDACTED'
    'Set-Cookie': 'REDACTED'
    'X-Cache': 'REDACTED'
2026-02-02 10:28:19,087:msal.token_cache:DEBUG:event={
    "client_id": "04b07795-8ddb-461a-bbee-02f9e1bf7b46",
    "data": {},
    "response": {
        "access_token": "********",
        "client_info": "eyJ1aWQiOiIzMmI4NzA2Mi1iM2IwLTQ0YWYtOTczYS1kODQ1NDUxNWUxYmEiLCJ1dGlkIjoiMjUwOWFlMzktMDQwNy00ODQ0LTg4YTctYTczMTA1YTNjNTc1In0",
        "expires_in": 3958,
        "ext_expires_in": 3958,
        "id_token": "********",
        "scope": "https://ai.azure.com/user_impersonation https://ai.azure.com/.default",
        "token_type": "Bearer"
    },
    "scope": [
        "https://ai.azure.com/.default"
    ],
    "token_endpoint": "https://login.microsoftonline.com/organizations/oauth2/v2.0/token"
}
2026-02-02 10:28:19,118:azure.identity.aio._internal.decorators:DEBUG:SharedTokenCacheCredential.get_token succeeded
2026-02-02 10:28:19,120:azure.identity.aio._internal.decorators:DEBUG:[Authenticated account] Client ID: 04b07795-8ddb-461a-bbee-02f9e1bf7b46. Tenant ID: 2509ae39-0407-4844-88a7-a73105a3c575. User Principal Name: admin@MngEnvMCAP945557.onmicrosoft.com. Object ID (user): 32b87062-b3b0-44af-973a-d8454515e1ba
2026-02-02 10:28:19,121:azure.identity.aio._credentials.chained:INFO:DefaultAzureCredential acquired a token from SharedTokenCacheCredential
2026-02-02 10:28:19,597:voicelive_agent:INFO:Pre-warmed connection created in 3.40s
2026-02-02 10:28:24,616:voicelive_agent:DEBUG:Creating new warm connection...
2026-02-02 10:28:24,618:azure.ai.voicelive.aio._patch:DEBUG:Connecting to wss://ai-vla-py-2576.cognitiveservices.azure.com/voice-live/realtime?api-version=2025-10-01&model=gpt-realtime
2026-02-02 10:28:24,621:azure.identity.aio._internal.decorators:INFO:SharedTokenCacheCredential.get_token succeeded
2026-02-02 10:28:24,624:azure.identity.aio._internal.decorators:DEBUG:[Authenticated account] Client ID: 04b07795-8ddb-461a-bbee-02f9e1bf7b46. Tenant ID: 2509ae39-0407-4844-88a7-a73105a3c575. User Principal Name: admin@MngEnvMCAP945557.onmicrosoft.com. Object ID (user): 32b87062-b3b0-44af-973a-d8454515e1ba
2026-02-02 10:28:24,625:azure.identity.aio._credentials.default:INFO:DefaultAzureCredential acquired a token from SharedTokenCacheCredential
2026-02-02 10:28:25,354:voicelive_agent:INFO:Pre-warmed connection created in 0.74s
2026-02-02 10:28:51,445:voicelive_agent:DEBUG:Removed expired warm connection
2026-02-02 10:28:51,446:voicelive_agent:DEBUG:Creating new warm connection...
2026-02-02 10:28:51,446:azure.ai.voicelive.aio._patch:DEBUG:Connecting to wss://ai-vla-py-2576.cognitiveservices.azure.com/voice-live/realtime?api-version=2025-10-01&model=gpt-realtime
2026-02-02 10:28:51,447:azure.identity.aio._internal.decorators:INFO:SharedTokenCacheCredential.get_token succeeded
2026-02-02 10:28:51,448:azure.identity.aio._internal.decorators:DEBUG:[Authenticated account] Client ID: 04b07795-8ddb-461a-bbee-02f9e1bf7b46. Tenant ID: 2509ae39-0407-4844-88a7-a73105a3c575. User Principal Name: admin@MngEnvMCAP945557.onmicrosoft.com. Object ID (user): 32b87062-b3b0-44af-973a-d8454515e1ba
2026-02-02 10:28:51,449:azure.identity.aio._credentials.default:INFO:DefaultAzureCredential acquired a token from SharedTokenCacheCredential
2026-02-02 10:28:51,792:voicelive_agent:INFO:Pre-warmed connection created in 0.35s
2026-02-02 10:28:57,862:voicelive_agent:DEBUG:Removed expired warm connection
2026-02-02 10:28:57,876:voicelive_agent:DEBUG:Creating new warm connection...
2026-02-02 10:28:57,877:azure.ai.voicelive.aio._patch:DEBUG:Connecting to wss://ai-vla-py-2576.cognitiveservices.azure.com/voice-live/realtime?api-version=2025-10-01&model=gpt-realtime
2026-02-02 10:28:57,892:azure.identity.aio._internal.decorators:INFO:SharedTokenCacheCredential.get_token succeeded
2026-02-02 10:28:57,920:azure.identity.aio._internal.decorators:DEBUG:[Authenticated account] Client ID: 04b07795-8ddb-461a-bbee-02f9e1bf7b46. Tenant ID: 2509ae39-0407-4844-88a7-a73105a3c575. User Principal Name: admin@MngEnvMCAP945557.onmicrosoft.com. Object ID (user): 32b87062-b3b0-44af-973a-d8454515e1ba
2026-02-02 10:28:57,945:azure.identity.aio._credentials.default:INFO:DefaultAzureCredential acquired a token from SharedTokenCacheCredential
2026-02-02 10:28:58,964:voicelive_agent:INFO:Pre-warmed connection created in 1.09s
2026-02-02 10:29:03,995:main:INFO:Updated inbound agent instructions: You are Ava, an AI Assistant conducting a customer satisfaction survey. Follow this agenda:
1. Greet...
2026-02-02 10:29:04,005:main:INFO:Updated inbound agent instructions: You are Ava, an AI Assistant conducting a customer satisfaction survey. Follow this agenda:
1. Greet...
2026-02-02 10:29:25,043:voicelive_agent:DEBUG:Removed expired warm connection
2026-02-02 10:29:25,047:voicelive_agent:DEBUG:Creating new warm connection...
2026-02-02 10:29:25,051:azure.ai.voicelive.aio._patch:DEBUG:Connecting to wss://ai-vla-py-2576.cognitiveservices.azure.com/voice-live/realtime?api-version=2025-10-01&model=gpt-realtime
2026-02-02 10:29:25,056:azure.identity.aio._internal.decorators:INFO:SharedTokenCacheCredential.get_token succeeded
2026-02-02 10:29:25,062:azure.identity.aio._internal.decorators:DEBUG:[Authenticated account] Client ID: 04b07795-8ddb-461a-bbee-02f9e1bf7b46. Tenant ID: 2509ae39-0407-4844-88a7-a73105a3c575. User Principal Name: admin@MngEnvMCAP945557.onmicrosoft.com. Object ID (user): 32b87062-b3b0-44af-973a-d8454515e1ba
2026-02-02 10:29:25,067:azure.identity.aio._credentials.default:INFO:DefaultAzureCredential acquired a token from SharedTokenCacheCredential
2026-02-02 10:29:25,414:voicelive_agent:INFO:Pre-warmed connection created in 0.36s
2026-02-02 10:29:31,467:voicelive_agent:DEBUG:Removed expired warm connection
2026-02-02 10:29:31,468:voicelive_agent:DEBUG:Creating new warm connection...
2026-02-02 10:29:31,468:azure.ai.voicelive.aio._patch:DEBUG:Connecting to wss://ai-vla-py-2576.cognitiveservices.azure.com/voice-live/realtime?api-version=2025-10-01&model=gpt-realtime
2026-02-02 10:29:31,470:azure.identity.aio._internal.decorators:INFO:SharedTokenCacheCredential.get_token succeeded
2026-02-02 10:29:31,470:azure.identity.aio._internal.decorators:DEBUG:[Authenticated account] Client ID: 04b07795-8ddb-461a-bbee-02f9e1bf7b46. Tenant ID: 2509ae39-0407-4844-88a7-a73105a3c575. User Principal Name: admin@MngEnvMCAP945557.onmicrosoft.com. Object ID (user): 32b87062-b3b0-44af-973a-d8454515e1ba
2026-02-02 10:29:31,471:azure.identity.aio._credentials.default:INFO:DefaultAzureCredential acquired a token from SharedTokenCacheCredential
2026-02-02 10:29:31,866:voicelive_agent:INFO:Pre-warmed connection created in 0.40s
2026-02-02 10:29:57,963:voicelive_agent:DEBUG:Removed expired warm connection
2026-02-02 10:29:57,963:voicelive_agent:DEBUG:Creating new warm connection...
2026-02-02 10:29:57,963:azure.ai.voicelive.aio._patch:DEBUG:Connecting to wss://ai-vla-py-2576.cognitiveservices.azure.com/voice-live/realtime?api-version=2025-10-01&model=gpt-realtime
2026-02-02 10:29:57,966:azure.identity.aio._internal.decorators:INFO:SharedTokenCacheCredential.get_token succeeded
2026-02-02 10:29:57,966:azure.identity.aio._internal.decorators:DEBUG:[Authenticated account] Client ID: 04b07795-8ddb-461a-bbee-02f9e1bf7b46. Tenant ID: 2509ae39-0407-4844-88a7-a73105a3c575. User Principal Name: admin@MngEnvMCAP945557.onmicrosoft.com. Object ID (user): 32b87062-b3b0-44af-973a-d8454515e1ba
2026-02-02 10:29:57,966:azure.identity.aio._credentials.default:INFO:DefaultAzureCredential acquired a token from SharedTokenCacheCredential
2026-02-02 10:29:58,292:voicelive_agent:INFO:Pre-warmed connection created in 0.33s
2026-02-02 10:30:04,339:voicelive_agent:DEBUG:Removed expired warm connection
2026-02-02 10:30:04,339:voicelive_agent:DEBUG:Creating new warm connection...
2026-02-02 10:30:04,340:azure.ai.voicelive.aio._patch:DEBUG:Connecting to wss://ai-vla-py-2576.cognitiveservices.azure.com/voice-live/realtime?api-version=2025-10-01&model=gpt-realtime
2026-02-02 10:30:04,341:azure.identity.aio._internal.decorators:INFO:SharedTokenCacheCredential.get_token succeeded
2026-02-02 10:30:04,341:azure.identity.aio._internal.decorators:DEBUG:[Authenticated account] Client ID: 04b07795-8ddb-461a-bbee-02f9e1bf7b46. Tenant ID: 2509ae39-0407-4844-88a7-a73105a3c575. User Principal Name: admin@MngEnvMCAP945557.onmicrosoft.com. Object ID (user): 32b87062-b3b0-44af-973a-d8454515e1ba
2026-02-02 10:30:04,342:azure.identity.aio._credentials.default:INFO:DefaultAzureCredential acquired a token from SharedTokenCacheCredential
2026-02-02 10:30:04,766:voicelive_agent:INFO:Pre-warmed connection created in 0.43s
2026-02-02 10:30:30,884:voicelive_agent:DEBUG:Removed expired warm connection
2026-02-02 10:30:30,885:voicelive_agent:DEBUG:Creating new warm connection...
2026-02-02 10:30:30,886:azure.ai.voicelive.aio._patch:DEBUG:Connecting to wss://ai-vla-py-2576.cognitiveservices.azure.com/voice-live/realtime?api-version=2025-10-01&model=gpt-realtime
2026-02-02 10:30:30,887:azure.identity.aio._internal.decorators:INFO:SharedTokenCacheCredential.get_token succeeded
2026-02-02 10:30:30,888:azure.identity.aio._internal.decorators:DEBUG:[Authenticated account] Client ID: 04b07795-8ddb-461a-bbee-02f9e1bf7b46. Tenant ID: 2509ae39-0407-4844-88a7-a73105a3c575. User Principal Name: admin@MngEnvMCAP945557.onmicrosoft.com. Object ID (user): 32b87062-b3b0-44af-973a-d8454515e1ba
2026-02-02 10:30:30,888:azure.identity.aio._credentials.default:INFO:DefaultAzureCredential acquired a token from SharedTokenCacheCredential
2026-02-02 10:30:31,236:voicelive_agent:INFO:Pre-warmed connection created in 0.35s
2026-02-02 10:30:37,292:voicelive_agent:DEBUG:Removed expired warm connection
2026-02-02 10:30:37,305:voicelive_agent:DEBUG:Creating new warm connection...
2026-02-02 10:30:37,313:azure.ai.voicelive.aio._patch:DEBUG:Connecting to wss://ai-vla-py-2576.cognitiveservices.azure.com/voice-live/realtime?api-version=2025-10-01&model=gpt-realtime
2026-02-02 10:30:37,320:azure.identity.aio._internal.decorators:INFO:SharedTokenCacheCredential.get_token succeeded
2026-02-02 10:30:37,333:azure.identity.aio._internal.decorators:DEBUG:[Authenticated account] Client ID: 04b07795-8ddb-461a-bbee-02f9e1bf7b46. Tenant ID: 2509ae39-0407-4844-88a7-a73105a3c575. User Principal Name: admin@MngEnvMCAP945557.onmicrosoft.com. Object ID (user): 32b87062-b3b0-44af-973a-d8454515e1ba
2026-02-02 10:30:37,341:azure.identity.aio._credentials.default:INFO:DefaultAzureCredential acquired a token from SharedTokenCacheCredential
2026-02-02 10:30:37,766:voicelive_agent:INFO:Pre-warmed connection created in 0.45s
2026-02-02 10:31:03,831:voicelive_agent:DEBUG:Removed expired warm connection
2026-02-02 10:31:03,832:voicelive_agent:DEBUG:Creating new warm connection...
2026-02-02 10:31:03,832:azure.ai.voicelive.aio._patch:DEBUG:Connecting to wss://ai-vla-py-2576.cognitiveservices.azure.com/voice-live/realtime?api-version=2025-10-01&model=gpt-realtime
2026-02-02 10:31:03,833:azure.identity.aio._internal.decorators:INFO:SharedTokenCacheCredential.get_token succeeded
2026-02-02 10:31:03,834:azure.identity.aio._internal.decorators:DEBUG:[Authenticated account] Client ID: 04b07795-8ddb-461a-bbee-02f9e1bf7b46. Tenant ID: 2509ae39-0407-4844-88a7-a73105a3c575. User Principal Name: admin@MngEnvMCAP945557.onmicrosoft.com. Object ID (user): 32b87062-b3b0-44af-973a-d8454515e1ba
2026-02-02 10:31:03,834:azure.identity.aio._credentials.default:INFO:DefaultAzureCredential acquired a token from SharedTokenCacheCredential
2026-02-02 10:31:04,228:voicelive_agent:INFO:Pre-warmed connection created in 0.40s
2026-02-02 10:31:10,266:voicelive_agent:DEBUG:Removed expired warm connection
2026-02-02 10:31:10,266:voicelive_agent:DEBUG:Creating new warm connection...
2026-02-02 10:31:10,267:azure.ai.voicelive.aio._patch:DEBUG:Connecting to wss://ai-vla-py-2576.cognitiveservices.azure.com/voice-live/realtime?api-version=2025-10-01&model=gpt-realtime
2026-02-02 10:31:10,269:azure.identity.aio._internal.decorators:INFO:SharedTokenCacheCredential.get_token succeeded
2026-02-02 10:31:10,270:azure.identity.aio._internal.decorators:DEBUG:[Authenticated account] Client ID: 04b07795-8ddb-461a-bbee-02f9e1bf7b46. Tenant ID: 2509ae39-0407-4844-88a7-a73105a3c575. User Principal Name: admin@MngEnvMCAP945557.onmicrosoft.com. Object ID (user): 32b87062-b3b0-44af-973a-d8454515e1ba
2026-02-02 10:31:10,270:azure.identity.aio._credentials.default:INFO:DefaultAzureCredential acquired a token from SharedTokenCacheCredential
2026-02-02 10:31:11,120:voicelive_agent:INFO:Pre-warmed connection created in 0.85s
2026-02-02 10:31:37,201:voicelive_agent:DEBUG:Removed expired warm connection
2026-02-02 10:31:37,207:voicelive_agent:DEBUG:Creating new warm connection...
2026-02-02 10:31:37,213:azure.ai.voicelive.aio._patch:DEBUG:Connecting to wss://ai-vla-py-2576.cognitiveservices.azure.com/voice-live/realtime?api-version=2025-10-01&model=gpt-realtime
2026-02-02 10:31:37,221:azure.identity.aio._internal.decorators:INFO:SharedTokenCacheCredential.get_token succeeded
2026-02-02 10:31:37,230:azure.identity.aio._internal.decorators:DEBUG:[Authenticated account] Client ID: 04b07795-8ddb-461a-bbee-02f9e1bf7b46. Tenant ID: 2509ae39-0407-4844-88a7-a73105a3c575. User Principal Name: admin@MngEnvMCAP945557.onmicrosoft.com. Object ID (user): 32b87062-b3b0-44af-973a-d8454515e1ba
2026-02-02 10:31:37,244:azure.identity.aio._credentials.default:INFO:DefaultAzureCredential acquired a token from SharedTokenCacheCredential
2026-02-02 10:31:37,926:voicelive_agent:INFO:Pre-warmed connection created in 0.71s
2026-02-02 10:31:43,982:voicelive_agent:DEBUG:Removed expired warm connection
2026-02-02 10:31:43,982:voicelive_agent:DEBUG:Creating new warm connection...
2026-02-02 10:31:43,983:azure.ai.voicelive.aio._patch:DEBUG:Connecting to wss://ai-vla-py-2576.cognitiveservices.azure.com/voice-live/realtime?api-version=2025-10-01&model=gpt-realtime
2026-02-02 10:31:43,984:azure.identity.aio._internal.decorators:INFO:SharedTokenCacheCredential.get_token succeeded
2026-02-02 10:31:43,985:azure.identity.aio._internal.decorators:DEBUG:[Authenticated account] Client ID: 04b07795-8ddb-461a-bbee-02f9e1bf7b46. Tenant ID: 2509ae39-0407-4844-88a7-a73105a3c575. User Principal Name: admin@MngEnvMCAP945557.onmicrosoft.com. Object ID (user): 32b87062-b3b0-44af-973a-d8454515e1ba
2026-02-02 10:31:43,985:azure.identity.aio._credentials.default:INFO:DefaultAzureCredential acquired a token from SharedTokenCacheCredential
2026-02-02 10:31:44,528:voicelive_agent:INFO:Pre-warmed connection created in 0.55s
2026-02-02 10:32:10,595:voicelive_agent:DEBUG:Removed expired warm connection
2026-02-02 10:32:10,596:voicelive_agent:DEBUG:Creating new warm connection...
2026-02-02 10:32:10,596:azure.ai.voicelive.aio._patch:DEBUG:Connecting to wss://ai-vla-py-2576.cognitiveservices.azure.com/voice-live/realtime?api-version=2025-10-01&model=gpt-realtime
2026-02-02 10:32:10,597:azure.identity.aio._internal.decorators:INFO:SharedTokenCacheCredential.get_token succeeded
2026-02-02 10:32:10,598:azure.identity.aio._internal.decorators:DEBUG:[Authenticated account] Client ID: 04b07795-8ddb-461a-bbee-02f9e1bf7b46. Tenant ID: 2509ae39-0407-4844-88a7-a73105a3c575. User Principal Name: admin@MngEnvMCAP945557.onmicrosoft.com. Object ID (user): 32b87062-b3b0-44af-973a-d8454515e1ba
2026-02-02 10:32:10,598:azure.identity.aio._credentials.default:INFO:DefaultAzureCredential acquired a token from SharedTokenCacheCredential
2026-02-02 10:32:12,318:voicelive_agent:INFO:Pre-warmed connection created in 1.72s
2026-02-02 10:32:18,362:voicelive_agent:DEBUG:Removed expired warm connection
2026-02-02 10:32:18,364:voicelive_agent:DEBUG:Creating new warm connection...
2026-02-02 10:32:18,365:azure.ai.voicelive.aio._patch:DEBUG:Connecting to wss://ai-vla-py-2576.cognitiveservices.azure.com/voice-live/realtime?api-version=2025-10-01&model=gpt-realtime
2026-02-02 10:32:18,366:azure.identity.aio._internal.decorators:INFO:SharedTokenCacheCredential.get_token succeeded
2026-02-02 10:32:18,367:azure.identity.aio._internal.decorators:DEBUG:[Authenticated account] Client ID: 04b07795-8ddb-461a-bbee-02f9e1bf7b46. Tenant ID: 2509ae39-0407-4844-88a7-a73105a3c575. User Principal Name: admin@MngEnvMCAP945557.onmicrosoft.com. Object ID (user): 32b87062-b3b0-44af-973a-d8454515e1ba
2026-02-02 10:32:18,368:azure.identity.aio._credentials.default:INFO:DefaultAzureCredential acquired a token from SharedTokenCacheCredential
2026-02-02 10:32:19,080:voicelive_agent:INFO:Pre-warmed connection created in 0.72s
2026-02-02 10:32:45,183:voicelive_agent:DEBUG:Removed expired warm connection
2026-02-02 10:32:45,190:voicelive_agent:DEBUG:Creating new warm connection...
2026-02-02 10:32:45,198:azure.ai.voicelive.aio._patch:DEBUG:Connecting to wss://ai-vla-py-2576.cognitiveservices.azure.com/voice-live/realtime?api-version=2025-10-01&model=gpt-realtime
2026-02-02 10:32:45,204:azure.identity.aio._internal.decorators:INFO:SharedTokenCacheCredential.get_token succeeded
2026-02-02 10:32:45,217:azure.identity.aio._internal.decorators:DEBUG:[Authenticated account] Client ID: 04b07795-8ddb-461a-bbee-02f9e1bf7b46. Tenant ID: 2509ae39-0407-4844-88a7-a73105a3c575. User Principal Name: admin@MngEnvMCAP945557.onmicrosoft.com. Object ID (user): 32b87062-b3b0-44af-973a-d8454515e1ba
2026-02-02 10:32:45,238:azure.identity.aio._credentials.default:INFO:DefaultAzureCredential acquired a token from SharedTokenCacheCredential
2026-02-02 10:32:45,967:voicelive_agent:INFO:Pre-warmed connection created in 0.77s
2026-02-02 10:32:52,025:voicelive_agent:DEBUG:Removed expired warm connection
2026-02-02 10:32:52,026:voicelive_agent:DEBUG:Creating new warm connection...
2026-02-02 10:32:52,027:azure.ai.voicelive.aio._patch:DEBUG:Connecting to wss://ai-vla-py-2576.cognitiveservices.azure.com/voice-live/realtime?api-version=2025-10-01&model=gpt-realtime
2026-02-02 10:32:52,028:azure.identity.aio._internal.decorators:INFO:SharedTokenCacheCredential.get_token succeeded
2026-02-02 10:32:52,029:azure.identity.aio._internal.decorators:DEBUG:[Authenticated account] Client ID: 04b07795-8ddb-461a-bbee-02f9e1bf7b46. Tenant ID: 2509ae39-0407-4844-88a7-a73105a3c575. User Principal Name: admin@MngEnvMCAP945557.onmicrosoft.com. Object ID (user): 32b87062-b3b0-44af-973a-d8454515e1ba
2026-02-02 10:32:52,029:azure.identity.aio._credentials.default:INFO:DefaultAzureCredential acquired a token from SharedTokenCacheCredential
2026-02-02 10:32:52,550:voicelive_agent:INFO:Pre-warmed connection created in 0.52s
2026-02-02 10:33:18,679:voicelive_agent:DEBUG:Removed expired warm connection
2026-02-02 10:33:18,680:voicelive_agent:DEBUG:Creating new warm connection...
2026-02-02 10:33:18,682:azure.ai.voicelive.aio._patch:DEBUG:Connecting to wss://ai-vla-py-2576.cognitiveservices.azure.com/voice-live/realtime?api-version=2025-10-01&model=gpt-realtime
2026-02-02 10:33:18,684:azure.identity.aio._internal.decorators:INFO:SharedTokenCacheCredential.get_token succeeded
2026-02-02 10:33:18,685:azure.identity.aio._internal.decorators:DEBUG:[Authenticated account] Client ID: 04b07795-8ddb-461a-bbee-02f9e1bf7b46. Tenant ID: 2509ae39-0407-4844-88a7-a73105a3c575. User Principal Name: admin@MngEnvMCAP945557.onmicrosoft.com. Object ID (user): 32b87062-b3b0-44af-973a-d8454515e1ba
2026-02-02 10:33:18,692:azure.identity.aio._credentials.default:INFO:DefaultAzureCredential acquired a token from SharedTokenCacheCredential
2026-02-02 10:33:19,431:voicelive_agent:INFO:Pre-warmed connection created in 0.75s
2026-02-02 10:33:25,492:voicelive_agent:DEBUG:Removed expired warm connection
2026-02-02 10:33:25,494:voicelive_agent:DEBUG:Creating new warm connection...
2026-02-02 10:33:25,495:azure.ai.voicelive.aio._patch:DEBUG:Connecting to wss://ai-vla-py-2576.cognitiveservices.azure.com/voice-live/realtime?api-version=2025-10-01&model=gpt-realtime
2026-02-02 10:33:25,497:azure.identity.aio._internal.decorators:INFO:SharedTokenCacheCredential.get_token succeeded
2026-02-02 10:33:25,498:azure.identity.aio._internal.decorators:DEBUG:[Authenticated account] Client ID: 04b07795-8ddb-461a-bbee-02f9e1bf7b46. Tenant ID: 2509ae39-0407-4844-88a7-a73105a3c575. User Principal Name: admin@MngEnvMCAP945557.onmicrosoft.com. Object ID (user): 32b87062-b3b0-44af-973a-d8454515e1ba
2026-02-02 10:33:25,498:azure.identity.aio._credentials.default:INFO:DefaultAzureCredential acquired a token from SharedTokenCacheCredential
2026-02-02 10:33:26,100:voicelive_agent:INFO:Pre-warmed connection created in 0.60s
2026-02-02 10:33:52,184:voicelive_agent:DEBUG:Removed expired warm connection
2026-02-02 10:33:52,185:voicelive_agent:DEBUG:Creating new warm connection...
2026-02-02 10:33:52,186:azure.ai.voicelive.aio._patch:DEBUG:Connecting to wss://ai-vla-py-2576.cognitiveservices.azure.com/voice-live/realtime?api-version=2025-10-01&model=gpt-realtime
2026-02-02 10:33:52,187:azure.identity.aio._internal.decorators:INFO:SharedTokenCacheCredential.get_token succeeded
2026-02-02 10:33:52,188:azure.identity.aio._internal.decorators:DEBUG:[Authenticated account] Client ID: 04b07795-8ddb-461a-bbee-02f9e1bf7b46. Tenant ID: 2509ae39-0407-4844-88a7-a73105a3c575. User Principal Name: admin@MngEnvMCAP945557.onmicrosoft.com. Object ID (user): 32b87062-b3b0-44af-973a-d8454515e1ba
2026-02-02 10:33:52,189:azure.identity.aio._credentials.default:INFO:DefaultAzureCredential acquired a token from SharedTokenCacheCredential
2026-02-02 10:33:53,249:voicelive_agent:INFO:Pre-warmed connection created in 1.06s
2026-02-02 10:33:59,301:voicelive_agent:DEBUG:Removed expired warm connection
2026-02-02 10:33:59,301:voicelive_agent:DEBUG:Creating new warm connection...
2026-02-02 10:33:59,302:azure.ai.voicelive.aio._patch:DEBUG:Connecting to wss://ai-vla-py-2576.cognitiveservices.azure.com/voice-live/realtime?api-version=2025-10-01&model=gpt-realtime
2026-02-02 10:33:59,303:azure.identity.aio._internal.decorators:INFO:SharedTokenCacheCredential.get_token succeeded
2026-02-02 10:33:59,303:azure.identity.aio._internal.decorators:DEBUG:[Authenticated account] Client ID: 04b07795-8ddb-461a-bbee-02f9e1bf7b46. Tenant ID: 2509ae39-0407-4844-88a7-a73105a3c575. User Principal Name: admin@MngEnvMCAP945557.onmicrosoft.com. Object ID (user): 32b87062-b3b0-44af-973a-d8454515e1ba
2026-02-02 10:33:59,304:azure.identity.aio._credentials.default:INFO:DefaultAzureCredential acquired a token from SharedTokenCacheCredential
2026-02-02 10:33:59,888:voicelive_agent:INFO:Pre-warmed connection created in 0.59s
2026-02-02 10:34:25,966:voicelive_agent:DEBUG:Removed expired warm connection
2026-02-02 10:34:25,967:voicelive_agent:DEBUG:Creating new warm connection...
2026-02-02 10:34:25,967:azure.ai.voicelive.aio._patch:DEBUG:Connecting to wss://ai-vla-py-2576.cognitiveservices.azure.com/voice-live/realtime?api-version=2025-10-01&model=gpt-realtime
2026-02-02 10:34:25,968:azure.identity.aio._internal.decorators:INFO:SharedTokenCacheCredential.get_token succeeded
2026-02-02 10:34:25,969:azure.identity.aio._internal.decorators:DEBUG:[Authenticated account] Client ID: 04b07795-8ddb-461a-bbee-02f9e1bf7b46. Tenant ID: 2509ae39-0407-4844-88a7-a73105a3c575. User Principal Name: admin@MngEnvMCAP945557.onmicrosoft.com. Object ID (user): 32b87062-b3b0-44af-973a-d8454515e1ba
2026-02-02 10:34:25,969:azure.identity.aio._credentials.default:INFO:DefaultAzureCredential acquired a token from SharedTokenCacheCredential
2026-02-02 10:34:26,675:voicelive_agent:INFO:Pre-warmed connection created in 0.71s
2026-02-02 10:34:32,716:voicelive_agent:DEBUG:Removed expired warm connection
2026-02-02 10:34:32,717:voicelive_agent:DEBUG:Creating new warm connection...
2026-02-02 10:34:32,718:azure.ai.voicelive.aio._patch:DEBUG:Connecting to wss://ai-vla-py-2576.cognitiveservices.azure.com/voice-live/realtime?api-version=2025-10-01&model=gpt-realtime
2026-02-02 10:34:32,719:azure.identity.aio._internal.decorators:INFO:SharedTokenCacheCredential.get_token succeeded
2026-02-02 10:34:32,720:azure.identity.aio._internal.decorators:DEBUG:[Authenticated account] Client ID: 04b07795-8ddb-461a-bbee-02f9e1bf7b46. Tenant ID: 2509ae39-0407-4844-88a7-a73105a3c575. User Principal Name: admin@MngEnvMCAP945557.onmicrosoft.com. Object ID (user): 32b87062-b3b0-44af-973a-d8454515e1ba
2026-02-02 10:34:32,720:azure.identity.aio._credentials.default:INFO:DefaultAzureCredential acquired a token from SharedTokenCacheCredential
2026-02-02 10:34:33,371:voicelive_agent:INFO:Pre-warmed connection created in 0.65s
2026-02-02 10:34:59,429:voicelive_agent:DEBUG:Removed expired warm connection
2026-02-02 10:34:59,429:voicelive_agent:DEBUG:Creating new warm connection...
2026-02-02 10:34:59,430:azure.ai.voicelive.aio._patch:DEBUG:Connecting to wss://ai-vla-py-2576.cognitiveservices.azure.com/voice-live/realtime?api-version=2025-10-01&model=gpt-realtime
2026-02-02 10:34:59,431:azure.identity.aio._internal.decorators:INFO:SharedTokenCacheCredential.get_token succeeded
2026-02-02 10:34:59,431:azure.identity.aio._internal.decorators:DEBUG:[Authenticated account] Client ID: 04b07795-8ddb-461a-bbee-02f9e1bf7b46. Tenant ID: 2509ae39-0407-4844-88a7-a73105a3c575. User Principal Name: admin@MngEnvMCAP945557.onmicrosoft.com. Object ID (user): 32b87062-b3b0-44af-973a-d8454515e1ba
2026-02-02 10:34:59,432:azure.identity.aio._credentials.default:INFO:DefaultAzureCredential acquired a token from SharedTokenCacheCredential
2026-02-02 10:35:00,369:voicelive_agent:INFO:Pre-warmed connection created in 0.94s
2026-02-02 10:35:06,420:voicelive_agent:DEBUG:Removed expired warm connection
2026-02-02 10:35:06,423:voicelive_agent:DEBUG:Creating new warm connection...
2026-02-02 10:35:06,427:azure.ai.voicelive.aio._patch:DEBUG:Connecting to wss://ai-vla-py-2576.cognitiveservices.azure.com/voice-live/realtime?api-version=2025-10-01&model=gpt-realtime
2026-02-02 10:35:06,430:azure.identity.aio._internal.decorators:INFO:SharedTokenCacheCredential.get_token succeeded
2026-02-02 10:35:06,433:azure.identity.aio._internal.decorators:DEBUG:[Authenticated account] Client ID: 04b07795-8ddb-461a-bbee-02f9e1bf7b46. Tenant ID: 2509ae39-0407-4844-88a7-a73105a3c575. User Principal Name: admin@MngEnvMCAP945557.onmicrosoft.com. Object ID (user): 32b87062-b3b0-44af-973a-d8454515e1ba
2026-02-02 10:35:06,436:azure.identity.aio._credentials.default:INFO:DefaultAzureCredential acquired a token from SharedTokenCacheCredential
2026-02-02 10:35:07,079:voicelive_agent:INFO:Pre-warmed connection created in 0.65s
2026-02-02 10:35:33,179:voicelive_agent:DEBUG:Removed expired warm connection
2026-02-02 10:35:33,181:voicelive_agent:DEBUG:Creating new warm connection...
2026-02-02 10:35:33,182:azure.ai.voicelive.aio._patch:DEBUG:Connecting to wss://ai-vla-py-2576.cognitiveservices.azure.com/voice-live/realtime?api-version=2025-10-01&model=gpt-realtime
2026-02-02 10:35:33,188:azure.identity.aio._internal.decorators:INFO:SharedTokenCacheCredential.get_token succeeded
2026-02-02 10:35:33,190:azure.identity.aio._internal.decorators:DEBUG:[Authenticated account] Client ID: 04b07795-8ddb-461a-bbee-02f9e1bf7b46. Tenant ID: 2509ae39-0407-4844-88a7-a73105a3c575. User Principal Name: admin@MngEnvMCAP945557.onmicrosoft.com. Object ID (user): 32b87062-b3b0-44af-973a-d8454515e1ba
2026-02-02 10:35:33,194:azure.identity.aio._credentials.default:INFO:DefaultAzureCredential acquired a token from SharedTokenCacheCredential
2026-02-02 10:35:33,932:voicelive_agent:INFO:Pre-warmed connection created in 0.75s
2026-02-02 10:35:39,973:voicelive_agent:DEBUG:Removed expired warm connection
2026-02-02 10:35:39,974:voicelive_agent:DEBUG:Creating new warm connection...
2026-02-02 10:35:39,975:azure.ai.voicelive.aio._patch:DEBUG:Connecting to wss://ai-vla-py-2576.cognitiveservices.azure.com/voice-live/realtime?api-version=2025-10-01&model=gpt-realtime
2026-02-02 10:35:39,977:azure.identity.aio._internal.decorators:INFO:SharedTokenCacheCredential.get_token succeeded
2026-02-02 10:35:39,978:azure.identity.aio._internal.decorators:DEBUG:[Authenticated account] Client ID: 04b07795-8ddb-461a-bbee-02f9e1bf7b46. Tenant ID: 2509ae39-0407-4844-88a7-a73105a3c575. User Principal Name: admin@MngEnvMCAP945557.onmicrosoft.com. Object ID (user): 32b87062-b3b0-44af-973a-d8454515e1ba
2026-02-02 10:35:39,978:azure.identity.aio._credentials.default:INFO:DefaultAzureCredential acquired a token from SharedTokenCacheCredential
2026-02-02 10:35:40,641:voicelive_agent:INFO:Pre-warmed connection created in 0.67s
2026-02-02 10:36:06,708:voicelive_agent:DEBUG:Removed expired warm connection
2026-02-02 10:36:06,713:voicelive_agent:DEBUG:Creating new warm connection...
2026-02-02 10:36:06,719:azure.ai.voicelive.aio._patch:DEBUG:Connecting to wss://ai-vla-py-2576.cognitiveservices.azure.com/voice-live/realtime?api-version=2025-10-01&model=gpt-realtime
2026-02-02 10:36:06,727:azure.identity.aio._internal.decorators:INFO:SharedTokenCacheCredential.get_token succeeded
2026-02-02 10:36:06,743:azure.identity.aio._internal.decorators:DEBUG:[Authenticated account] Client ID: 04b07795-8ddb-461a-bbee-02f9e1bf7b46. Tenant ID: 2509ae39-0407-4844-88a7-a73105a3c575. User Principal Name: admin@MngEnvMCAP945557.onmicrosoft.com. Object ID (user): 32b87062-b3b0-44af-973a-d8454515e1ba
2026-02-02 10:36:06,759:azure.identity.aio._credentials.default:INFO:DefaultAzureCredential acquired a token from SharedTokenCacheCredential
2026-02-02 10:36:07,914:voicelive_agent:INFO:Pre-warmed connection created in 1.20s
2026-02-02 10:36:13,966:voicelive_agent:DEBUG:Removed expired warm connection
2026-02-02 10:36:13,966:voicelive_agent:DEBUG:Creating new warm connection...
2026-02-02 10:36:13,967:azure.ai.voicelive.aio._patch:DEBUG:Connecting to wss://ai-vla-py-2576.cognitiveservices.azure.com/voice-live/realtime?api-version=2025-10-01&model=gpt-realtime
2026-02-02 10:36:13,968:azure.identity.aio._internal.decorators:INFO:SharedTokenCacheCredential.get_token succeeded
2026-02-02 10:36:13,969:azure.identity.aio._internal.decorators:DEBUG:[Authenticated account] Client ID: 04b07795-8ddb-461a-bbee-02f9e1bf7b46. Tenant ID: 2509ae39-0407-4844-88a7-a73105a3c575. User Principal Name: admin@MngEnvMCAP945557.onmicrosoft.com. Object ID (user): 32b87062-b3b0-44af-973a-d8454515e1ba
2026-02-02 10:36:13,969:azure.identity.aio._credentials.default:INFO:DefaultAzureCredential acquired a token from SharedTokenCacheCredential
2026-02-02 10:36:14,309:voicelive_agent:INFO:Pre-warmed connection created in 0.34s
2026-02-02 10:36:40,404:voicelive_agent:DEBUG:Removed expired warm connection
2026-02-02 10:36:40,405:voicelive_agent:DEBUG:Creating new warm connection...
2026-02-02 10:36:40,405:azure.ai.voicelive.aio._patch:DEBUG:Connecting to wss://ai-vla-py-2576.cognitiveservices.azure.com/voice-live/realtime?api-version=2025-10-01&model=gpt-realtime
2026-02-02 10:36:40,406:azure.identity.aio._internal.decorators:INFO:SharedTokenCacheCredential.get_token succeeded
2026-02-02 10:36:40,407:azure.identity.aio._internal.decorators:DEBUG:[Authenticated account] Client ID: 04b07795-8ddb-461a-bbee-02f9e1bf7b46. Tenant ID: 2509ae39-0407-4844-88a7-a73105a3c575. User Principal Name: admin@MngEnvMCAP945557.onmicrosoft.com. Object ID (user): 32b87062-b3b0-44af-973a-d8454515e1ba
2026-02-02 10:36:40,407:azure.identity.aio._credentials.default:INFO:DefaultAzureCredential acquired a token from SharedTokenCacheCredential
2026-02-02 10:36:40,866:voicelive_agent:INFO:Pre-warmed connection created in 0.46s
2026-02-02 10:36:46,920:voicelive_agent:DEBUG:Removed expired warm connection
2026-02-02 10:36:46,926:voicelive_agent:DEBUG:Creating new warm connection...
2026-02-02 10:36:46,932:azure.ai.voicelive.aio._patch:DEBUG:Connecting to wss://ai-vla-py-2576.cognitiveservices.azure.com/voice-live/realtime?api-version=2025-10-01&model=gpt-realtime
2026-02-02 10:36:46,939:azure.identity.aio._internal.decorators:INFO:SharedTokenCacheCredential.get_token succeeded
2026-02-02 10:36:46,951:azure.identity.aio._internal.decorators:DEBUG:[Authenticated account] Client ID: 04b07795-8ddb-461a-bbee-02f9e1bf7b46. Tenant ID: 2509ae39-0407-4844-88a7-a73105a3c575. User Principal Name: admin@MngEnvMCAP945557.onmicrosoft.com. Object ID (user): 32b87062-b3b0-44af-973a-d8454515e1ba
2026-02-02 10:36:46,961:azure.identity.aio._credentials.default:INFO:DefaultAzureCredential acquired a token from SharedTokenCacheCredential
2026-02-02 10:36:47,387:voicelive_agent:INFO:Pre-warmed connection created in 0.45s
2026-02-02 10:37:13,462:voicelive_agent:DEBUG:Removed expired warm connection
2026-02-02 10:37:13,463:voicelive_agent:DEBUG:Creating new warm connection...
2026-02-02 10:37:13,465:azure.ai.voicelive.aio._patch:DEBUG:Connecting to wss://ai-vla-py-2576.cognitiveservices.azure.com/voice-live/realtime?api-version=2025-10-01&model=gpt-realtime
2026-02-02 10:37:13,467:azure.identity.aio._internal.decorators:INFO:SharedTokenCacheCredential.get_token succeeded
2026-02-02 10:37:13,468:azure.identity.aio._internal.decorators:DEBUG:[Authenticated account] Client ID: 04b07795-8ddb-461a-bbee-02f9e1bf7b46. Tenant ID: 2509ae39-0407-4844-88a7-a73105a3c575. User Principal Name: admin@MngEnvMCAP945557.onmicrosoft.com. Object ID (user): 32b87062-b3b0-44af-973a-d8454515e1ba
2026-02-02 10:37:13,469:azure.identity.aio._credentials.default:INFO:DefaultAzureCredential acquired a token from SharedTokenCacheCredential
2026-02-02 10:37:13,952:voicelive_agent:INFO:Pre-warmed connection created in 0.49s
2026-02-02 10:37:19,994:voicelive_agent:DEBUG:Removed expired warm connection
2026-02-02 10:37:19,995:voicelive_agent:DEBUG:Creating new warm connection...
2026-02-02 10:37:19,997:azure.ai.voicelive.aio._patch:DEBUG:Connecting to wss://ai-vla-py-2576.cognitiveservices.azure.com/voice-live/realtime?api-version=2025-10-01&model=gpt-realtime
2026-02-02 10:37:19,998:azure.identity.aio._internal.decorators:INFO:SharedTokenCacheCredential.get_token succeeded
2026-02-02 10:37:19,999:azure.identity.aio._internal.decorators:DEBUG:[Authenticated account] Client ID: 04b07795-8ddb-461a-bbee-02f9e1bf7b46. Tenant ID: 2509ae39-0407-4844-88a7-a73105a3c575. User Principal Name: admin@MngEnvMCAP945557.onmicrosoft.com. Object ID (user): 32b87062-b3b0-44af-973a-d8454515e1ba
2026-02-02 10:37:19,999:azure.identity.aio._credentials.default:INFO:DefaultAzureCredential acquired a token from SharedTokenCacheCredential
2026-02-02 10:37:20,322:voicelive_agent:INFO:Pre-warmed connection created in 0.33s
2026-02-02 10:37:46,420:voicelive_agent:DEBUG:Removed expired warm connection
2026-02-02 10:37:46,428:voicelive_agent:DEBUG:Creating new warm connection...
2026-02-02 10:37:46,435:azure.ai.voicelive.aio._patch:DEBUG:Connecting to wss://ai-vla-py-2576.cognitiveservices.azure.com/voice-live/realtime?api-version=2025-10-01&model=gpt-realtime
2026-02-02 10:37:46,440:azure.identity.aio._internal.decorators:INFO:SharedTokenCacheCredential.get_token succeeded
2026-02-02 10:37:46,446:azure.identity.aio._internal.decorators:DEBUG:[Authenticated account] Client ID: 04b07795-8ddb-461a-bbee-02f9e1bf7b46. Tenant ID: 2509ae39-0407-4844-88a7-a73105a3c575. User Principal Name: admin@MngEnvMCAP945557.onmicrosoft.com. Object ID (user): 32b87062-b3b0-44af-973a-d8454515e1ba
2026-02-02 10:37:46,460:azure.identity.aio._credentials.default:INFO:DefaultAzureCredential acquired a token from SharedTokenCacheCredential
2026-02-02 10:37:46,931:voicelive_agent:INFO:Pre-warmed connection created in 0.50s
2026-02-02 10:37:52,980:voicelive_agent:DEBUG:Removed expired warm connection
2026-02-02 10:37:52,981:voicelive_agent:DEBUG:Creating new warm connection...
2026-02-02 10:37:52,981:azure.ai.voicelive.aio._patch:DEBUG:Connecting to wss://ai-vla-py-2576.cognitiveservices.azure.com/voice-live/realtime?api-version=2025-10-01&model=gpt-realtime
2026-02-02 10:37:52,983:azure.identity.aio._internal.decorators:INFO:SharedTokenCacheCredential.get_token succeeded
2026-02-02 10:37:52,983:azure.identity.aio._internal.decorators:DEBUG:[Authenticated account] Client ID: 04b07795-8ddb-461a-bbee-02f9e1bf7b46. Tenant ID: 2509ae39-0407-4844-88a7-a73105a3c575. User Principal Name: admin@MngEnvMCAP945557.onmicrosoft.com. Object ID (user): 32b87062-b3b0-44af-973a-d8454515e1ba
2026-02-02 10:37:52,984:azure.identity.aio._credentials.default:INFO:DefaultAzureCredential acquired a token from SharedTokenCacheCredential
2026-02-02 10:37:53,379:voicelive_agent:INFO:Pre-warmed connection created in 0.40s
2026-02-02 10:38:19,436:voicelive_agent:DEBUG:Removed expired warm connection
2026-02-02 10:38:19,436:voicelive_agent:DEBUG:Creating new warm connection...
2026-02-02 10:38:19,437:azure.ai.voicelive.aio._patch:DEBUG:Connecting to wss://ai-vla-py-2576.cognitiveservices.azure.com/voice-live/realtime?api-version=2025-10-01&model=gpt-realtime
2026-02-02 10:38:19,438:azure.identity.aio._internal.decorators:INFO:SharedTokenCacheCredential.get_token succeeded
2026-02-02 10:38:19,438:azure.identity.aio._internal.decorators:DEBUG:[Authenticated account] Client ID: 04b07795-8ddb-461a-bbee-02f9e1bf7b46. Tenant ID: 2509ae39-0407-4844-88a7-a73105a3c575. User Principal Name: admin@MngEnvMCAP945557.onmicrosoft.com. Object ID (user): 32b87062-b3b0-44af-973a-d8454515e1ba
2026-02-02 10:38:19,439:azure.identity.aio._credentials.default:INFO:DefaultAzureCredential acquired a token from SharedTokenCacheCredential
2026-02-02 10:38:19,784:voicelive_agent:INFO:Pre-warmed connection created in 0.35s
2026-02-02 10:38:25,840:voicelive_agent:DEBUG:Removed expired warm connection
2026-02-02 10:38:25,843:voicelive_agent:DEBUG:Creating new warm connection...
2026-02-02 10:38:25,846:azure.ai.voicelive.aio._patch:DEBUG:Connecting to wss://ai-vla-py-2576.cognitiveservices.azure.com/voice-live/realtime?api-version=2025-10-01&model=gpt-realtime
2026-02-02 10:38:25,852:azure.identity.aio._internal.decorators:INFO:SharedTokenCacheCredential.get_token succeeded
2026-02-02 10:38:25,865:azure.identity.aio._internal.decorators:DEBUG:[Authenticated account] Client ID: 04b07795-8ddb-461a-bbee-02f9e1bf7b46. Tenant ID: 2509ae39-0407-4844-88a7-a73105a3c575. User Principal Name: admin@MngEnvMCAP945557.onmicrosoft.com. Object ID (user): 32b87062-b3b0-44af-973a-d8454515e1ba
2026-02-02 10:38:25,876:azure.identity.aio._credentials.default:INFO:DefaultAzureCredential acquired a token from SharedTokenCacheCredential
2026-02-02 10:38:26,515:voicelive_agent:INFO:Pre-warmed connection created in 0.67s
2026-02-02 10:38:52,577:voicelive_agent:DEBUG:Removed expired warm connection
2026-02-02 10:38:52,577:voicelive_agent:DEBUG:Creating new warm connection...
2026-02-02 10:38:52,578:azure.ai.voicelive.aio._patch:DEBUG:Connecting to wss://ai-vla-py-2576.cognitiveservices.azure.com/voice-live/realtime?api-version=2025-10-01&model=gpt-realtime
2026-02-02 10:38:52,579:azure.identity.aio._internal.decorators:INFO:SharedTokenCacheCredential.get_token succeeded
2026-02-02 10:38:52,579:azure.identity.aio._internal.decorators:DEBUG:[Authenticated account] Client ID: 04b07795-8ddb-461a-bbee-02f9e1bf7b46. Tenant ID: 2509ae39-0407-4844-88a7-a73105a3c575. User Principal Name: admin@MngEnvMCAP945557.onmicrosoft.com. Object ID (user): 32b87062-b3b0-44af-973a-d8454515e1ba
2026-02-02 10:38:52,580:azure.identity.aio._credentials.default:INFO:DefaultAzureCredential acquired a token from SharedTokenCacheCredential
2026-02-02 10:38:52,907:voicelive_agent:INFO:Pre-warmed connection created in 0.33s
2026-02-02 10:38:58,945:voicelive_agent:DEBUG:Removed expired warm connection
2026-02-02 10:38:58,946:voicelive_agent:DEBUG:Creating new warm connection...
2026-02-02 10:38:58,946:azure.ai.voicelive.aio._patch:DEBUG:Connecting to wss://ai-vla-py-2576.cognitiveservices.azure.com/voice-live/realtime?api-version=2025-10-01&model=gpt-realtime
2026-02-02 10:38:58,947:azure.identity.aio._internal.decorators:INFO:SharedTokenCacheCredential.get_token succeeded
2026-02-02 10:38:58,948:azure.identity.aio._internal.decorators:DEBUG:[Authenticated account] Client ID: 04b07795-8ddb-461a-bbee-02f9e1bf7b46. Tenant ID: 2509ae39-0407-4844-88a7-a73105a3c575. User Principal Name: admin@MngEnvMCAP945557.onmicrosoft.com. Object ID (user): 32b87062-b3b0-44af-973a-d8454515e1ba
2026-02-02 10:38:58,948:azure.identity.aio._credentials.default:INFO:DefaultAzureCredential acquired a token from SharedTokenCacheCredential
2026-02-02 10:38:59,493:voicelive_agent:INFO:Pre-warmed connection created in 0.55s
2026-02-02 10:39:25,557:voicelive_agent:DEBUG:Removed expired warm connection
2026-02-02 10:39:25,563:voicelive_agent:DEBUG:Creating new warm connection...
2026-02-02 10:39:25,569:azure.ai.voicelive.aio._patch:DEBUG:Connecting to wss://ai-vla-py-2576.cognitiveservices.azure.com/voice-live/realtime?api-version=2025-10-01&model=gpt-realtime
2026-02-02 10:39:25,576:azure.identity.aio._internal.decorators:INFO:SharedTokenCacheCredential.get_token succeeded
2026-02-02 10:39:25,590:azure.identity.aio._internal.decorators:DEBUG:[Authenticated account] Client ID: 04b07795-8ddb-461a-bbee-02f9e1bf7b46. Tenant ID: 2509ae39-0407-4844-88a7-a73105a3c575. User Principal Name: admin@MngEnvMCAP945557.onmicrosoft.com. Object ID (user): 32b87062-b3b0-44af-973a-d8454515e1ba
2026-02-02 10:39:25,605:azure.identity.aio._credentials.default:INFO:DefaultAzureCredential acquired a token from SharedTokenCacheCredential
2026-02-02 10:39:26,101:voicelive_agent:INFO:Pre-warmed connection created in 0.53s
2026-02-02 10:39:32,133:voicelive_agent:DEBUG:Removed expired warm connection
2026-02-02 10:39:32,134:voicelive_agent:DEBUG:Creating new warm connection...
2026-02-02 10:39:32,135:azure.ai.voicelive.aio._patch:DEBUG:Connecting to wss://ai-vla-py-2576.cognitiveservices.azure.com/voice-live/realtime?api-version=2025-10-01&model=gpt-realtime
2026-02-02 10:39:32,136:azure.identity.aio._internal.decorators:INFO:SharedTokenCacheCredential.get_token succeeded
2026-02-02 10:39:32,136:azure.identity.aio._internal.decorators:DEBUG:[Authenticated account] Client ID: 04b07795-8ddb-461a-bbee-02f9e1bf7b46. Tenant ID: 2509ae39-0407-4844-88a7-a73105a3c575. User Principal Name: admin@MngEnvMCAP945557.onmicrosoft.com. Object ID (user): 32b87062-b3b0-44af-973a-d8454515e1ba
2026-02-02 10:39:32,137:azure.identity.aio._credentials.default:INFO:DefaultAzureCredential acquired a token from SharedTokenCacheCredential
2026-02-02 10:39:33,546:voicelive_agent:INFO:Pre-warmed connection created in 1.41s
2026-02-02 10:39:59,648:voicelive_agent:DEBUG:Removed expired warm connection
2026-02-02 10:39:59,648:voicelive_agent:DEBUG:Creating new warm connection...
2026-02-02 10:39:59,649:azure.ai.voicelive.aio._patch:DEBUG:Connecting to wss://ai-vla-py-2576.cognitiveservices.azure.com/voice-live/realtime?api-version=2025-10-01&model=gpt-realtime
2026-02-02 10:39:59,650:azure.identity.aio._internal.decorators:INFO:SharedTokenCacheCredential.get_token succeeded
2026-02-02 10:39:59,651:azure.identity.aio._internal.decorators:DEBUG:[Authenticated account] Client ID: 04b07795-8ddb-461a-bbee-02f9e1bf7b46. Tenant ID: 2509ae39-0407-4844-88a7-a73105a3c575. User Principal Name: admin@MngEnvMCAP945557.onmicrosoft.com. Object ID (user): 32b87062-b3b0-44af-973a-d8454515e1ba
2026-02-02 10:39:59,651:azure.identity.aio._credentials.default:INFO:DefaultAzureCredential acquired a token from SharedTokenCacheCredential
2026-02-02 10:40:00,513:voicelive_agent:INFO:Pre-warmed connection created in 0.86s
2026-02-02 10:40:06,585:voicelive_agent:DEBUG:Removed expired warm connection
2026-02-02 10:40:06,585:voicelive_agent:DEBUG:Creating new warm connection...
2026-02-02 10:40:06,586:azure.ai.voicelive.aio._patch:DEBUG:Connecting to wss://ai-vla-py-2576.cognitiveservices.azure.com/voice-live/realtime?api-version=2025-10-01&model=gpt-realtime
2026-02-02 10:40:06,587:azure.identity.aio._internal.decorators:INFO:SharedTokenCacheCredential.get_token succeeded
2026-02-02 10:40:06,587:azure.identity.aio._internal.decorators:DEBUG:[Authenticated account] Client ID: 04b07795-8ddb-461a-bbee-02f9e1bf7b46. Tenant ID: 2509ae39-0407-4844-88a7-a73105a3c575. User Principal Name: admin@MngEnvMCAP945557.onmicrosoft.com. Object ID (user): 32b87062-b3b0-44af-973a-d8454515e1ba
2026-02-02 10:40:06,588:azure.identity.aio._credentials.default:INFO:DefaultAzureCredential acquired a token from SharedTokenCacheCredential
2026-02-02 10:40:08,864:voicelive_agent:INFO:Pre-warmed connection created in 2.28s
2026-02-02 10:40:34,973:voicelive_agent:DEBUG:Removed expired warm connection
2026-02-02 10:40:34,973:voicelive_agent:DEBUG:Creating new warm connection...
2026-02-02 10:40:34,974:azure.ai.voicelive.aio._patch:DEBUG:Connecting to wss://ai-vla-py-2576.cognitiveservices.azure.com/voice-live/realtime?api-version=2025-10-01&model=gpt-realtime
2026-02-02 10:40:34,975:azure.identity.aio._internal.decorators:INFO:SharedTokenCacheCredential.get_token succeeded
2026-02-02 10:40:34,975:azure.identity.aio._internal.decorators:DEBUG:[Authenticated account] Client ID: 04b07795-8ddb-461a-bbee-02f9e1bf7b46. Tenant ID: 2509ae39-0407-4844-88a7-a73105a3c575. User Principal Name: admin@MngEnvMCAP945557.onmicrosoft.com. Object ID (user): 32b87062-b3b0-44af-973a-d8454515e1ba
2026-02-02 10:40:34,976:azure.identity.aio._credentials.default:INFO:DefaultAzureCredential acquired a token from SharedTokenCacheCredential
2026-02-02 10:40:35,346:voicelive_agent:INFO:Pre-warmed connection created in 0.37s
2026-02-02 10:40:41,397:voicelive_agent:DEBUG:Removed expired warm connection
2026-02-02 10:40:41,398:voicelive_agent:DEBUG:Creating new warm connection...
2026-02-02 10:40:41,400:azure.ai.voicelive.aio._patch:DEBUG:Connecting to wss://ai-vla-py-2576.cognitiveservices.azure.com/voice-live/realtime?api-version=2025-10-01&model=gpt-realtime
2026-02-02 10:40:41,402:azure.identity.aio._internal.decorators:INFO:SharedTokenCacheCredential.get_token succeeded
2026-02-02 10:40:41,402:azure.identity.aio._internal.decorators:DEBUG:[Authenticated account] Client ID: 04b07795-8ddb-461a-bbee-02f9e1bf7b46. Tenant ID: 2509ae39-0407-4844-88a7-a73105a3c575. User Principal Name: admin@MngEnvMCAP945557.onmicrosoft.com. Object ID (user): 32b87062-b3b0-44af-973a-d8454515e1ba
2026-02-02 10:40:41,403:azure.identity.aio._credentials.default:INFO:DefaultAzureCredential acquired a token from SharedTokenCacheCredential
2026-02-02 10:40:41,924:voicelive_agent:INFO:Pre-warmed connection created in 0.52s
2026-02-02 10:41:08,000:voicelive_agent:DEBUG:Removed expired warm connection
2026-02-02 10:41:08,001:voicelive_agent:DEBUG:Creating new warm connection...
2026-02-02 10:41:08,001:azure.ai.voicelive.aio._patch:DEBUG:Connecting to wss://ai-vla-py-2576.cognitiveservices.azure.com/voice-live/realtime?api-version=2025-10-01&model=gpt-realtime
2026-02-02 10:41:08,002:azure.identity.aio._internal.decorators:INFO:SharedTokenCacheCredential.get_token succeeded
2026-02-02 10:41:08,003:azure.identity.aio._internal.decorators:DEBUG:[Authenticated account] Client ID: 04b07795-8ddb-461a-bbee-02f9e1bf7b46. Tenant ID: 2509ae39-0407-4844-88a7-a73105a3c575. User Principal Name: admin@MngEnvMCAP945557.onmicrosoft.com. Object ID (user): 32b87062-b3b0-44af-973a-d8454515e1ba
2026-02-02 10:41:08,006:azure.identity.aio._credentials.default:INFO:DefaultAzureCredential acquired a token from SharedTokenCacheCredential
2026-02-02 10:41:08,375:voicelive_agent:INFO:Pre-warmed connection created in 0.37s
2026-02-02 10:41:14,417:voicelive_agent:DEBUG:Removed expired warm connection
2026-02-02 10:41:14,418:voicelive_agent:DEBUG:Creating new warm connection...
2026-02-02 10:41:14,418:azure.ai.voicelive.aio._patch:DEBUG:Connecting to wss://ai-vla-py-2576.cognitiveservices.azure.com/voice-live/realtime?api-version=2025-10-01&model=gpt-realtime
2026-02-02 10:41:14,420:azure.identity.aio._internal.decorators:INFO:SharedTokenCacheCredential.get_token succeeded
2026-02-02 10:41:14,420:azure.identity.aio._internal.decorators:DEBUG:[Authenticated account] Client ID: 04b07795-8ddb-461a-bbee-02f9e1bf7b46. Tenant ID: 2509ae39-0407-4844-88a7-a73105a3c575. User Principal Name: admin@MngEnvMCAP945557.onmicrosoft.com. Object ID (user): 32b87062-b3b0-44af-973a-d8454515e1ba
2026-02-02 10:41:14,421:azure.identity.aio._credentials.default:INFO:DefaultAzureCredential acquired a token from SharedTokenCacheCredential
2026-02-02 10:41:14,823:voicelive_agent:INFO:Pre-warmed connection created in 0.40s
2026-02-02 10:41:40,903:voicelive_agent:DEBUG:Removed expired warm connection
2026-02-02 10:41:40,905:voicelive_agent:DEBUG:Creating new warm connection...
2026-02-02 10:41:40,908:azure.ai.voicelive.aio._patch:DEBUG:Connecting to wss://ai-vla-py-2576.cognitiveservices.azure.com/voice-live/realtime?api-version=2025-10-01&model=gpt-realtime
2026-02-02 10:41:40,909:azure.identity.aio._internal.decorators:INFO:SharedTokenCacheCredential.get_token succeeded
2026-02-02 10:41:40,910:azure.identity.aio._internal.decorators:DEBUG:[Authenticated account] Client ID: 04b07795-8ddb-461a-bbee-02f9e1bf7b46. Tenant ID: 2509ae39-0407-4844-88a7-a73105a3c575. User Principal Name: admin@MngEnvMCAP945557.onmicrosoft.com. Object ID (user): 32b87062-b3b0-44af-973a-d8454515e1ba
2026-02-02 10:41:40,911:azure.identity.aio._credentials.default:INFO:DefaultAzureCredential acquired a token from SharedTokenCacheCredential
2026-02-02 10:41:41,243:voicelive_agent:INFO:Pre-warmed connection created in 0.34s
2026-02-02 10:41:48,526:voicelive_agent:DEBUG:Removed expired warm connection
2026-02-02 10:41:48,533:voicelive_agent:DEBUG:Creating new warm connection...
2026-02-02 10:41:48,541:azure.ai.voicelive.aio._patch:DEBUG:Connecting to wss://ai-vla-py-2576.cognitiveservices.azure.com/voice-live/realtime?api-version=2025-10-01&model=gpt-realtime
2026-02-02 10:41:48,549:azure.identity.aio._internal.decorators:INFO:SharedTokenCacheCredential.get_token succeeded
2026-02-02 10:41:48,553:azure.identity.aio._internal.decorators:DEBUG:[Authenticated account] Client ID: 04b07795-8ddb-461a-bbee-02f9e1bf7b46. Tenant ID: 2509ae39-0407-4844-88a7-a73105a3c575. User Principal Name: admin@MngEnvMCAP945557.onmicrosoft.com. Object ID (user): 32b87062-b3b0-44af-973a-d8454515e1ba
2026-02-02 10:41:48,558:azure.identity.aio._credentials.default:INFO:DefaultAzureCredential acquired a token from SharedTokenCacheCredential
2026-02-02 10:41:49,107:voicelive_agent:INFO:Pre-warmed connection created in 0.57s
2026-02-02 10:41:50,087:main:INFO:Updated inbound agent instructions: You are Ava, an AI Assistant conducting a customer satisfaction survey. Follow this agenda:
1. Greet...
2026-02-02 10:41:50,095:main:INFO:Updated inbound agent instructions: You are Ava, an AI Assistant conducting a customer satisfaction survey. Follow this agenda:
1. Greet...
