2026-02-04 12:25:46,776:main:INFO:Starting Voice Live Agent Server
2026-02-04 12:25:46,777:main:INFO:VoiceLive Endpoint: https://ai-env2.cognitiveservices.azure.com/
2026-02-04 12:25:46,779:main:INFO:ACS Endpoint: https://acs-env2.communication.azure.com
2026-02-04 12:25:46,780:azure.identity.aio._credentials.environment:INFO:No environment configuration found.
2026-02-04 12:25:46,806:azure.identity.aio._credentials.managed_identity:INFO:ManagedIdentityCredential will use IMDS
2026-02-04 12:25:46,807:voicelive_agent:INFO:Connection pool started (size=2)
2026-02-04 12:25:46,808:main:INFO:Connection pool initialized for pre-warming
2026-02-04 12:25:46,810:main:INFO:Call timeout checker started
2026-02-04 12:25:46,810:voicelive_agent:DEBUG:Creating new warm connection...
2026-02-04 12:25:46,812:azure.ai.voicelive.aio._patch:DEBUG:Connecting to wss://ai-env2.cognitiveservices.azure.com/voice-live/realtime?api-version=2025-10-01&model=gpt-realtime
2026-02-04 12:25:46,813:azure.identity.aio._internal.decorators:DEBUG:EnvironmentCredential.get_token failed: EnvironmentCredential authentication unavailable. Environment variables are not fully configured.
Visit https://aka.ms/azsdk/python/identity/environmentcredential/troubleshoot to troubleshoot this issue.
Traceback (most recent call last):
  File "C:\Users\adhocke\source\repos\voice-live-agent\src\api-python\venv\Lib\site-packages\azure\identity\aio\_internal\decorators.py", line 22, in wrapper
    token = await fn(*args, **kwargs)
            ^^^^^^^^^^^^^^^^^^^^^^^^^
  File "C:\Users\adhocke\source\repos\voice-live-agent\src\api-python\venv\Lib\site-packages\azure\identity\aio\_credentials\environment.py", line 126, in get_token
    raise CredentialUnavailableError(message=message)
azure.identity._exceptions.CredentialUnavailableError: EnvironmentCredential authentication unavailable. Environment variables are not fully configured.
Visit https://aka.ms/azsdk/python/identity/environmentcredential/troubleshoot to troubleshoot this issue.
2026-02-04 12:25:46,900:azure.core.pipeline.policies.http_logging_policy:INFO:Request URL: 'http://169.254.169.254/metadata/identity/oauth2/token?api-version=REDACTED&resource=REDACTED'
Request method: 'GET'
Request headers:
    'User-Agent': 'azsdk-python-identity/1.25.1 Python/3.13.11 (Windows-11-10.0.26200-SP0)'
No body was attached to the request
2026-02-04 12:25:46,915:azure.identity.aio._internal.get_token_mixin:DEBUG:ImdsCredential.get_token failed: ManagedIdentityCredential authentication unavailable, no response from the IMDS endpoint.
Traceback (most recent call last):
  File "C:\Users\adhocke\source\repos\voice-live-agent\src\api-python\venv\Lib\site-packages\aiohttp\connector.py", line 1298, in _wrap_create_connection
    sock = await aiohappyeyeballs.start_connection(
           ^^^^^^^^^^^^^^^^^^^^^^^^^^^^^^^^^^^^^^^^
    ...<6 lines>...
    )
    ^
  File "C:\Users\adhocke\source\repos\voice-live-agent\src\api-python\venv\Lib\site-packages\aiohappyeyeballs\impl.py", line 122, in start_connection
    raise first_exception
  File "C:\Users\adhocke\source\repos\voice-live-agent\src\api-python\venv\Lib\site-packages\aiohappyeyeballs\impl.py", line 73, in start_connection
    sock = await _connect_sock(
           ^^^^^^^^^^^^^^^^^^^^
    ...<6 lines>...
    )
    ^
  File "C:\Users\adhocke\source\repos\voice-live-agent\src\api-python\venv\Lib\site-packages\aiohappyeyeballs\impl.py", line 208, in _connect_sock
    await loop.sock_connect(sock, address)
  File "C:\Users\adhocke\AppData\Local\Programs\Python\Python313\Lib\asyncio\proactor_events.py", line 728, in sock_connect
    return await self._proactor.connect(sock, address)
           ^^^^^^^^^^^^^^^^^^^^^^^^^^^^^^^^^^^^^^^^^^^
  File "C:\Users\adhocke\AppData\Local\Programs\Python\Python313\Lib\asyncio\windows_events.py", line 804, in _poll
    value = callback(transferred, key, ov)
  File "C:\Users\adhocke\AppData\Local\Programs\Python\Python313\Lib\asyncio\windows_events.py", line 600, in finish_connect
    ov.getresult()
    ~~~~~~~~~~~~^^
OSError: [WinError 1231] The network location cannot be reached. For information about network troubleshooting, see Windows Help

The above exception was the direct cause of the following exception:

Traceback (most recent call last):
  File "C:\Users\adhocke\source\repos\voice-live-agent\src\api-python\venv\Lib\site-packages\azure\core\pipeline\transport\_aiohttp.py", line 346, in send
    result = await self.session.request(  # type: ignore
             ^^^^^^^^^^^^^^^^^^^^^^^^^^^^^^^^^^^^^^^^^^^
    ...<8 lines>...
    )
    ^
  File "C:\Users\adhocke\source\repos\voice-live-agent\src\api-python\venv\Lib\site-packages\aiohttp\client.py", line 779, in _request
    resp = await handler(req)
           ^^^^^^^^^^^^^^^^^^
  File "C:\Users\adhocke\source\repos\voice-live-agent\src\api-python\venv\Lib\site-packages\aiohttp\client.py", line 734, in _connect_and_send_request
    conn = await self._connector.connect(
           ^^^^^^^^^^^^^^^^^^^^^^^^^^^^^^
        req, traces=traces, timeout=real_timeout
        ^^^^^^^^^^^^^^^^^^^^^^^^^^^^^^^^^^^^^^^^
    )
    ^
  File "C:\Users\adhocke\source\repos\voice-live-agent\src\api-python\venv\Lib\site-packages\aiohttp\connector.py", line 672, in connect
    proto = await self._create_connection(req, traces, timeout)
            ^^^^^^^^^^^^^^^^^^^^^^^^^^^^^^^^^^^^^^^^^^^^^^^^^^^
  File "C:\Users\adhocke\source\repos\voice-live-agent\src\api-python\venv\Lib\site-packages\aiohttp\connector.py", line 1239, in _create_connection
    _, proto = await self._create_direct_connection(req, traces, timeout)
               ^^^^^^^^^^^^^^^^^^^^^^^^^^^^^^^^^^^^^^^^^^^^^^^^^^^^^^^^^^
  File "C:\Users\adhocke\source\repos\voice-live-agent\src\api-python\venv\Lib\site-packages\aiohttp\connector.py", line 1611, in _create_direct_connection
    raise last_exc
  File "C:\Users\adhocke\source\repos\voice-live-agent\src\api-python\venv\Lib\site-packages\aiohttp\connector.py", line 1580, in _create_direct_connection
    transp, proto = await self._wrap_create_connection(
                    ^^^^^^^^^^^^^^^^^^^^^^^^^^^^^^^^^^^
    ...<7 lines>...
    )
    ^
  File "C:\Users\adhocke\source\repos\voice-live-agent\src\api-python\venv\Lib\site-packages\aiohttp\connector.py", line 1321, in _wrap_create_connection
    raise client_error(req.connection_key, exc) from exc
aiohttp.client_exceptions.ClientConnectorError: Cannot connect to host 169.254.169.254:80 ssl:default [The network location cannot be reached. For information about network troubleshooting, see Windows Help]

The above exception was the direct cause of the following exception:

Traceback (most recent call last):
  File "C:\Users\adhocke\source\repos\voice-live-agent\src\api-python\venv\Lib\site-packages\azure\identity\aio\_credentials\imds.py", line 76, in _request_token
    await self._client.request_token(*scopes, connection_timeout=1, retry_total=0)
  File "C:\Users\adhocke\source\repos\voice-live-agent\src\api-python\venv\Lib\site-packages\azure\identity\aio\_internal\managed_identity_client.py", line 34, in request_token
    response = await self._pipeline.run(request, retry_on_methods=[request.method], **kwargs)
               ^^^^^^^^^^^^^^^^^^^^^^^^^^^^^^^^^^^^^^^^^^^^^^^^^^^^^^^^^^^^^^^^^^^^^^^^^^^^^^
  File "C:\Users\adhocke\source\repos\voice-live-agent\src\api-python\venv\Lib\site-packages\azure\core\pipeline\_base_async.py", line 229, in run
    return await first_node.send(pipeline_request)
           ^^^^^^^^^^^^^^^^^^^^^^^^^^^^^^^^^^^^^^^
  File "C:\Users\adhocke\source\repos\voice-live-agent\src\api-python\venv\Lib\site-packages\azure\core\pipeline\_base_async.py", line 77, in send
    response = await self.next.send(request)
               ^^^^^^^^^^^^^^^^^^^^^^^^^^^^^
  File "C:\Users\adhocke\source\repos\voice-live-agent\src\api-python\venv\Lib\site-packages\azure\core\pipeline\_base_async.py", line 77, in send
    response = await self.next.send(request)
               ^^^^^^^^^^^^^^^^^^^^^^^^^^^^^
  File "C:\Users\adhocke\source\repos\voice-live-agent\src\api-python\venv\Lib\site-packages\azure\core\pipeline\_base_async.py", line 77, in send
    response = await self.next.send(request)
               ^^^^^^^^^^^^^^^^^^^^^^^^^^^^^
  [Previous line repeated 1 more time]
  File "C:\Users\adhocke\source\repos\voice-live-agent\src\api-python\venv\Lib\site-packages\azure\core\pipeline\policies\_retry_async.py", line 204, in send
    raise err
  File "C:\Users\adhocke\source\repos\voice-live-agent\src\api-python\venv\Lib\site-packages\azure\core\pipeline\policies\_retry_async.py", line 178, in send
    response = await self.next.send(request)
               ^^^^^^^^^^^^^^^^^^^^^^^^^^^^^
  File "C:\Users\adhocke\source\repos\voice-live-agent\src\api-python\venv\Lib\site-packages\azure\core\pipeline\_base_async.py", line 77, in send
    response = await self.next.send(request)
               ^^^^^^^^^^^^^^^^^^^^^^^^^^^^^
  File "C:\Users\adhocke\source\repos\voice-live-agent\src\api-python\venv\Lib\site-packages\azure\core\pipeline\_base_async.py", line 77, in send
    response = await self.next.send(request)
               ^^^^^^^^^^^^^^^^^^^^^^^^^^^^^
  File "C:\Users\adhocke\source\repos\voice-live-agent\src\api-python\venv\Lib\site-packages\azure\core\pipeline\_base_async.py", line 77, in send
    response = await self.next.send(request)
               ^^^^^^^^^^^^^^^^^^^^^^^^^^^^^
  [Previous line repeated 1 more time]
  File "C:\Users\adhocke\source\repos\voice-live-agent\src\api-python\venv\Lib\site-packages\azure\core\pipeline\_base_async.py", line 111, in send
    await self._sender.send(request.http_request, **request.context.options),
    ^^^^^^^^^^^^^^^^^^^^^^^^^^^^^^^^^^^^^^^^^^^^^^^^^^^^^^^^^^^^^^^^^^^^^^^^
  File "C:\Users\adhocke\source\repos\voice-live-agent\src\api-python\venv\Lib\site-packages\azure\core\pipeline\transport\_aiohttp.py", line 393, in send
    raise ServiceRequestError(err, error=err) from err
azure.core.exceptions.ServiceRequestError: Cannot connect to host 169.254.169.254:80 ssl:default [The network location cannot be reached. For information about network troubleshooting, see Windows Help]

The above exception was the direct cause of the following exception:

Traceback (most recent call last):
  File "C:\Users\adhocke\source\repos\voice-live-agent\src\api-python\venv\Lib\site-packages\azure\identity\aio\_internal\get_token_mixin.py", line 137, in _get_token_base
    token = await self._request_token(
            ^^^^^^^^^^^^^^^^^^^^^^^^^^
        *scopes, claims=claims, tenant_id=tenant_id, enable_cae=enable_cae, **kwargs
        ^^^^^^^^^^^^^^^^^^^^^^^^^^^^^^^^^^^^^^^^^^^^^^^^^^^^^^^^^^^^^^^^^^^^^^^^^^^^
    )
    ^
  File "C:\Users\adhocke\source\repos\voice-live-agent\src\api-python\venv\Lib\site-packages\azure\identity\aio\_credentials\imds.py", line 86, in _request_token
    raise CredentialUnavailableError(message=error_message) from ex
azure.identity._exceptions.CredentialUnavailableError: ManagedIdentityCredential authentication unavailable, no response from the IMDS endpoint.
2026-02-04 12:25:47,156:azure.identity.aio._internal.decorators:DEBUG:ManagedIdentityCredential.get_token failed: ManagedIdentityCredential authentication unavailable, no response from the IMDS endpoint.
Traceback (most recent call last):
  File "C:\Users\adhocke\source\repos\voice-live-agent\src\api-python\venv\Lib\site-packages\aiohttp\connector.py", line 1298, in _wrap_create_connection
    sock = await aiohappyeyeballs.start_connection(
           ^^^^^^^^^^^^^^^^^^^^^^^^^^^^^^^^^^^^^^^^
    ...<6 lines>...
    )
    ^
  File "C:\Users\adhocke\source\repos\voice-live-agent\src\api-python\venv\Lib\site-packages\aiohappyeyeballs\impl.py", line 122, in start_connection
    raise first_exception
  File "C:\Users\adhocke\source\repos\voice-live-agent\src\api-python\venv\Lib\site-packages\aiohappyeyeballs\impl.py", line 73, in start_connection
    sock = await _connect_sock(
           ^^^^^^^^^^^^^^^^^^^^
    ...<6 lines>...
    )
    ^
  File "C:\Users\adhocke\source\repos\voice-live-agent\src\api-python\venv\Lib\site-packages\aiohappyeyeballs\impl.py", line 208, in _connect_sock
    await loop.sock_connect(sock, address)
  File "C:\Users\adhocke\AppData\Local\Programs\Python\Python313\Lib\asyncio\proactor_events.py", line 728, in sock_connect
    return await self._proactor.connect(sock, address)
           ^^^^^^^^^^^^^^^^^^^^^^^^^^^^^^^^^^^^^^^^^^^
  File "C:\Users\adhocke\AppData\Local\Programs\Python\Python313\Lib\asyncio\windows_events.py", line 804, in _poll
    value = callback(transferred, key, ov)
  File "C:\Users\adhocke\AppData\Local\Programs\Python\Python313\Lib\asyncio\windows_events.py", line 600, in finish_connect
    ov.getresult()
    ~~~~~~~~~~~~^^
OSError: [WinError 1231] The network location cannot be reached. For information about network troubleshooting, see Windows Help

The above exception was the direct cause of the following exception:

Traceback (most recent call last):
  File "C:\Users\adhocke\source\repos\voice-live-agent\src\api-python\venv\Lib\site-packages\azure\core\pipeline\transport\_aiohttp.py", line 346, in send
    result = await self.session.request(  # type: ignore
             ^^^^^^^^^^^^^^^^^^^^^^^^^^^^^^^^^^^^^^^^^^^
    ...<8 lines>...
    )
    ^
  File "C:\Users\adhocke\source\repos\voice-live-agent\src\api-python\venv\Lib\site-packages\aiohttp\client.py", line 779, in _request
    resp = await handler(req)
           ^^^^^^^^^^^^^^^^^^
  File "C:\Users\adhocke\source\repos\voice-live-agent\src\api-python\venv\Lib\site-packages\aiohttp\client.py", line 734, in _connect_and_send_request
    conn = await self._connector.connect(
           ^^^^^^^^^^^^^^^^^^^^^^^^^^^^^^
        req, traces=traces, timeout=real_timeout
        ^^^^^^^^^^^^^^^^^^^^^^^^^^^^^^^^^^^^^^^^
    )
    ^
  File "C:\Users\adhocke\source\repos\voice-live-agent\src\api-python\venv\Lib\site-packages\aiohttp\connector.py", line 672, in connect
    proto = await self._create_connection(req, traces, timeout)
            ^^^^^^^^^^^^^^^^^^^^^^^^^^^^^^^^^^^^^^^^^^^^^^^^^^^
  File "C:\Users\adhocke\source\repos\voice-live-agent\src\api-python\venv\Lib\site-packages\aiohttp\connector.py", line 1239, in _create_connection
    _, proto = await self._create_direct_connection(req, traces, timeout)
               ^^^^^^^^^^^^^^^^^^^^^^^^^^^^^^^^^^^^^^^^^^^^^^^^^^^^^^^^^^
  File "C:\Users\adhocke\source\repos\voice-live-agent\src\api-python\venv\Lib\site-packages\aiohttp\connector.py", line 1611, in _create_direct_connection
    raise last_exc
  File "C:\Users\adhocke\source\repos\voice-live-agent\src\api-python\venv\Lib\site-packages\aiohttp\connector.py", line 1580, in _create_direct_connection
    transp, proto = await self._wrap_create_connection(
                    ^^^^^^^^^^^^^^^^^^^^^^^^^^^^^^^^^^^
    ...<7 lines>...
    )
    ^
  File "C:\Users\adhocke\source\repos\voice-live-agent\src\api-python\venv\Lib\site-packages\aiohttp\connector.py", line 1321, in _wrap_create_connection
    raise client_error(req.connection_key, exc) from exc
aiohttp.client_exceptions.ClientConnectorError: Cannot connect to host 169.254.169.254:80 ssl:default [The network location cannot be reached. For information about network troubleshooting, see Windows Help]

The above exception was the direct cause of the following exception:

Traceback (most recent call last):
  File "C:\Users\adhocke\source\repos\voice-live-agent\src\api-python\venv\Lib\site-packages\azure\identity\aio\_credentials\imds.py", line 76, in _request_token
    await self._client.request_token(*scopes, connection_timeout=1, retry_total=0)
  File "C:\Users\adhocke\source\repos\voice-live-agent\src\api-python\venv\Lib\site-packages\azure\identity\aio\_internal\managed_identity_client.py", line 34, in request_token
    response = await self._pipeline.run(request, retry_on_methods=[request.method], **kwargs)
               ^^^^^^^^^^^^^^^^^^^^^^^^^^^^^^^^^^^^^^^^^^^^^^^^^^^^^^^^^^^^^^^^^^^^^^^^^^^^^^
  File "C:\Users\adhocke\source\repos\voice-live-agent\src\api-python\venv\Lib\site-packages\azure\core\pipeline\_base_async.py", line 229, in run
    return await first_node.send(pipeline_request)
           ^^^^^^^^^^^^^^^^^^^^^^^^^^^^^^^^^^^^^^^
  File "C:\Users\adhocke\source\repos\voice-live-agent\src\api-python\venv\Lib\site-packages\azure\core\pipeline\_base_async.py", line 77, in send
    response = await self.next.send(request)
               ^^^^^^^^^^^^^^^^^^^^^^^^^^^^^
  File "C:\Users\adhocke\source\repos\voice-live-agent\src\api-python\venv\Lib\site-packages\azure\core\pipeline\_base_async.py", line 77, in send
    response = await self.next.send(request)
               ^^^^^^^^^^^^^^^^^^^^^^^^^^^^^
  File "C:\Users\adhocke\source\repos\voice-live-agent\src\api-python\venv\Lib\site-packages\azure\core\pipeline\_base_async.py", line 77, in send
    response = await self.next.send(request)
               ^^^^^^^^^^^^^^^^^^^^^^^^^^^^^
  [Previous line repeated 1 more time]
  File "C:\Users\adhocke\source\repos\voice-live-agent\src\api-python\venv\Lib\site-packages\azure\core\pipeline\policies\_retry_async.py", line 204, in send
    raise err
  File "C:\Users\adhocke\source\repos\voice-live-agent\src\api-python\venv\Lib\site-packages\azure\core\pipeline\policies\_retry_async.py", line 178, in send
    response = await self.next.send(request)
               ^^^^^^^^^^^^^^^^^^^^^^^^^^^^^
  File "C:\Users\adhocke\source\repos\voice-live-agent\src\api-python\venv\Lib\site-packages\azure\core\pipeline\_base_async.py", line 77, in send
    response = await self.next.send(request)
               ^^^^^^^^^^^^^^^^^^^^^^^^^^^^^
  File "C:\Users\adhocke\source\repos\voice-live-agent\src\api-python\venv\Lib\site-packages\azure\core\pipeline\_base_async.py", line 77, in send
    response = await self.next.send(request)
               ^^^^^^^^^^^^^^^^^^^^^^^^^^^^^
  File "C:\Users\adhocke\source\repos\voice-live-agent\src\api-python\venv\Lib\site-packages\azure\core\pipeline\_base_async.py", line 77, in send
    response = await self.next.send(request)
               ^^^^^^^^^^^^^^^^^^^^^^^^^^^^^
  [Previous line repeated 1 more time]
  File "C:\Users\adhocke\source\repos\voice-live-agent\src\api-python\venv\Lib\site-packages\azure\core\pipeline\_base_async.py", line 111, in send
    await self._sender.send(request.http_request, **request.context.options),
    ^^^^^^^^^^^^^^^^^^^^^^^^^^^^^^^^^^^^^^^^^^^^^^^^^^^^^^^^^^^^^^^^^^^^^^^^
  File "C:\Users\adhocke\source\repos\voice-live-agent\src\api-python\venv\Lib\site-packages\azure\core\pipeline\transport\_aiohttp.py", line 393, in send
    raise ServiceRequestError(err, error=err) from err
azure.core.exceptions.ServiceRequestError: Cannot connect to host 169.254.169.254:80 ssl:default [The network location cannot be reached. For information about network troubleshooting, see Windows Help]

The above exception was the direct cause of the following exception:

Traceback (most recent call last):
  File "C:\Users\adhocke\source\repos\voice-live-agent\src\api-python\venv\Lib\site-packages\azure\identity\aio\_internal\decorators.py", line 22, in wrapper
    token = await fn(*args, **kwargs)
            ^^^^^^^^^^^^^^^^^^^^^^^^^
  File "C:\Users\adhocke\source\repos\voice-live-agent\src\api-python\venv\Lib\site-packages\azure\identity\aio\_credentials\managed_identity.py", line 160, in get_token
    return await cast(AsyncTokenCredential, self._credential).get_token(
           ^^^^^^^^^^^^^^^^^^^^^^^^^^^^^^^^^^^^^^^^^^^^^^^^^^^^^^^^^^^^^
        *scopes, claims=claims, tenant_id=tenant_id, **kwargs
        ^^^^^^^^^^^^^^^^^^^^^^^^^^^^^^^^^^^^^^^^^^^^^^^^^^^^^
    )
    ^
  File "C:\Users\adhocke\source\repos\voice-live-agent\src\api-python\venv\Lib\site-packages\azure\identity\aio\_internal\get_token_mixin.py", line 93, in get_token
    token_info = await self._get_token_base(*scopes, options=options, base_method_name="get_token", **kwargs)
                 ^^^^^^^^^^^^^^^^^^^^^^^^^^^^^^^^^^^^^^^^^^^^^^^^^^^^^^^^^^^^^^^^^^^^^^^^^^^^^^^^^^^^^^^^^^^^
  File "C:\Users\adhocke\source\repos\voice-live-agent\src\api-python\venv\Lib\site-packages\azure\identity\aio\_internal\get_token_mixin.py", line 137, in _get_token_base
    token = await self._request_token(
            ^^^^^^^^^^^^^^^^^^^^^^^^^^
        *scopes, claims=claims, tenant_id=tenant_id, enable_cae=enable_cae, **kwargs
        ^^^^^^^^^^^^^^^^^^^^^^^^^^^^^^^^^^^^^^^^^^^^^^^^^^^^^^^^^^^^^^^^^^^^^^^^^^^^
    )
    ^
  File "C:\Users\adhocke\source\repos\voice-live-agent\src\api-python\venv\Lib\site-packages\azure\identity\aio\_credentials\imds.py", line 86, in _request_token
    raise CredentialUnavailableError(message=error_message) from ex
azure.identity._exceptions.CredentialUnavailableError: ManagedIdentityCredential authentication unavailable, no response from the IMDS endpoint.
2026-02-04 12:25:47,318:azure.core.pipeline.policies.http_logging_policy:INFO:Request URL: 'https://login.microsoftonline.com/organizations/oauth2/v2.0/token'
Request method: 'POST'
Request headers:
    'Content-Type': 'application/x-www-form-urlencoded'
    'User-Agent': 'azsdk-python-identity/1.25.1 Python/3.13.11 (Windows-11-10.0.26200-SP0)'
A body is sent with the request
2026-02-04 12:25:47,699:azure.core.pipeline.policies.http_logging_policy:INFO:Response status: 200
Response headers:
    'Date': 'Wed, 04 Feb 2026 17:25:47 GMT'
    'Content-Type': 'application/json; charset=utf-8'
    'Content-Length': '5627'
    'Connection': 'keep-alive'
    'Cache-Control': 'no-store, no-cache'
    'Pragma': 'no-cache'
    'Expires': '-1'
    'Strict-Transport-Security': 'REDACTED'
    'X-Content-Type-Options': 'REDACTED'
    'P3P': 'REDACTED'
    'x-ms-request-id': '88739d96-77dc-43aa-9d8f-27e5fd9f5500'
    'x-ms-ests-server': 'REDACTED'
    'x-ms-srs': 'REDACTED'
    'Content-Security-Policy-Report-Only': 'REDACTED'
    'X-XSS-Protection': 'REDACTED'
    'Set-Cookie': 'REDACTED'
    'Set-Cookie': 'REDACTED'
    'Set-Cookie': 'REDACTED'
    'X-Cache': 'REDACTED'
2026-02-04 12:25:47,714:msal.token_cache:DEBUG:event={
    "client_id": "04b07795-8ddb-461a-bbee-02f9e1bf7b46",
    "data": {},
    "response": {
        "access_token": "********",
        "client_info": "eyJ1aWQiOiIzMmI4NzA2Mi1iM2IwLTQ0YWYtOTczYS1kODQ1NDUxNWUxYmEiLCJ1dGlkIjoiMjUwOWFlMzktMDQwNy00ODQ0LTg4YTctYTczMTA1YTNjNTc1In0",
        "expires_in": 5179,
        "ext_expires_in": 5179,
        "id_token": "********",
        "scope": "https://ai.azure.com/user_impersonation https://ai.azure.com/.default",
        "token_type": "Bearer"
    },
    "scope": [
        "https://ai.azure.com/.default"
    ],
    "token_endpoint": "https://login.microsoftonline.com/organizations/oauth2/v2.0/token"
}
2026-02-04 12:25:47,737:azure.identity.aio._internal.decorators:DEBUG:SharedTokenCacheCredential.get_token succeeded
2026-02-04 12:25:47,737:azure.identity.aio._internal.decorators:DEBUG:[Authenticated account] Client ID: 04b07795-8ddb-461a-bbee-02f9e1bf7b46. Tenant ID: 2509ae39-0407-4844-88a7-a73105a3c575. User Principal Name: admin@MngEnvMCAP945557.onmicrosoft.com. Object ID (user): 32b87062-b3b0-44af-973a-d8454515e1ba
2026-02-04 12:25:47,737:azure.identity.aio._credentials.chained:INFO:DefaultAzureCredential acquired a token from SharedTokenCacheCredential
2026-02-04 12:25:48,152:voicelive_agent:INFO:Pre-warmed connection created in 1.34s
2026-02-04 12:25:53,155:voicelive_agent:DEBUG:Creating new warm connection...
2026-02-04 12:25:53,159:azure.ai.voicelive.aio._patch:DEBUG:Connecting to wss://ai-env2.cognitiveservices.azure.com/voice-live/realtime?api-version=2025-10-01&model=gpt-realtime
2026-02-04 12:25:53,161:azure.identity.aio._internal.decorators:INFO:SharedTokenCacheCredential.get_token succeeded
2026-02-04 12:25:53,161:azure.identity.aio._internal.decorators:DEBUG:[Authenticated account] Client ID: 04b07795-8ddb-461a-bbee-02f9e1bf7b46. Tenant ID: 2509ae39-0407-4844-88a7-a73105a3c575. User Principal Name: admin@MngEnvMCAP945557.onmicrosoft.com. Object ID (user): 32b87062-b3b0-44af-973a-d8454515e1ba
2026-02-04 12:25:53,163:azure.identity.aio._credentials.default:INFO:DefaultAzureCredential acquired a token from SharedTokenCacheCredential
2026-02-04 12:25:53,269:azure.identity.aio._credentials.environment:INFO:No environment configuration found.
2026-02-04 12:25:53,270:azure.identity.aio._credentials.managed_identity:INFO:ManagedIdentityCredential will use IMDS
2026-02-04 12:25:53,275:azure.identity.aio._internal.decorators:DEBUG:EnvironmentCredential.get_token_info failed: EnvironmentCredential authentication unavailable. Environment variables are not fully configured.
Visit https://aka.ms/azsdk/python/identity/environmentcredential/troubleshoot to troubleshoot this issue.
Traceback (most recent call last):
  File "C:\Users\adhocke\source\repos\voice-live-agent\src\api-python\venv\Lib\site-packages\azure\identity\aio\_internal\decorators.py", line 22, in wrapper
    token = await fn(*args, **kwargs)
            ^^^^^^^^^^^^^^^^^^^^^^^^^
  File "C:\Users\adhocke\source\repos\voice-live-agent\src\api-python\venv\Lib\site-packages\azure\identity\aio\_credentials\environment.py", line 152, in get_token_info
    raise CredentialUnavailableError(message=message)
azure.identity._exceptions.CredentialUnavailableError: EnvironmentCredential authentication unavailable. Environment variables are not fully configured.
Visit https://aka.ms/azsdk/python/identity/environmentcredential/troubleshoot to troubleshoot this issue.
2026-02-04 12:25:53,278:azure.core.pipeline.policies.http_logging_policy:INFO:Request URL: 'http://169.254.169.254/metadata/identity/oauth2/token?api-version=REDACTED&resource=REDACTED'
Request method: 'GET'
Request headers:
    'User-Agent': 'azsdk-python-identity/1.25.1 Python/3.13.11 (Windows-11-10.0.26200-SP0)'
No body was attached to the request
2026-02-04 12:25:53,290:main:INFO:Updated inbound agent instructions: You are Ava, an AI Assistant conducting a customer satisfaction survey. Follow this agenda:
1. Greet...
2026-02-04 12:25:53,306:azure.identity.aio._internal.get_token_mixin:DEBUG:ImdsCredential.get_token_info failed: ManagedIdentityCredential authentication unavailable, no response from the IMDS endpoint.
Traceback (most recent call last):
  File "C:\Users\adhocke\source\repos\voice-live-agent\src\api-python\venv\Lib\site-packages\aiohttp\connector.py", line 1298, in _wrap_create_connection
    sock = await aiohappyeyeballs.start_connection(
           ^^^^^^^^^^^^^^^^^^^^^^^^^^^^^^^^^^^^^^^^
    ...<6 lines>...
    )
    ^
  File "C:\Users\adhocke\source\repos\voice-live-agent\src\api-python\venv\Lib\site-packages\aiohappyeyeballs\impl.py", line 122, in start_connection
    raise first_exception
  File "C:\Users\adhocke\source\repos\voice-live-agent\src\api-python\venv\Lib\site-packages\aiohappyeyeballs\impl.py", line 73, in start_connection
    sock = await _connect_sock(
           ^^^^^^^^^^^^^^^^^^^^
    ...<6 lines>...
    )
    ^
  File "C:\Users\adhocke\source\repos\voice-live-agent\src\api-python\venv\Lib\site-packages\aiohappyeyeballs\impl.py", line 208, in _connect_sock
    await loop.sock_connect(sock, address)
  File "C:\Users\adhocke\AppData\Local\Programs\Python\Python313\Lib\asyncio\proactor_events.py", line 728, in sock_connect
    return await self._proactor.connect(sock, address)
           ^^^^^^^^^^^^^^^^^^^^^^^^^^^^^^^^^^^^^^^^^^^
  File "C:\Users\adhocke\AppData\Local\Programs\Python\Python313\Lib\asyncio\windows_events.py", line 804, in _poll
    value = callback(transferred, key, ov)
  File "C:\Users\adhocke\AppData\Local\Programs\Python\Python313\Lib\asyncio\windows_events.py", line 600, in finish_connect
    ov.getresult()
    ~~~~~~~~~~~~^^
OSError: [WinError 1231] The network location cannot be reached. For information about network troubleshooting, see Windows Help

The above exception was the direct cause of the following exception:

Traceback (most recent call last):
  File "C:\Users\adhocke\source\repos\voice-live-agent\src\api-python\venv\Lib\site-packages\azure\core\pipeline\transport\_aiohttp.py", line 346, in send
    result = await self.session.request(  # type: ignore
             ^^^^^^^^^^^^^^^^^^^^^^^^^^^^^^^^^^^^^^^^^^^
    ...<8 lines>...
    )
    ^
  File "C:\Users\adhocke\source\repos\voice-live-agent\src\api-python\venv\Lib\site-packages\aiohttp\client.py", line 779, in _request
    resp = await handler(req)
           ^^^^^^^^^^^^^^^^^^
  File "C:\Users\adhocke\source\repos\voice-live-agent\src\api-python\venv\Lib\site-packages\aiohttp\client.py", line 734, in _connect_and_send_request
    conn = await self._connector.connect(
           ^^^^^^^^^^^^^^^^^^^^^^^^^^^^^^
        req, traces=traces, timeout=real_timeout
        ^^^^^^^^^^^^^^^^^^^^^^^^^^^^^^^^^^^^^^^^
    )
    ^
  File "C:\Users\adhocke\source\repos\voice-live-agent\src\api-python\venv\Lib\site-packages\aiohttp\connector.py", line 672, in connect
    proto = await self._create_connection(req, traces, timeout)
            ^^^^^^^^^^^^^^^^^^^^^^^^^^^^^^^^^^^^^^^^^^^^^^^^^^^
  File "C:\Users\adhocke\source\repos\voice-live-agent\src\api-python\venv\Lib\site-packages\aiohttp\connector.py", line 1239, in _create_connection
    _, proto = await self._create_direct_connection(req, traces, timeout)
               ^^^^^^^^^^^^^^^^^^^^^^^^^^^^^^^^^^^^^^^^^^^^^^^^^^^^^^^^^^
  File "C:\Users\adhocke\source\repos\voice-live-agent\src\api-python\venv\Lib\site-packages\aiohttp\connector.py", line 1611, in _create_direct_connection
    raise last_exc
  File "C:\Users\adhocke\source\repos\voice-live-agent\src\api-python\venv\Lib\site-packages\aiohttp\connector.py", line 1580, in _create_direct_connection
    transp, proto = await self._wrap_create_connection(
                    ^^^^^^^^^^^^^^^^^^^^^^^^^^^^^^^^^^^
    ...<7 lines>...
    )
    ^
  File "C:\Users\adhocke\source\repos\voice-live-agent\src\api-python\venv\Lib\site-packages\aiohttp\connector.py", line 1321, in _wrap_create_connection
    raise client_error(req.connection_key, exc) from exc
aiohttp.client_exceptions.ClientConnectorError: Cannot connect to host 169.254.169.254:80 ssl:default [The network location cannot be reached. For information about network troubleshooting, see Windows Help]

The above exception was the direct cause of the following exception:

Traceback (most recent call last):
  File "C:\Users\adhocke\source\repos\voice-live-agent\src\api-python\venv\Lib\site-packages\azure\identity\aio\_credentials\imds.py", line 76, in _request_token
    await self._client.request_token(*scopes, connection_timeout=1, retry_total=0)
  File "C:\Users\adhocke\source\repos\voice-live-agent\src\api-python\venv\Lib\site-packages\azure\identity\aio\_internal\managed_identity_client.py", line 34, in request_token
    response = await self._pipeline.run(request, retry_on_methods=[request.method], **kwargs)
               ^^^^^^^^^^^^^^^^^^^^^^^^^^^^^^^^^^^^^^^^^^^^^^^^^^^^^^^^^^^^^^^^^^^^^^^^^^^^^^
  File "C:\Users\adhocke\source\repos\voice-live-agent\src\api-python\venv\Lib\site-packages\azure\core\pipeline\_base_async.py", line 229, in run
    return await first_node.send(pipeline_request)
           ^^^^^^^^^^^^^^^^^^^^^^^^^^^^^^^^^^^^^^^
  File "C:\Users\adhocke\source\repos\voice-live-agent\src\api-python\venv\Lib\site-packages\azure\core\pipeline\_base_async.py", line 77, in send
    response = await self.next.send(request)
               ^^^^^^^^^^^^^^^^^^^^^^^^^^^^^
  File "C:\Users\adhocke\source\repos\voice-live-agent\src\api-python\venv\Lib\site-packages\azure\core\pipeline\_base_async.py", line 77, in send
    response = await self.next.send(request)
               ^^^^^^^^^^^^^^^^^^^^^^^^^^^^^
  File "C:\Users\adhocke\source\repos\voice-live-agent\src\api-python\venv\Lib\site-packages\azure\core\pipeline\_base_async.py", line 77, in send
    response = await self.next.send(request)
               ^^^^^^^^^^^^^^^^^^^^^^^^^^^^^
  [Previous line repeated 1 more time]
  File "C:\Users\adhocke\source\repos\voice-live-agent\src\api-python\venv\Lib\site-packages\azure\core\pipeline\policies\_retry_async.py", line 204, in send
    raise err
  File "C:\Users\adhocke\source\repos\voice-live-agent\src\api-python\venv\Lib\site-packages\azure\core\pipeline\policies\_retry_async.py", line 178, in send
    response = await self.next.send(request)
               ^^^^^^^^^^^^^^^^^^^^^^^^^^^^^
  File "C:\Users\adhocke\source\repos\voice-live-agent\src\api-python\venv\Lib\site-packages\azure\core\pipeline\_base_async.py", line 77, in send
    response = await self.next.send(request)
               ^^^^^^^^^^^^^^^^^^^^^^^^^^^^^
  File "C:\Users\adhocke\source\repos\voice-live-agent\src\api-python\venv\Lib\site-packages\azure\core\pipeline\_base_async.py", line 77, in send
    response = await self.next.send(request)
               ^^^^^^^^^^^^^^^^^^^^^^^^^^^^^
  File "C:\Users\adhocke\source\repos\voice-live-agent\src\api-python\venv\Lib\site-packages\azure\core\pipeline\_base_async.py", line 77, in send
    response = await self.next.send(request)
               ^^^^^^^^^^^^^^^^^^^^^^^^^^^^^
  [Previous line repeated 1 more time]
  File "C:\Users\adhocke\source\repos\voice-live-agent\src\api-python\venv\Lib\site-packages\azure\core\pipeline\_base_async.py", line 111, in send
    await self._sender.send(request.http_request, **request.context.options),
    ^^^^^^^^^^^^^^^^^^^^^^^^^^^^^^^^^^^^^^^^^^^^^^^^^^^^^^^^^^^^^^^^^^^^^^^^
  File "C:\Users\adhocke\source\repos\voice-live-agent\src\api-python\venv\Lib\site-packages\azure\core\pipeline\transport\_aiohttp.py", line 393, in send
    raise ServiceRequestError(err, error=err) from err
azure.core.exceptions.ServiceRequestError: Cannot connect to host 169.254.169.254:80 ssl:default [The network location cannot be reached. For information about network troubleshooting, see Windows Help]

The above exception was the direct cause of the following exception:

Traceback (most recent call last):
  File "C:\Users\adhocke\source\repos\voice-live-agent\src\api-python\venv\Lib\site-packages\azure\identity\aio\_internal\get_token_mixin.py", line 137, in _get_token_base
    token = await self._request_token(
            ^^^^^^^^^^^^^^^^^^^^^^^^^^
        *scopes, claims=claims, tenant_id=tenant_id, enable_cae=enable_cae, **kwargs
        ^^^^^^^^^^^^^^^^^^^^^^^^^^^^^^^^^^^^^^^^^^^^^^^^^^^^^^^^^^^^^^^^^^^^^^^^^^^^
    )
    ^
  File "C:\Users\adhocke\source\repos\voice-live-agent\src\api-python\venv\Lib\site-packages\azure\identity\aio\_credentials\imds.py", line 86, in _request_token
    raise CredentialUnavailableError(message=error_message) from ex
azure.identity._exceptions.CredentialUnavailableError: ManagedIdentityCredential authentication unavailable, no response from the IMDS endpoint.
2026-02-04 12:25:53,323:azure.identity.aio._internal.decorators:DEBUG:ManagedIdentityCredential.get_token_info failed: ManagedIdentityCredential authentication unavailable, no response from the IMDS endpoint.
Traceback (most recent call last):
  File "C:\Users\adhocke\source\repos\voice-live-agent\src\api-python\venv\Lib\site-packages\aiohttp\connector.py", line 1298, in _wrap_create_connection
    sock = await aiohappyeyeballs.start_connection(
           ^^^^^^^^^^^^^^^^^^^^^^^^^^^^^^^^^^^^^^^^
    ...<6 lines>...
    )
    ^
  File "C:\Users\adhocke\source\repos\voice-live-agent\src\api-python\venv\Lib\site-packages\aiohappyeyeballs\impl.py", line 122, in start_connection
    raise first_exception
  File "C:\Users\adhocke\source\repos\voice-live-agent\src\api-python\venv\Lib\site-packages\aiohappyeyeballs\impl.py", line 73, in start_connection
    sock = await _connect_sock(
           ^^^^^^^^^^^^^^^^^^^^
    ...<6 lines>...
    )
    ^
  File "C:\Users\adhocke\source\repos\voice-live-agent\src\api-python\venv\Lib\site-packages\aiohappyeyeballs\impl.py", line 208, in _connect_sock
    await loop.sock_connect(sock, address)
  File "C:\Users\adhocke\AppData\Local\Programs\Python\Python313\Lib\asyncio\proactor_events.py", line 728, in sock_connect
    return await self._proactor.connect(sock, address)
           ^^^^^^^^^^^^^^^^^^^^^^^^^^^^^^^^^^^^^^^^^^^
  File "C:\Users\adhocke\AppData\Local\Programs\Python\Python313\Lib\asyncio\windows_events.py", line 804, in _poll
    value = callback(transferred, key, ov)
  File "C:\Users\adhocke\AppData\Local\Programs\Python\Python313\Lib\asyncio\windows_events.py", line 600, in finish_connect
    ov.getresult()
    ~~~~~~~~~~~~^^
OSError: [WinError 1231] The network location cannot be reached. For information about network troubleshooting, see Windows Help

The above exception was the direct cause of the following exception:

Traceback (most recent call last):
  File "C:\Users\adhocke\source\repos\voice-live-agent\src\api-python\venv\Lib\site-packages\azure\core\pipeline\transport\_aiohttp.py", line 346, in send
    result = await self.session.request(  # type: ignore
             ^^^^^^^^^^^^^^^^^^^^^^^^^^^^^^^^^^^^^^^^^^^
    ...<8 lines>...
    )
    ^
  File "C:\Users\adhocke\source\repos\voice-live-agent\src\api-python\venv\Lib\site-packages\aiohttp\client.py", line 779, in _request
    resp = await handler(req)
           ^^^^^^^^^^^^^^^^^^
  File "C:\Users\adhocke\source\repos\voice-live-agent\src\api-python\venv\Lib\site-packages\aiohttp\client.py", line 734, in _connect_and_send_request
    conn = await self._connector.connect(
           ^^^^^^^^^^^^^^^^^^^^^^^^^^^^^^
        req, traces=traces, timeout=real_timeout
        ^^^^^^^^^^^^^^^^^^^^^^^^^^^^^^^^^^^^^^^^
    )
    ^
  File "C:\Users\adhocke\source\repos\voice-live-agent\src\api-python\venv\Lib\site-packages\aiohttp\connector.py", line 672, in connect
    proto = await self._create_connection(req, traces, timeout)
            ^^^^^^^^^^^^^^^^^^^^^^^^^^^^^^^^^^^^^^^^^^^^^^^^^^^
  File "C:\Users\adhocke\source\repos\voice-live-agent\src\api-python\venv\Lib\site-packages\aiohttp\connector.py", line 1239, in _create_connection
    _, proto = await self._create_direct_connection(req, traces, timeout)
               ^^^^^^^^^^^^^^^^^^^^^^^^^^^^^^^^^^^^^^^^^^^^^^^^^^^^^^^^^^
  File "C:\Users\adhocke\source\repos\voice-live-agent\src\api-python\venv\Lib\site-packages\aiohttp\connector.py", line 1611, in _create_direct_connection
    raise last_exc
  File "C:\Users\adhocke\source\repos\voice-live-agent\src\api-python\venv\Lib\site-packages\aiohttp\connector.py", line 1580, in _create_direct_connection
    transp, proto = await self._wrap_create_connection(
                    ^^^^^^^^^^^^^^^^^^^^^^^^^^^^^^^^^^^
    ...<7 lines>...
    )
    ^
  File "C:\Users\adhocke\source\repos\voice-live-agent\src\api-python\venv\Lib\site-packages\aiohttp\connector.py", line 1321, in _wrap_create_connection
    raise client_error(req.connection_key, exc) from exc
aiohttp.client_exceptions.ClientConnectorError: Cannot connect to host 169.254.169.254:80 ssl:default [The network location cannot be reached. For information about network troubleshooting, see Windows Help]

The above exception was the direct cause of the following exception:

Traceback (most recent call last):
  File "C:\Users\adhocke\source\repos\voice-live-agent\src\api-python\venv\Lib\site-packages\azure\identity\aio\_credentials\imds.py", line 76, in _request_token
    await self._client.request_token(*scopes, connection_timeout=1, retry_total=0)
  File "C:\Users\adhocke\source\repos\voice-live-agent\src\api-python\venv\Lib\site-packages\azure\identity\aio\_internal\managed_identity_client.py", line 34, in request_token
    response = await self._pipeline.run(request, retry_on_methods=[request.method], **kwargs)
               ^^^^^^^^^^^^^^^^^^^^^^^^^^^^^^^^^^^^^^^^^^^^^^^^^^^^^^^^^^^^^^^^^^^^^^^^^^^^^^
  File "C:\Users\adhocke\source\repos\voice-live-agent\src\api-python\venv\Lib\site-packages\azure\core\pipeline\_base_async.py", line 229, in run
    return await first_node.send(pipeline_request)
           ^^^^^^^^^^^^^^^^^^^^^^^^^^^^^^^^^^^^^^^
  File "C:\Users\adhocke\source\repos\voice-live-agent\src\api-python\venv\Lib\site-packages\azure\core\pipeline\_base_async.py", line 77, in send
    response = await self.next.send(request)
               ^^^^^^^^^^^^^^^^^^^^^^^^^^^^^
  File "C:\Users\adhocke\source\repos\voice-live-agent\src\api-python\venv\Lib\site-packages\azure\core\pipeline\_base_async.py", line 77, in send
    response = await self.next.send(request)
               ^^^^^^^^^^^^^^^^^^^^^^^^^^^^^
  File "C:\Users\adhocke\source\repos\voice-live-agent\src\api-python\venv\Lib\site-packages\azure\core\pipeline\_base_async.py", line 77, in send
    response = await self.next.send(request)
               ^^^^^^^^^^^^^^^^^^^^^^^^^^^^^
  [Previous line repeated 1 more time]
  File "C:\Users\adhocke\source\repos\voice-live-agent\src\api-python\venv\Lib\site-packages\azure\core\pipeline\policies\_retry_async.py", line 204, in send
    raise err
  File "C:\Users\adhocke\source\repos\voice-live-agent\src\api-python\venv\Lib\site-packages\azure\core\pipeline\policies\_retry_async.py", line 178, in send
    response = await self.next.send(request)
               ^^^^^^^^^^^^^^^^^^^^^^^^^^^^^
  File "C:\Users\adhocke\source\repos\voice-live-agent\src\api-python\venv\Lib\site-packages\azure\core\pipeline\_base_async.py", line 77, in send
    response = await self.next.send(request)
               ^^^^^^^^^^^^^^^^^^^^^^^^^^^^^
  File "C:\Users\adhocke\source\repos\voice-live-agent\src\api-python\venv\Lib\site-packages\azure\core\pipeline\_base_async.py", line 77, in send
    response = await self.next.send(request)
               ^^^^^^^^^^^^^^^^^^^^^^^^^^^^^
  File "C:\Users\adhocke\source\repos\voice-live-agent\src\api-python\venv\Lib\site-packages\azure\core\pipeline\_base_async.py", line 77, in send
    response = await self.next.send(request)
               ^^^^^^^^^^^^^^^^^^^^^^^^^^^^^
  [Previous line repeated 1 more time]
  File "C:\Users\adhocke\source\repos\voice-live-agent\src\api-python\venv\Lib\site-packages\azure\core\pipeline\_base_async.py", line 111, in send
    await self._sender.send(request.http_request, **request.context.options),
    ^^^^^^^^^^^^^^^^^^^^^^^^^^^^^^^^^^^^^^^^^^^^^^^^^^^^^^^^^^^^^^^^^^^^^^^^
  File "C:\Users\adhocke\source\repos\voice-live-agent\src\api-python\venv\Lib\site-packages\azure\core\pipeline\transport\_aiohttp.py", line 393, in send
    raise ServiceRequestError(err, error=err) from err
azure.core.exceptions.ServiceRequestError: Cannot connect to host 169.254.169.254:80 ssl:default [The network location cannot be reached. For information about network troubleshooting, see Windows Help]

The above exception was the direct cause of the following exception:

Traceback (most recent call last):
  File "C:\Users\adhocke\source\repos\voice-live-agent\src\api-python\venv\Lib\site-packages\azure\identity\aio\_internal\decorators.py", line 22, in wrapper
    token = await fn(*args, **kwargs)
            ^^^^^^^^^^^^^^^^^^^^^^^^^
  File "C:\Users\adhocke\source\repos\voice-live-agent\src\api-python\venv\Lib\site-packages\azure\identity\aio\_credentials\managed_identity.py", line 187, in get_token_info
    return await cast(AsyncSupportsTokenInfo, self._credential).get_token_info(*scopes, options=options)
           ^^^^^^^^^^^^^^^^^^^^^^^^^^^^^^^^^^^^^^^^^^^^^^^^^^^^^^^^^^^^^^^^^^^^^^^^^^^^^^^^^^^^^^^^^^^^^
  File "C:\Users\adhocke\source\repos\voice-live-agent\src\api-python\venv\Lib\site-packages\azure\identity\aio\_internal\get_token_mixin.py", line 114, in get_token_info
    return await self._get_token_base(*scopes, options=options, base_method_name="get_token_info")
           ^^^^^^^^^^^^^^^^^^^^^^^^^^^^^^^^^^^^^^^^^^^^^^^^^^^^^^^^^^^^^^^^^^^^^^^^^^^^^^^^^^^^^^^
  File "C:\Users\adhocke\source\repos\voice-live-agent\src\api-python\venv\Lib\site-packages\azure\identity\aio\_internal\get_token_mixin.py", line 137, in _get_token_base
    token = await self._request_token(
            ^^^^^^^^^^^^^^^^^^^^^^^^^^
        *scopes, claims=claims, tenant_id=tenant_id, enable_cae=enable_cae, **kwargs
        ^^^^^^^^^^^^^^^^^^^^^^^^^^^^^^^^^^^^^^^^^^^^^^^^^^^^^^^^^^^^^^^^^^^^^^^^^^^^
    )
    ^
  File "C:\Users\adhocke\source\repos\voice-live-agent\src\api-python\venv\Lib\site-packages\azure\identity\aio\_credentials\imds.py", line 86, in _request_token
    raise CredentialUnavailableError(message=error_message) from ex
azure.identity._exceptions.CredentialUnavailableError: ManagedIdentityCredential authentication unavailable, no response from the IMDS endpoint.
2026-02-04 12:25:53,377:azure.core.pipeline.policies.http_logging_policy:INFO:Request URL: 'https://login.microsoftonline.com/organizations/oauth2/v2.0/token'
Request method: 'POST'
Request headers:
    'Content-Type': 'application/x-www-form-urlencoded'
    'User-Agent': 'azsdk-python-identity/1.25.1 Python/3.13.11 (Windows-11-10.0.26200-SP0)'
A body is sent with the request
2026-02-04 12:25:53,446:voicelive_agent:INFO:Pre-warmed connection created in 0.29s
2026-02-04 12:25:53,798:azure.core.pipeline.policies.http_logging_policy:INFO:Response status: 200
Response headers:
    'Date': 'Wed, 04 Feb 2026 17:25:53 GMT'
    'Content-Type': 'application/json; charset=utf-8'
    'Content-Length': '5817'
    'Connection': 'keep-alive'
    'Cache-Control': 'no-store, no-cache'
    'Pragma': 'no-cache'
    'Expires': '-1'
    'Strict-Transport-Security': 'REDACTED'
    'X-Content-Type-Options': 'REDACTED'
    'P3P': 'REDACTED'
    'x-ms-request-id': '218a6209-60fd-4611-9c5d-8bdbf1f73000'
    'x-ms-ests-server': 'REDACTED'
    'x-ms-srs': 'REDACTED'
    'Content-Security-Policy-Report-Only': 'REDACTED'
    'X-XSS-Protection': 'REDACTED'
    'Set-Cookie': 'REDACTED'
    'Set-Cookie': 'REDACTED'
    'Set-Cookie': 'REDACTED'
    'X-Cache': 'REDACTED'
2026-02-04 12:25:53,808:msal.token_cache:DEBUG:event={
    "client_id": "04b07795-8ddb-461a-bbee-02f9e1bf7b46",
    "data": {},
    "response": {
        "access_token": "********",
        "client_info": "eyJ1aWQiOiIzMmI4NzA2Mi1iM2IwLTQ0YWYtOTczYS1kODQ1NDUxNWUxYmEiLCJ1dGlkIjoiMjUwOWFlMzktMDQwNy00ODQ0LTg4YTctYTczMTA1YTNjNTc1In0",
        "expires_in": 4652,
        "ext_expires_in": 4652,
        "id_token": "********",
        "scope": "https://communication.azure.com//user_impersonation https://communication.azure.com//.default",
        "token_type": "Bearer"
    },
    "scope": [
        "https://communication.azure.com//.default"
    ],
    "token_endpoint": "https://login.microsoftonline.com/organizations/oauth2/v2.0/token"
}
2026-02-04 12:25:53,842:azure.identity.aio._internal.decorators:DEBUG:SharedTokenCacheCredential.get_token_info succeeded
2026-02-04 12:25:53,842:azure.identity.aio._internal.decorators:DEBUG:[Authenticated account] Client ID: 04b07795-8ddb-461a-bbee-02f9e1bf7b46. Tenant ID: 2509ae39-0407-4844-88a7-a73105a3c575. User Principal Name: admin@MngEnvMCAP945557.onmicrosoft.com. Object ID (user): 32b87062-b3b0-44af-973a-d8454515e1ba
2026-02-04 12:25:53,843:azure.identity.aio._credentials.chained:INFO:DefaultAzureCredential acquired a token from SharedTokenCacheCredential
2026-02-04 12:25:53,843:azure.core.pipeline.policies.http_logging_policy:INFO:Request URL: 'https://acs-env2.communication.azure.com/phoneNumbers?skip=REDACTED&top=REDACTED&api-version=REDACTED'
Request method: 'GET'
Request headers:
    'Accept': 'application/json'
    'x-ms-client-request-id': '8ead1626-01ee-11f1-af57-e02e0b0dc55e'
    'User-Agent': 'azsdk-python-communication-phonenumbers/1.4.0 Python/3.13.11 (Windows-11-10.0.26200-SP0)'
    'Authorization': 'REDACTED'
No body was attached to the request
2026-02-04 12:25:54,790:azure.core.pipeline.policies.http_logging_policy:INFO:Response status: 200
Response headers:
    'Date': 'Wed, 04 Feb 2026 17:25:54 GMT'
    'Content-Type': 'application/json; charset=utf-8'
    'Content-Length': '341'
    'Connection': 'keep-alive'
    'Request-Context': 'REDACTED'
    'MS-CV': 'REDACTED'
    'Strict-Transport-Security': 'REDACTED'
    'api-supported-versions': 'REDACTED'
    'X-Processing-Time': 'REDACTED'
    'x-azure-ref': 'REDACTED'
    'X-Cache': 'REDACTED'
    'Accept-Ranges': 'REDACTED'
2026-02-04 12:25:54,806:main:INFO:Fetched 1 phone numbers from ACS: ['+18662434241']
2026-02-04 12:25:54,960:asyncio:ERROR:Unclosed client session
client_session: <aiohttp.client.ClientSession object at 0x000001CABA34A490>
2026-02-04 12:25:54,961:asyncio:ERROR:Unclosed client session
client_session: <aiohttp.client.ClientSession object at 0x000001CABA34A990>
2026-02-04 12:25:54,963:asyncio:ERROR:Unclosed connector
connections: ['deque([(<aiohttp.client_proto.ResponseHandler object at 0x000001CABA350D70>, 78012.5502299)])']
connector: <aiohttp.connector.TCPConnector object at 0x000001CABA34B250>
2026-02-04 12:26:16,549:azure.identity.aio._credentials.environment:INFO:No environment configuration found.
2026-02-04 12:26:16,550:azure.identity.aio._credentials.managed_identity:INFO:ManagedIdentityCredential will use IMDS
2026-02-04 12:26:16,551:main:INFO:Creating outbound call: source=+18662434241, target=12604146481, callback=https://ca-api-env2.delightfulmoss-ed394f49.eastus2.azurecontainerapps.io/api/calls/events
2026-02-04 12:26:16,553:azure.identity.aio._internal.decorators:DEBUG:EnvironmentCredential.get_token_info failed: EnvironmentCredential authentication unavailable. Environment variables are not fully configured.
Visit https://aka.ms/azsdk/python/identity/environmentcredential/troubleshoot to troubleshoot this issue.
Traceback (most recent call last):
  File "C:\Users\adhocke\source\repos\voice-live-agent\src\api-python\venv\Lib\site-packages\azure\identity\aio\_internal\decorators.py", line 22, in wrapper
    token = await fn(*args, **kwargs)
            ^^^^^^^^^^^^^^^^^^^^^^^^^
  File "C:\Users\adhocke\source\repos\voice-live-agent\src\api-python\venv\Lib\site-packages\azure\identity\aio\_credentials\environment.py", line 152, in get_token_info
    raise CredentialUnavailableError(message=message)
azure.identity._exceptions.CredentialUnavailableError: EnvironmentCredential authentication unavailable. Environment variables are not fully configured.
Visit https://aka.ms/azsdk/python/identity/environmentcredential/troubleshoot to troubleshoot this issue.
2026-02-04 12:26:16,555:azure.core.pipeline.policies.http_logging_policy:INFO:Request URL: 'http://169.254.169.254/metadata/identity/oauth2/token?api-version=REDACTED&resource=REDACTED'
Request method: 'GET'
Request headers:
    'User-Agent': 'azsdk-python-identity/1.25.1 Python/3.13.11 (Windows-11-10.0.26200-SP0)'
No body was attached to the request
2026-02-04 12:26:16,565:azure.identity.aio._internal.get_token_mixin:DEBUG:ImdsCredential.get_token_info failed: ManagedIdentityCredential authentication unavailable, no response from the IMDS endpoint.
Traceback (most recent call last):
  File "C:\Users\adhocke\source\repos\voice-live-agent\src\api-python\venv\Lib\site-packages\aiohttp\connector.py", line 1298, in _wrap_create_connection
    sock = await aiohappyeyeballs.start_connection(
           ^^^^^^^^^^^^^^^^^^^^^^^^^^^^^^^^^^^^^^^^
    ...<6 lines>...
    )
    ^
  File "C:\Users\adhocke\source\repos\voice-live-agent\src\api-python\venv\Lib\site-packages\aiohappyeyeballs\impl.py", line 122, in start_connection
    raise first_exception
  File "C:\Users\adhocke\source\repos\voice-live-agent\src\api-python\venv\Lib\site-packages\aiohappyeyeballs\impl.py", line 73, in start_connection
    sock = await _connect_sock(
           ^^^^^^^^^^^^^^^^^^^^
    ...<6 lines>...
    )
    ^
  File "C:\Users\adhocke\source\repos\voice-live-agent\src\api-python\venv\Lib\site-packages\aiohappyeyeballs\impl.py", line 208, in _connect_sock
    await loop.sock_connect(sock, address)
  File "C:\Users\adhocke\AppData\Local\Programs\Python\Python313\Lib\asyncio\proactor_events.py", line 728, in sock_connect
    return await self._proactor.connect(sock, address)
           ^^^^^^^^^^^^^^^^^^^^^^^^^^^^^^^^^^^^^^^^^^^
  File "C:\Users\adhocke\AppData\Local\Programs\Python\Python313\Lib\asyncio\windows_events.py", line 804, in _poll
    value = callback(transferred, key, ov)
  File "C:\Users\adhocke\AppData\Local\Programs\Python\Python313\Lib\asyncio\windows_events.py", line 600, in finish_connect
    ov.getresult()
    ~~~~~~~~~~~~^^
OSError: [WinError 1231] The network location cannot be reached. For information about network troubleshooting, see Windows Help

The above exception was the direct cause of the following exception:

Traceback (most recent call last):
  File "C:\Users\adhocke\source\repos\voice-live-agent\src\api-python\venv\Lib\site-packages\azure\core\pipeline\transport\_aiohttp.py", line 346, in send
    result = await self.session.request(  # type: ignore
             ^^^^^^^^^^^^^^^^^^^^^^^^^^^^^^^^^^^^^^^^^^^
    ...<8 lines>...
    )
    ^
  File "C:\Users\adhocke\source\repos\voice-live-agent\src\api-python\venv\Lib\site-packages\aiohttp\client.py", line 779, in _request
    resp = await handler(req)
           ^^^^^^^^^^^^^^^^^^
  File "C:\Users\adhocke\source\repos\voice-live-agent\src\api-python\venv\Lib\site-packages\aiohttp\client.py", line 734, in _connect_and_send_request
    conn = await self._connector.connect(
           ^^^^^^^^^^^^^^^^^^^^^^^^^^^^^^
        req, traces=traces, timeout=real_timeout
        ^^^^^^^^^^^^^^^^^^^^^^^^^^^^^^^^^^^^^^^^
    )
    ^
  File "C:\Users\adhocke\source\repos\voice-live-agent\src\api-python\venv\Lib\site-packages\aiohttp\connector.py", line 672, in connect
    proto = await self._create_connection(req, traces, timeout)
            ^^^^^^^^^^^^^^^^^^^^^^^^^^^^^^^^^^^^^^^^^^^^^^^^^^^
  File "C:\Users\adhocke\source\repos\voice-live-agent\src\api-python\venv\Lib\site-packages\aiohttp\connector.py", line 1239, in _create_connection
    _, proto = await self._create_direct_connection(req, traces, timeout)
               ^^^^^^^^^^^^^^^^^^^^^^^^^^^^^^^^^^^^^^^^^^^^^^^^^^^^^^^^^^
  File "C:\Users\adhocke\source\repos\voice-live-agent\src\api-python\venv\Lib\site-packages\aiohttp\connector.py", line 1611, in _create_direct_connection
    raise last_exc
  File "C:\Users\adhocke\source\repos\voice-live-agent\src\api-python\venv\Lib\site-packages\aiohttp\connector.py", line 1580, in _create_direct_connection
    transp, proto = await self._wrap_create_connection(
                    ^^^^^^^^^^^^^^^^^^^^^^^^^^^^^^^^^^^
    ...<7 lines>...
    )
    ^
  File "C:\Users\adhocke\source\repos\voice-live-agent\src\api-python\venv\Lib\site-packages\aiohttp\connector.py", line 1321, in _wrap_create_connection
    raise client_error(req.connection_key, exc) from exc
aiohttp.client_exceptions.ClientConnectorError: Cannot connect to host 169.254.169.254:80 ssl:default [The network location cannot be reached. For information about network troubleshooting, see Windows Help]

The above exception was the direct cause of the following exception:

Traceback (most recent call last):
  File "C:\Users\adhocke\source\repos\voice-live-agent\src\api-python\venv\Lib\site-packages\azure\identity\aio\_credentials\imds.py", line 76, in _request_token
    await self._client.request_token(*scopes, connection_timeout=1, retry_total=0)
  File "C:\Users\adhocke\source\repos\voice-live-agent\src\api-python\venv\Lib\site-packages\azure\identity\aio\_internal\managed_identity_client.py", line 34, in request_token
    response = await self._pipeline.run(request, retry_on_methods=[request.method], **kwargs)
               ^^^^^^^^^^^^^^^^^^^^^^^^^^^^^^^^^^^^^^^^^^^^^^^^^^^^^^^^^^^^^^^^^^^^^^^^^^^^^^
  File "C:\Users\adhocke\source\repos\voice-live-agent\src\api-python\venv\Lib\site-packages\azure\core\pipeline\_base_async.py", line 229, in run
    return await first_node.send(pipeline_request)
           ^^^^^^^^^^^^^^^^^^^^^^^^^^^^^^^^^^^^^^^
  File "C:\Users\adhocke\source\repos\voice-live-agent\src\api-python\venv\Lib\site-packages\azure\core\pipeline\_base_async.py", line 77, in send
    response = await self.next.send(request)
               ^^^^^^^^^^^^^^^^^^^^^^^^^^^^^
  File "C:\Users\adhocke\source\repos\voice-live-agent\src\api-python\venv\Lib\site-packages\azure\core\pipeline\_base_async.py", line 77, in send
    response = await self.next.send(request)
               ^^^^^^^^^^^^^^^^^^^^^^^^^^^^^
  File "C:\Users\adhocke\source\repos\voice-live-agent\src\api-python\venv\Lib\site-packages\azure\core\pipeline\_base_async.py", line 77, in send
    response = await self.next.send(request)
               ^^^^^^^^^^^^^^^^^^^^^^^^^^^^^
  [Previous line repeated 1 more time]
  File "C:\Users\adhocke\source\repos\voice-live-agent\src\api-python\venv\Lib\site-packages\azure\core\pipeline\policies\_retry_async.py", line 204, in send
    raise err
  File "C:\Users\adhocke\source\repos\voice-live-agent\src\api-python\venv\Lib\site-packages\azure\core\pipeline\policies\_retry_async.py", line 178, in send
    response = await self.next.send(request)
               ^^^^^^^^^^^^^^^^^^^^^^^^^^^^^
  File "C:\Users\adhocke\source\repos\voice-live-agent\src\api-python\venv\Lib\site-packages\azure\core\pipeline\_base_async.py", line 77, in send
    response = await self.next.send(request)
               ^^^^^^^^^^^^^^^^^^^^^^^^^^^^^
  File "C:\Users\adhocke\source\repos\voice-live-agent\src\api-python\venv\Lib\site-packages\azure\core\pipeline\_base_async.py", line 77, in send
    response = await self.next.send(request)
               ^^^^^^^^^^^^^^^^^^^^^^^^^^^^^
  File "C:\Users\adhocke\source\repos\voice-live-agent\src\api-python\venv\Lib\site-packages\azure\core\pipeline\_base_async.py", line 77, in send
    response = await self.next.send(request)
               ^^^^^^^^^^^^^^^^^^^^^^^^^^^^^
  [Previous line repeated 1 more time]
  File "C:\Users\adhocke\source\repos\voice-live-agent\src\api-python\venv\Lib\site-packages\azure\core\pipeline\_base_async.py", line 111, in send
    await self._sender.send(request.http_request, **request.context.options),
    ^^^^^^^^^^^^^^^^^^^^^^^^^^^^^^^^^^^^^^^^^^^^^^^^^^^^^^^^^^^^^^^^^^^^^^^^
  File "C:\Users\adhocke\source\repos\voice-live-agent\src\api-python\venv\Lib\site-packages\azure\core\pipeline\transport\_aiohttp.py", line 393, in send
    raise ServiceRequestError(err, error=err) from err
azure.core.exceptions.ServiceRequestError: Cannot connect to host 169.254.169.254:80 ssl:default [The network location cannot be reached. For information about network troubleshooting, see Windows Help]

The above exception was the direct cause of the following exception:

Traceback (most recent call last):
  File "C:\Users\adhocke\source\repos\voice-live-agent\src\api-python\venv\Lib\site-packages\azure\identity\aio\_internal\get_token_mixin.py", line 137, in _get_token_base
    token = await self._request_token(
            ^^^^^^^^^^^^^^^^^^^^^^^^^^
        *scopes, claims=claims, tenant_id=tenant_id, enable_cae=enable_cae, **kwargs
        ^^^^^^^^^^^^^^^^^^^^^^^^^^^^^^^^^^^^^^^^^^^^^^^^^^^^^^^^^^^^^^^^^^^^^^^^^^^^
    )
    ^
  File "C:\Users\adhocke\source\repos\voice-live-agent\src\api-python\venv\Lib\site-packages\azure\identity\aio\_credentials\imds.py", line 86, in _request_token
    raise CredentialUnavailableError(message=error_message) from ex
azure.identity._exceptions.CredentialUnavailableError: ManagedIdentityCredential authentication unavailable, no response from the IMDS endpoint.
2026-02-04 12:26:16,574:azure.identity.aio._internal.decorators:DEBUG:ManagedIdentityCredential.get_token_info failed: ManagedIdentityCredential authentication unavailable, no response from the IMDS endpoint.
Traceback (most recent call last):
  File "C:\Users\adhocke\source\repos\voice-live-agent\src\api-python\venv\Lib\site-packages\aiohttp\connector.py", line 1298, in _wrap_create_connection
    sock = await aiohappyeyeballs.start_connection(
           ^^^^^^^^^^^^^^^^^^^^^^^^^^^^^^^^^^^^^^^^
    ...<6 lines>...
    )
    ^
  File "C:\Users\adhocke\source\repos\voice-live-agent\src\api-python\venv\Lib\site-packages\aiohappyeyeballs\impl.py", line 122, in start_connection
    raise first_exception
  File "C:\Users\adhocke\source\repos\voice-live-agent\src\api-python\venv\Lib\site-packages\aiohappyeyeballs\impl.py", line 73, in start_connection
    sock = await _connect_sock(
           ^^^^^^^^^^^^^^^^^^^^
    ...<6 lines>...
    )
    ^
  File "C:\Users\adhocke\source\repos\voice-live-agent\src\api-python\venv\Lib\site-packages\aiohappyeyeballs\impl.py", line 208, in _connect_sock
    await loop.sock_connect(sock, address)
  File "C:\Users\adhocke\AppData\Local\Programs\Python\Python313\Lib\asyncio\proactor_events.py", line 728, in sock_connect
    return await self._proactor.connect(sock, address)
           ^^^^^^^^^^^^^^^^^^^^^^^^^^^^^^^^^^^^^^^^^^^
  File "C:\Users\adhocke\AppData\Local\Programs\Python\Python313\Lib\asyncio\windows_events.py", line 804, in _poll
    value = callback(transferred, key, ov)
  File "C:\Users\adhocke\AppData\Local\Programs\Python\Python313\Lib\asyncio\windows_events.py", line 600, in finish_connect
    ov.getresult()
    ~~~~~~~~~~~~^^
OSError: [WinError 1231] The network location cannot be reached. For information about network troubleshooting, see Windows Help

The above exception was the direct cause of the following exception:

Traceback (most recent call last):
  File "C:\Users\adhocke\source\repos\voice-live-agent\src\api-python\venv\Lib\site-packages\azure\core\pipeline\transport\_aiohttp.py", line 346, in send
    result = await self.session.request(  # type: ignore
             ^^^^^^^^^^^^^^^^^^^^^^^^^^^^^^^^^^^^^^^^^^^
    ...<8 lines>...
    )
    ^
  File "C:\Users\adhocke\source\repos\voice-live-agent\src\api-python\venv\Lib\site-packages\aiohttp\client.py", line 779, in _request
    resp = await handler(req)
           ^^^^^^^^^^^^^^^^^^
  File "C:\Users\adhocke\source\repos\voice-live-agent\src\api-python\venv\Lib\site-packages\aiohttp\client.py", line 734, in _connect_and_send_request
    conn = await self._connector.connect(
           ^^^^^^^^^^^^^^^^^^^^^^^^^^^^^^
        req, traces=traces, timeout=real_timeout
        ^^^^^^^^^^^^^^^^^^^^^^^^^^^^^^^^^^^^^^^^
    )
    ^
  File "C:\Users\adhocke\source\repos\voice-live-agent\src\api-python\venv\Lib\site-packages\aiohttp\connector.py", line 672, in connect
    proto = await self._create_connection(req, traces, timeout)
            ^^^^^^^^^^^^^^^^^^^^^^^^^^^^^^^^^^^^^^^^^^^^^^^^^^^
  File "C:\Users\adhocke\source\repos\voice-live-agent\src\api-python\venv\Lib\site-packages\aiohttp\connector.py", line 1239, in _create_connection
    _, proto = await self._create_direct_connection(req, traces, timeout)
               ^^^^^^^^^^^^^^^^^^^^^^^^^^^^^^^^^^^^^^^^^^^^^^^^^^^^^^^^^^
  File "C:\Users\adhocke\source\repos\voice-live-agent\src\api-python\venv\Lib\site-packages\aiohttp\connector.py", line 1611, in _create_direct_connection
    raise last_exc
  File "C:\Users\adhocke\source\repos\voice-live-agent\src\api-python\venv\Lib\site-packages\aiohttp\connector.py", line 1580, in _create_direct_connection
    transp, proto = await self._wrap_create_connection(
                    ^^^^^^^^^^^^^^^^^^^^^^^^^^^^^^^^^^^
    ...<7 lines>...
    )
    ^
  File "C:\Users\adhocke\source\repos\voice-live-agent\src\api-python\venv\Lib\site-packages\aiohttp\connector.py", line 1321, in _wrap_create_connection
    raise client_error(req.connection_key, exc) from exc
aiohttp.client_exceptions.ClientConnectorError: Cannot connect to host 169.254.169.254:80 ssl:default [The network location cannot be reached. For information about network troubleshooting, see Windows Help]

The above exception was the direct cause of the following exception:

Traceback (most recent call last):
  File "C:\Users\adhocke\source\repos\voice-live-agent\src\api-python\venv\Lib\site-packages\azure\identity\aio\_credentials\imds.py", line 76, in _request_token
    await self._client.request_token(*scopes, connection_timeout=1, retry_total=0)
  File "C:\Users\adhocke\source\repos\voice-live-agent\src\api-python\venv\Lib\site-packages\azure\identity\aio\_internal\managed_identity_client.py", line 34, in request_token
    response = await self._pipeline.run(request, retry_on_methods=[request.method], **kwargs)
               ^^^^^^^^^^^^^^^^^^^^^^^^^^^^^^^^^^^^^^^^^^^^^^^^^^^^^^^^^^^^^^^^^^^^^^^^^^^^^^
  File "C:\Users\adhocke\source\repos\voice-live-agent\src\api-python\venv\Lib\site-packages\azure\core\pipeline\_base_async.py", line 229, in run
    return await first_node.send(pipeline_request)
           ^^^^^^^^^^^^^^^^^^^^^^^^^^^^^^^^^^^^^^^
  File "C:\Users\adhocke\source\repos\voice-live-agent\src\api-python\venv\Lib\site-packages\azure\core\pipeline\_base_async.py", line 77, in send
    response = await self.next.send(request)
               ^^^^^^^^^^^^^^^^^^^^^^^^^^^^^
  File "C:\Users\adhocke\source\repos\voice-live-agent\src\api-python\venv\Lib\site-packages\azure\core\pipeline\_base_async.py", line 77, in send
    response = await self.next.send(request)
               ^^^^^^^^^^^^^^^^^^^^^^^^^^^^^
  File "C:\Users\adhocke\source\repos\voice-live-agent\src\api-python\venv\Lib\site-packages\azure\core\pipeline\_base_async.py", line 77, in send
    response = await self.next.send(request)
               ^^^^^^^^^^^^^^^^^^^^^^^^^^^^^
  [Previous line repeated 1 more time]
  File "C:\Users\adhocke\source\repos\voice-live-agent\src\api-python\venv\Lib\site-packages\azure\core\pipeline\policies\_retry_async.py", line 204, in send
    raise err
  File "C:\Users\adhocke\source\repos\voice-live-agent\src\api-python\venv\Lib\site-packages\azure\core\pipeline\policies\_retry_async.py", line 178, in send
    response = await self.next.send(request)
               ^^^^^^^^^^^^^^^^^^^^^^^^^^^^^
  File "C:\Users\adhocke\source\repos\voice-live-agent\src\api-python\venv\Lib\site-packages\azure\core\pipeline\_base_async.py", line 77, in send
    response = await self.next.send(request)
               ^^^^^^^^^^^^^^^^^^^^^^^^^^^^^
  File "C:\Users\adhocke\source\repos\voice-live-agent\src\api-python\venv\Lib\site-packages\azure\core\pipeline\_base_async.py", line 77, in send
    response = await self.next.send(request)
               ^^^^^^^^^^^^^^^^^^^^^^^^^^^^^
  File "C:\Users\adhocke\source\repos\voice-live-agent\src\api-python\venv\Lib\site-packages\azure\core\pipeline\_base_async.py", line 77, in send
    response = await self.next.send(request)
               ^^^^^^^^^^^^^^^^^^^^^^^^^^^^^
  [Previous line repeated 1 more time]
  File "C:\Users\adhocke\source\repos\voice-live-agent\src\api-python\venv\Lib\site-packages\azure\core\pipeline\_base_async.py", line 111, in send
    await self._sender.send(request.http_request, **request.context.options),
    ^^^^^^^^^^^^^^^^^^^^^^^^^^^^^^^^^^^^^^^^^^^^^^^^^^^^^^^^^^^^^^^^^^^^^^^^
  File "C:\Users\adhocke\source\repos\voice-live-agent\src\api-python\venv\Lib\site-packages\azure\core\pipeline\transport\_aiohttp.py", line 393, in send
    raise ServiceRequestError(err, error=err) from err
azure.core.exceptions.ServiceRequestError: Cannot connect to host 169.254.169.254:80 ssl:default [The network location cannot be reached. For information about network troubleshooting, see Windows Help]

The above exception was the direct cause of the following exception:

Traceback (most recent call last):
  File "C:\Users\adhocke\source\repos\voice-live-agent\src\api-python\venv\Lib\site-packages\azure\identity\aio\_internal\decorators.py", line 22, in wrapper
    token = await fn(*args, **kwargs)
            ^^^^^^^^^^^^^^^^^^^^^^^^^
  File "C:\Users\adhocke\source\repos\voice-live-agent\src\api-python\venv\Lib\site-packages\azure\identity\aio\_credentials\managed_identity.py", line 187, in get_token_info
    return await cast(AsyncSupportsTokenInfo, self._credential).get_token_info(*scopes, options=options)
           ^^^^^^^^^^^^^^^^^^^^^^^^^^^^^^^^^^^^^^^^^^^^^^^^^^^^^^^^^^^^^^^^^^^^^^^^^^^^^^^^^^^^^^^^^^^^^
  File "C:\Users\adhocke\source\repos\voice-live-agent\src\api-python\venv\Lib\site-packages\azure\identity\aio\_internal\get_token_mixin.py", line 114, in get_token_info
    return await self._get_token_base(*scopes, options=options, base_method_name="get_token_info")
           ^^^^^^^^^^^^^^^^^^^^^^^^^^^^^^^^^^^^^^^^^^^^^^^^^^^^^^^^^^^^^^^^^^^^^^^^^^^^^^^^^^^^^^^
  File "C:\Users\adhocke\source\repos\voice-live-agent\src\api-python\venv\Lib\site-packages\azure\identity\aio\_internal\get_token_mixin.py", line 137, in _get_token_base
    token = await self._request_token(
            ^^^^^^^^^^^^^^^^^^^^^^^^^^
        *scopes, claims=claims, tenant_id=tenant_id, enable_cae=enable_cae, **kwargs
        ^^^^^^^^^^^^^^^^^^^^^^^^^^^^^^^^^^^^^^^^^^^^^^^^^^^^^^^^^^^^^^^^^^^^^^^^^^^^
    )
    ^
  File "C:\Users\adhocke\source\repos\voice-live-agent\src\api-python\venv\Lib\site-packages\azure\identity\aio\_credentials\imds.py", line 86, in _request_token
    raise CredentialUnavailableError(message=error_message) from ex
azure.identity._exceptions.CredentialUnavailableError: ManagedIdentityCredential authentication unavailable, no response from the IMDS endpoint.
2026-02-04 12:26:16,617:azure.identity.aio._internal.decorators:DEBUG:SharedTokenCacheCredential.get_token_info succeeded
2026-02-04 12:26:16,617:azure.identity.aio._internal.decorators:DEBUG:[Authenticated account] Client ID: 04b07795-8ddb-461a-bbee-02f9e1bf7b46. Tenant ID: 2509ae39-0407-4844-88a7-a73105a3c575. User Principal Name: admin@MngEnvMCAP945557.onmicrosoft.com. Object ID (user): 32b87062-b3b0-44af-973a-d8454515e1ba
2026-02-04 12:26:16,618:azure.identity.aio._credentials.chained:INFO:DefaultAzureCredential acquired a token from SharedTokenCacheCredential
2026-02-04 12:26:16,618:azure.core.pipeline.policies.http_logging_policy:INFO:Request URL: 'https://acs-env2.communication.azure.com/calling/callConnections?api-version=REDACTED'
Request method: 'POST'
Request headers:
    'Content-Type': 'application/json'
    'Content-Length': '540'
    'Repeatability-First-Sent': 'REDACTED'
    'Repeatability-Request-ID': 'REDACTED'
    'Accept': 'application/json'
    'x-ms-client-request-id': '9c8d09be-01ee-11f1-9f2a-e02e0b0dc55e'
    'User-Agent': 'azsdk-python-communication-callautomation/1.5.0 Python/3.13.11 (Windows-11-10.0.26200-SP0)'
    'Authorization': 'REDACTED'
A body is sent with the request
2026-02-04 12:26:17,025:azure.core.pipeline.policies.http_logging_policy:INFO:Response status: 201
Response headers:
    'Date': 'Wed, 04 Feb 2026 17:26:16 GMT'
    'Content-Type': 'application/json; charset=utf-8'
    'Transfer-Encoding': 'chunked'
    'Connection': 'keep-alive'
    'MS-CV': 'REDACTED'
    'X-Microsoft-Skype-Client': 'REDACTED'
    'X-Ms-Client-Version': 'REDACTED'
    'api-supported-versions': 'REDACTED'
    'x-ms-client-request-id': '9c8d09be-01ee-11f1-9f2a-e02e0b0dc55e'
    'X-Microsoft-Skype-Chain-ID': 'REDACTED'
    'x-azure-ref': 'REDACTED'
    'Strict-Transport-Security': 'REDACTED'
    'X-Cache': 'REDACTED'
2026-02-04 12:26:17,028:main:INFO:Outbound call created: call_connection_id=15005b80-123a-4f10-893a-ea0f77927d31
2026-02-04 12:26:17,028:main:INFO:Outbound call initiated: 15005b80-123a-4f10-893a-ea0f77927d31 to 12604146481
2026-02-04 12:26:17,065:asyncio:ERROR:Unclosed client session
client_session: <aiohttp.client.ClientSession object at 0x000001CABA348690>
2026-02-04 12:26:17,065:asyncio:ERROR:Unclosed client session
client_session: <aiohttp.client.ClientSession object at 0x000001CABA34B250>
2026-02-04 12:26:17,067:asyncio:ERROR:Unclosed connector
connections: ['deque([(<aiohttp.client_proto.ResponseHandler object at 0x000001CABA350B30>, 78035.7773281)])']
connector: <aiohttp.connector.TCPConnector object at 0x000001CABA348910>
2026-02-04 12:26:19,516:voicelive_agent:DEBUG:Removed expired warm connection
2026-02-04 12:26:19,517:voicelive_agent:DEBUG:Creating new warm connection...
2026-02-04 12:26:19,518:azure.ai.voicelive.aio._patch:DEBUG:Connecting to wss://ai-env2.cognitiveservices.azure.com/voice-live/realtime?api-version=2025-10-01&model=gpt-realtime
2026-02-04 12:26:19,522:azure.identity.aio._internal.decorators:INFO:SharedTokenCacheCredential.get_token succeeded
2026-02-04 12:26:19,522:azure.identity.aio._internal.decorators:DEBUG:[Authenticated account] Client ID: 04b07795-8ddb-461a-bbee-02f9e1bf7b46. Tenant ID: 2509ae39-0407-4844-88a7-a73105a3c575. User Principal Name: admin@MngEnvMCAP945557.onmicrosoft.com. Object ID (user): 32b87062-b3b0-44af-973a-d8454515e1ba
2026-02-04 12:26:19,522:azure.identity.aio._credentials.default:INFO:DefaultAzureCredential acquired a token from SharedTokenCacheCredential
2026-02-04 12:26:19,784:voicelive_agent:INFO:Pre-warmed connection created in 0.27s
2026-02-04 12:26:25,832:voicelive_agent:DEBUG:Removed expired warm connection
2026-02-04 12:26:25,833:voicelive_agent:DEBUG:Creating new warm connection...
2026-02-04 12:26:25,834:azure.ai.voicelive.aio._patch:DEBUG:Connecting to wss://ai-env2.cognitiveservices.azure.com/voice-live/realtime?api-version=2025-10-01&model=gpt-realtime
2026-02-04 12:26:25,836:azure.identity.aio._internal.decorators:INFO:SharedTokenCacheCredential.get_token succeeded
2026-02-04 12:26:25,838:azure.identity.aio._internal.decorators:DEBUG:[Authenticated account] Client ID: 04b07795-8ddb-461a-bbee-02f9e1bf7b46. Tenant ID: 2509ae39-0407-4844-88a7-a73105a3c575. User Principal Name: admin@MngEnvMCAP945557.onmicrosoft.com. Object ID (user): 32b87062-b3b0-44af-973a-d8454515e1ba
2026-02-04 12:26:25,840:azure.identity.aio._credentials.default:INFO:DefaultAzureCredential acquired a token from SharedTokenCacheCredential
2026-02-04 12:26:26,064:voicelive_agent:INFO:Pre-warmed connection created in 0.23s
2026-02-04 12:26:47,899:azure.identity.aio._credentials.environment:INFO:No environment configuration found.
2026-02-04 12:26:47,899:azure.identity.aio._credentials.managed_identity:INFO:ManagedIdentityCredential will use IMDS
2026-02-04 12:26:47,901:azure.identity.aio._internal.decorators:DEBUG:EnvironmentCredential.get_token_info failed: EnvironmentCredential authentication unavailable. Environment variables are not fully configured.
Visit https://aka.ms/azsdk/python/identity/environmentcredential/troubleshoot to troubleshoot this issue.
Traceback (most recent call last):
  File "C:\Users\adhocke\source\repos\voice-live-agent\src\api-python\venv\Lib\site-packages\azure\identity\aio\_internal\decorators.py", line 22, in wrapper
    token = await fn(*args, **kwargs)
            ^^^^^^^^^^^^^^^^^^^^^^^^^
  File "C:\Users\adhocke\source\repos\voice-live-agent\src\api-python\venv\Lib\site-packages\azure\identity\aio\_credentials\environment.py", line 152, in get_token_info
    raise CredentialUnavailableError(message=message)
azure.identity._exceptions.CredentialUnavailableError: EnvironmentCredential authentication unavailable. Environment variables are not fully configured.
Visit https://aka.ms/azsdk/python/identity/environmentcredential/troubleshoot to troubleshoot this issue.
2026-02-04 12:26:47,904:azure.core.pipeline.policies.http_logging_policy:INFO:Request URL: 'http://169.254.169.254/metadata/identity/oauth2/token?api-version=REDACTED&resource=REDACTED'
Request method: 'GET'
Request headers:
    'User-Agent': 'azsdk-python-identity/1.25.1 Python/3.13.11 (Windows-11-10.0.26200-SP0)'
No body was attached to the request
2026-02-04 12:26:47,917:azure.identity.aio._internal.get_token_mixin:DEBUG:ImdsCredential.get_token_info failed: ManagedIdentityCredential authentication unavailable, no response from the IMDS endpoint.
Traceback (most recent call last):
  File "C:\Users\adhocke\source\repos\voice-live-agent\src\api-python\venv\Lib\site-packages\aiohttp\connector.py", line 1298, in _wrap_create_connection
    sock = await aiohappyeyeballs.start_connection(
           ^^^^^^^^^^^^^^^^^^^^^^^^^^^^^^^^^^^^^^^^
    ...<6 lines>...
    )
    ^
  File "C:\Users\adhocke\source\repos\voice-live-agent\src\api-python\venv\Lib\site-packages\aiohappyeyeballs\impl.py", line 122, in start_connection
    raise first_exception
  File "C:\Users\adhocke\source\repos\voice-live-agent\src\api-python\venv\Lib\site-packages\aiohappyeyeballs\impl.py", line 73, in start_connection
    sock = await _connect_sock(
           ^^^^^^^^^^^^^^^^^^^^
    ...<6 lines>...
    )
    ^
  File "C:\Users\adhocke\source\repos\voice-live-agent\src\api-python\venv\Lib\site-packages\aiohappyeyeballs\impl.py", line 208, in _connect_sock
    await loop.sock_connect(sock, address)
  File "C:\Users\adhocke\AppData\Local\Programs\Python\Python313\Lib\asyncio\proactor_events.py", line 728, in sock_connect
    return await self._proactor.connect(sock, address)
           ^^^^^^^^^^^^^^^^^^^^^^^^^^^^^^^^^^^^^^^^^^^
  File "C:\Users\adhocke\AppData\Local\Programs\Python\Python313\Lib\asyncio\windows_events.py", line 804, in _poll
    value = callback(transferred, key, ov)
  File "C:\Users\adhocke\AppData\Local\Programs\Python\Python313\Lib\asyncio\windows_events.py", line 600, in finish_connect
    ov.getresult()
    ~~~~~~~~~~~~^^
OSError: [WinError 1231] The network location cannot be reached. For information about network troubleshooting, see Windows Help

The above exception was the direct cause of the following exception:

Traceback (most recent call last):
  File "C:\Users\adhocke\source\repos\voice-live-agent\src\api-python\venv\Lib\site-packages\azure\core\pipeline\transport\_aiohttp.py", line 346, in send
    result = await self.session.request(  # type: ignore
             ^^^^^^^^^^^^^^^^^^^^^^^^^^^^^^^^^^^^^^^^^^^
    ...<8 lines>...
    )
    ^
  File "C:\Users\adhocke\source\repos\voice-live-agent\src\api-python\venv\Lib\site-packages\aiohttp\client.py", line 779, in _request
    resp = await handler(req)
           ^^^^^^^^^^^^^^^^^^
  File "C:\Users\adhocke\source\repos\voice-live-agent\src\api-python\venv\Lib\site-packages\aiohttp\client.py", line 734, in _connect_and_send_request
    conn = await self._connector.connect(
           ^^^^^^^^^^^^^^^^^^^^^^^^^^^^^^
        req, traces=traces, timeout=real_timeout
        ^^^^^^^^^^^^^^^^^^^^^^^^^^^^^^^^^^^^^^^^
    )
    ^
  File "C:\Users\adhocke\source\repos\voice-live-agent\src\api-python\venv\Lib\site-packages\aiohttp\connector.py", line 672, in connect
    proto = await self._create_connection(req, traces, timeout)
            ^^^^^^^^^^^^^^^^^^^^^^^^^^^^^^^^^^^^^^^^^^^^^^^^^^^
  File "C:\Users\adhocke\source\repos\voice-live-agent\src\api-python\venv\Lib\site-packages\aiohttp\connector.py", line 1239, in _create_connection
    _, proto = await self._create_direct_connection(req, traces, timeout)
               ^^^^^^^^^^^^^^^^^^^^^^^^^^^^^^^^^^^^^^^^^^^^^^^^^^^^^^^^^^
  File "C:\Users\adhocke\source\repos\voice-live-agent\src\api-python\venv\Lib\site-packages\aiohttp\connector.py", line 1611, in _create_direct_connection
    raise last_exc
  File "C:\Users\adhocke\source\repos\voice-live-agent\src\api-python\venv\Lib\site-packages\aiohttp\connector.py", line 1580, in _create_direct_connection
    transp, proto = await self._wrap_create_connection(
                    ^^^^^^^^^^^^^^^^^^^^^^^^^^^^^^^^^^^
    ...<7 lines>...
    )
    ^
  File "C:\Users\adhocke\source\repos\voice-live-agent\src\api-python\venv\Lib\site-packages\aiohttp\connector.py", line 1321, in _wrap_create_connection
    raise client_error(req.connection_key, exc) from exc
aiohttp.client_exceptions.ClientConnectorError: Cannot connect to host 169.254.169.254:80 ssl:default [The network location cannot be reached. For information about network troubleshooting, see Windows Help]

The above exception was the direct cause of the following exception:

Traceback (most recent call last):
  File "C:\Users\adhocke\source\repos\voice-live-agent\src\api-python\venv\Lib\site-packages\azure\identity\aio\_credentials\imds.py", line 76, in _request_token
    await self._client.request_token(*scopes, connection_timeout=1, retry_total=0)
  File "C:\Users\adhocke\source\repos\voice-live-agent\src\api-python\venv\Lib\site-packages\azure\identity\aio\_internal\managed_identity_client.py", line 34, in request_token
    response = await self._pipeline.run(request, retry_on_methods=[request.method], **kwargs)
               ^^^^^^^^^^^^^^^^^^^^^^^^^^^^^^^^^^^^^^^^^^^^^^^^^^^^^^^^^^^^^^^^^^^^^^^^^^^^^^
  File "C:\Users\adhocke\source\repos\voice-live-agent\src\api-python\venv\Lib\site-packages\azure\core\pipeline\_base_async.py", line 229, in run
    return await first_node.send(pipeline_request)
           ^^^^^^^^^^^^^^^^^^^^^^^^^^^^^^^^^^^^^^^
  File "C:\Users\adhocke\source\repos\voice-live-agent\src\api-python\venv\Lib\site-packages\azure\core\pipeline\_base_async.py", line 77, in send
    response = await self.next.send(request)
               ^^^^^^^^^^^^^^^^^^^^^^^^^^^^^
  File "C:\Users\adhocke\source\repos\voice-live-agent\src\api-python\venv\Lib\site-packages\azure\core\pipeline\_base_async.py", line 77, in send
    response = await self.next.send(request)
               ^^^^^^^^^^^^^^^^^^^^^^^^^^^^^
  File "C:\Users\adhocke\source\repos\voice-live-agent\src\api-python\venv\Lib\site-packages\azure\core\pipeline\_base_async.py", line 77, in send
    response = await self.next.send(request)
               ^^^^^^^^^^^^^^^^^^^^^^^^^^^^^
  [Previous line repeated 1 more time]
  File "C:\Users\adhocke\source\repos\voice-live-agent\src\api-python\venv\Lib\site-packages\azure\core\pipeline\policies\_retry_async.py", line 204, in send
    raise err
  File "C:\Users\adhocke\source\repos\voice-live-agent\src\api-python\venv\Lib\site-packages\azure\core\pipeline\policies\_retry_async.py", line 178, in send
    response = await self.next.send(request)
               ^^^^^^^^^^^^^^^^^^^^^^^^^^^^^
  File "C:\Users\adhocke\source\repos\voice-live-agent\src\api-python\venv\Lib\site-packages\azure\core\pipeline\_base_async.py", line 77, in send
    response = await self.next.send(request)
               ^^^^^^^^^^^^^^^^^^^^^^^^^^^^^
  File "C:\Users\adhocke\source\repos\voice-live-agent\src\api-python\venv\Lib\site-packages\azure\core\pipeline\_base_async.py", line 77, in send
    response = await self.next.send(request)
               ^^^^^^^^^^^^^^^^^^^^^^^^^^^^^
  File "C:\Users\adhocke\source\repos\voice-live-agent\src\api-python\venv\Lib\site-packages\azure\core\pipeline\_base_async.py", line 77, in send
    response = await self.next.send(request)
               ^^^^^^^^^^^^^^^^^^^^^^^^^^^^^
  [Previous line repeated 1 more time]
  File "C:\Users\adhocke\source\repos\voice-live-agent\src\api-python\venv\Lib\site-packages\azure\core\pipeline\_base_async.py", line 111, in send
    await self._sender.send(request.http_request, **request.context.options),
    ^^^^^^^^^^^^^^^^^^^^^^^^^^^^^^^^^^^^^^^^^^^^^^^^^^^^^^^^^^^^^^^^^^^^^^^^
  File "C:\Users\adhocke\source\repos\voice-live-agent\src\api-python\venv\Lib\site-packages\azure\core\pipeline\transport\_aiohttp.py", line 393, in send
    raise ServiceRequestError(err, error=err) from err
azure.core.exceptions.ServiceRequestError: Cannot connect to host 169.254.169.254:80 ssl:default [The network location cannot be reached. For information about network troubleshooting, see Windows Help]

The above exception was the direct cause of the following exception:

Traceback (most recent call last):
  File "C:\Users\adhocke\source\repos\voice-live-agent\src\api-python\venv\Lib\site-packages\azure\identity\aio\_internal\get_token_mixin.py", line 137, in _get_token_base
    token = await self._request_token(
            ^^^^^^^^^^^^^^^^^^^^^^^^^^
        *scopes, claims=claims, tenant_id=tenant_id, enable_cae=enable_cae, **kwargs
        ^^^^^^^^^^^^^^^^^^^^^^^^^^^^^^^^^^^^^^^^^^^^^^^^^^^^^^^^^^^^^^^^^^^^^^^^^^^^
    )
    ^
  File "C:\Users\adhocke\source\repos\voice-live-agent\src\api-python\venv\Lib\site-packages\azure\identity\aio\_credentials\imds.py", line 86, in _request_token
    raise CredentialUnavailableError(message=error_message) from ex
azure.identity._exceptions.CredentialUnavailableError: ManagedIdentityCredential authentication unavailable, no response from the IMDS endpoint.
2026-02-04 12:26:47,926:azure.identity.aio._internal.decorators:DEBUG:ManagedIdentityCredential.get_token_info failed: ManagedIdentityCredential authentication unavailable, no response from the IMDS endpoint.
Traceback (most recent call last):
  File "C:\Users\adhocke\source\repos\voice-live-agent\src\api-python\venv\Lib\site-packages\aiohttp\connector.py", line 1298, in _wrap_create_connection
    sock = await aiohappyeyeballs.start_connection(
           ^^^^^^^^^^^^^^^^^^^^^^^^^^^^^^^^^^^^^^^^
    ...<6 lines>...
    )
    ^
  File "C:\Users\adhocke\source\repos\voice-live-agent\src\api-python\venv\Lib\site-packages\aiohappyeyeballs\impl.py", line 122, in start_connection
    raise first_exception
  File "C:\Users\adhocke\source\repos\voice-live-agent\src\api-python\venv\Lib\site-packages\aiohappyeyeballs\impl.py", line 73, in start_connection
    sock = await _connect_sock(
           ^^^^^^^^^^^^^^^^^^^^
    ...<6 lines>...
    )
    ^
  File "C:\Users\adhocke\source\repos\voice-live-agent\src\api-python\venv\Lib\site-packages\aiohappyeyeballs\impl.py", line 208, in _connect_sock
    await loop.sock_connect(sock, address)
  File "C:\Users\adhocke\AppData\Local\Programs\Python\Python313\Lib\asyncio\proactor_events.py", line 728, in sock_connect
    return await self._proactor.connect(sock, address)
           ^^^^^^^^^^^^^^^^^^^^^^^^^^^^^^^^^^^^^^^^^^^
  File "C:\Users\adhocke\AppData\Local\Programs\Python\Python313\Lib\asyncio\windows_events.py", line 804, in _poll
    value = callback(transferred, key, ov)
  File "C:\Users\adhocke\AppData\Local\Programs\Python\Python313\Lib\asyncio\windows_events.py", line 600, in finish_connect
    ov.getresult()
    ~~~~~~~~~~~~^^
OSError: [WinError 1231] The network location cannot be reached. For information about network troubleshooting, see Windows Help

The above exception was the direct cause of the following exception:

Traceback (most recent call last):
  File "C:\Users\adhocke\source\repos\voice-live-agent\src\api-python\venv\Lib\site-packages\azure\core\pipeline\transport\_aiohttp.py", line 346, in send
    result = await self.session.request(  # type: ignore
             ^^^^^^^^^^^^^^^^^^^^^^^^^^^^^^^^^^^^^^^^^^^
    ...<8 lines>...
    )
    ^
  File "C:\Users\adhocke\source\repos\voice-live-agent\src\api-python\venv\Lib\site-packages\aiohttp\client.py", line 779, in _request
    resp = await handler(req)
           ^^^^^^^^^^^^^^^^^^
  File "C:\Users\adhocke\source\repos\voice-live-agent\src\api-python\venv\Lib\site-packages\aiohttp\client.py", line 734, in _connect_and_send_request
    conn = await self._connector.connect(
           ^^^^^^^^^^^^^^^^^^^^^^^^^^^^^^
        req, traces=traces, timeout=real_timeout
        ^^^^^^^^^^^^^^^^^^^^^^^^^^^^^^^^^^^^^^^^
    )
    ^
  File "C:\Users\adhocke\source\repos\voice-live-agent\src\api-python\venv\Lib\site-packages\aiohttp\connector.py", line 672, in connect
    proto = await self._create_connection(req, traces, timeout)
            ^^^^^^^^^^^^^^^^^^^^^^^^^^^^^^^^^^^^^^^^^^^^^^^^^^^
  File "C:\Users\adhocke\source\repos\voice-live-agent\src\api-python\venv\Lib\site-packages\aiohttp\connector.py", line 1239, in _create_connection
    _, proto = await self._create_direct_connection(req, traces, timeout)
               ^^^^^^^^^^^^^^^^^^^^^^^^^^^^^^^^^^^^^^^^^^^^^^^^^^^^^^^^^^
  File "C:\Users\adhocke\source\repos\voice-live-agent\src\api-python\venv\Lib\site-packages\aiohttp\connector.py", line 1611, in _create_direct_connection
    raise last_exc
  File "C:\Users\adhocke\source\repos\voice-live-agent\src\api-python\venv\Lib\site-packages\aiohttp\connector.py", line 1580, in _create_direct_connection
    transp, proto = await self._wrap_create_connection(
                    ^^^^^^^^^^^^^^^^^^^^^^^^^^^^^^^^^^^
    ...<7 lines>...
    )
    ^
  File "C:\Users\adhocke\source\repos\voice-live-agent\src\api-python\venv\Lib\site-packages\aiohttp\connector.py", line 1321, in _wrap_create_connection
    raise client_error(req.connection_key, exc) from exc
aiohttp.client_exceptions.ClientConnectorError: Cannot connect to host 169.254.169.254:80 ssl:default [The network location cannot be reached. For information about network troubleshooting, see Windows Help]

The above exception was the direct cause of the following exception:

Traceback (most recent call last):
  File "C:\Users\adhocke\source\repos\voice-live-agent\src\api-python\venv\Lib\site-packages\azure\identity\aio\_credentials\imds.py", line 76, in _request_token
    await self._client.request_token(*scopes, connection_timeout=1, retry_total=0)
  File "C:\Users\adhocke\source\repos\voice-live-agent\src\api-python\venv\Lib\site-packages\azure\identity\aio\_internal\managed_identity_client.py", line 34, in request_token
    response = await self._pipeline.run(request, retry_on_methods=[request.method], **kwargs)
               ^^^^^^^^^^^^^^^^^^^^^^^^^^^^^^^^^^^^^^^^^^^^^^^^^^^^^^^^^^^^^^^^^^^^^^^^^^^^^^
  File "C:\Users\adhocke\source\repos\voice-live-agent\src\api-python\venv\Lib\site-packages\azure\core\pipeline\_base_async.py", line 229, in run
    return await first_node.send(pipeline_request)
           ^^^^^^^^^^^^^^^^^^^^^^^^^^^^^^^^^^^^^^^
  File "C:\Users\adhocke\source\repos\voice-live-agent\src\api-python\venv\Lib\site-packages\azure\core\pipeline\_base_async.py", line 77, in send
    response = await self.next.send(request)
               ^^^^^^^^^^^^^^^^^^^^^^^^^^^^^
  File "C:\Users\adhocke\source\repos\voice-live-agent\src\api-python\venv\Lib\site-packages\azure\core\pipeline\_base_async.py", line 77, in send
    response = await self.next.send(request)
               ^^^^^^^^^^^^^^^^^^^^^^^^^^^^^
  File "C:\Users\adhocke\source\repos\voice-live-agent\src\api-python\venv\Lib\site-packages\azure\core\pipeline\_base_async.py", line 77, in send
    response = await self.next.send(request)
               ^^^^^^^^^^^^^^^^^^^^^^^^^^^^^
  [Previous line repeated 1 more time]
  File "C:\Users\adhocke\source\repos\voice-live-agent\src\api-python\venv\Lib\site-packages\azure\core\pipeline\policies\_retry_async.py", line 204, in send
    raise err
  File "C:\Users\adhocke\source\repos\voice-live-agent\src\api-python\venv\Lib\site-packages\azure\core\pipeline\policies\_retry_async.py", line 178, in send
    response = await self.next.send(request)
               ^^^^^^^^^^^^^^^^^^^^^^^^^^^^^
  File "C:\Users\adhocke\source\repos\voice-live-agent\src\api-python\venv\Lib\site-packages\azure\core\pipeline\_base_async.py", line 77, in send
    response = await self.next.send(request)
               ^^^^^^^^^^^^^^^^^^^^^^^^^^^^^
  File "C:\Users\adhocke\source\repos\voice-live-agent\src\api-python\venv\Lib\site-packages\azure\core\pipeline\_base_async.py", line 77, in send
    response = await self.next.send(request)
               ^^^^^^^^^^^^^^^^^^^^^^^^^^^^^
  File "C:\Users\adhocke\source\repos\voice-live-agent\src\api-python\venv\Lib\site-packages\azure\core\pipeline\_base_async.py", line 77, in send
    response = await self.next.send(request)
               ^^^^^^^^^^^^^^^^^^^^^^^^^^^^^
  [Previous line repeated 1 more time]
  File "C:\Users\adhocke\source\repos\voice-live-agent\src\api-python\venv\Lib\site-packages\azure\core\pipeline\_base_async.py", line 111, in send
    await self._sender.send(request.http_request, **request.context.options),
    ^^^^^^^^^^^^^^^^^^^^^^^^^^^^^^^^^^^^^^^^^^^^^^^^^^^^^^^^^^^^^^^^^^^^^^^^
  File "C:\Users\adhocke\source\repos\voice-live-agent\src\api-python\venv\Lib\site-packages\azure\core\pipeline\transport\_aiohttp.py", line 393, in send
    raise ServiceRequestError(err, error=err) from err
azure.core.exceptions.ServiceRequestError: Cannot connect to host 169.254.169.254:80 ssl:default [The network location cannot be reached. For information about network troubleshooting, see Windows Help]

The above exception was the direct cause of the following exception:

Traceback (most recent call last):
  File "C:\Users\adhocke\source\repos\voice-live-agent\src\api-python\venv\Lib\site-packages\azure\identity\aio\_internal\decorators.py", line 22, in wrapper
    token = await fn(*args, **kwargs)
            ^^^^^^^^^^^^^^^^^^^^^^^^^
  File "C:\Users\adhocke\source\repos\voice-live-agent\src\api-python\venv\Lib\site-packages\azure\identity\aio\_credentials\managed_identity.py", line 187, in get_token_info
    return await cast(AsyncSupportsTokenInfo, self._credential).get_token_info(*scopes, options=options)
           ^^^^^^^^^^^^^^^^^^^^^^^^^^^^^^^^^^^^^^^^^^^^^^^^^^^^^^^^^^^^^^^^^^^^^^^^^^^^^^^^^^^^^^^^^^^^^
  File "C:\Users\adhocke\source\repos\voice-live-agent\src\api-python\venv\Lib\site-packages\azure\identity\aio\_internal\get_token_mixin.py", line 114, in get_token_info
    return await self._get_token_base(*scopes, options=options, base_method_name="get_token_info")
           ^^^^^^^^^^^^^^^^^^^^^^^^^^^^^^^^^^^^^^^^^^^^^^^^^^^^^^^^^^^^^^^^^^^^^^^^^^^^^^^^^^^^^^^
  File "C:\Users\adhocke\source\repos\voice-live-agent\src\api-python\venv\Lib\site-packages\azure\identity\aio\_internal\get_token_mixin.py", line 137, in _get_token_base
    token = await self._request_token(
            ^^^^^^^^^^^^^^^^^^^^^^^^^^
        *scopes, claims=claims, tenant_id=tenant_id, enable_cae=enable_cae, **kwargs
        ^^^^^^^^^^^^^^^^^^^^^^^^^^^^^^^^^^^^^^^^^^^^^^^^^^^^^^^^^^^^^^^^^^^^^^^^^^^^
    )
    ^
  File "C:\Users\adhocke\source\repos\voice-live-agent\src\api-python\venv\Lib\site-packages\azure\identity\aio\_credentials\imds.py", line 86, in _request_token
    raise CredentialUnavailableError(message=error_message) from ex
azure.identity._exceptions.CredentialUnavailableError: ManagedIdentityCredential authentication unavailable, no response from the IMDS endpoint.
2026-02-04 12:26:47,943:azure.identity.aio._internal.decorators:DEBUG:SharedTokenCacheCredential.get_token_info succeeded
2026-02-04 12:26:47,943:azure.identity.aio._internal.decorators:DEBUG:[Authenticated account] Client ID: 04b07795-8ddb-461a-bbee-02f9e1bf7b46. Tenant ID: 2509ae39-0407-4844-88a7-a73105a3c575. User Principal Name: admin@MngEnvMCAP945557.onmicrosoft.com. Object ID (user): 32b87062-b3b0-44af-973a-d8454515e1ba
2026-02-04 12:26:47,944:azure.identity.aio._credentials.chained:INFO:DefaultAzureCredential acquired a token from SharedTokenCacheCredential
2026-02-04 12:26:47,944:azure.core.pipeline.policies.http_logging_policy:INFO:Request URL: 'https://acs-env2.communication.azure.com/calling/callConnections/15005b80-123a-4f10-893a-ea0f77927d31:terminate?api-version=REDACTED'
Request method: 'POST'
Request headers:
    'Repeatability-First-Sent': 'REDACTED'
    'Repeatability-Request-ID': 'REDACTED'
    'Accept': 'application/json'
    'x-ms-client-request-id': 'af3c61d5-01ee-11f1-9528-e02e0b0dc55e'
    'User-Agent': 'azsdk-python-communication-callautomation/1.5.0 Python/3.13.11 (Windows-11-10.0.26200-SP0)'
    'Authorization': 'REDACTED'
No body was attached to the request
2026-02-04 12:26:48,236:azure.core.pipeline.policies.http_logging_policy:INFO:Response status: 204
Response headers:
    'Date': 'Wed, 04 Feb 2026 17:26:47 GMT'
    'Connection': 'keep-alive'
    'MS-CV': 'REDACTED'
    'Repeatability-Result': 'REDACTED'
    'X-Microsoft-Skype-Client': 'REDACTED'
    'X-Ms-Client-Version': 'REDACTED'
    'api-supported-versions': 'REDACTED'
    'x-ms-client-request-id': 'af3c61d5-01ee-11f1-9528-e02e0b0dc55e'
    'X-Microsoft-Skype-Chain-ID': 'REDACTED'
    'x-azure-ref': 'REDACTED'
    'Strict-Transport-Security': 'REDACTED'
    'X-Cache': 'REDACTED'
2026-02-04 12:26:48,236:main:WARNING:No recording metadata found for 15005b80-123a-4f10-893a-ea0f77927d31
2026-02-04 12:26:48,237:main:INFO:Scheduled cleanup for call 15005b80-123a-4f10-893a-ea0f77927d31 in 0.5s (reason: user_hangup)
2026-02-04 12:26:48,237:main:INFO:Hung up call: 15005b80-123a-4f10-893a-ea0f77927d31
2026-02-04 12:26:48,754:main:INFO:Cleanup: removing call 15005b80-123a-4f10-893a-ea0f77927d31 (reason: user_hangup)
2026-02-04 12:26:52,114:voicelive_agent:DEBUG:Removed expired warm connection
2026-02-04 12:26:52,115:voicelive_agent:DEBUG:Creating new warm connection...
2026-02-04 12:26:52,116:azure.ai.voicelive.aio._patch:DEBUG:Connecting to wss://ai-env2.cognitiveservices.azure.com/voice-live/realtime?api-version=2025-10-01&model=gpt-realtime
2026-02-04 12:26:52,117:azure.identity.aio._internal.decorators:INFO:SharedTokenCacheCredential.get_token succeeded
2026-02-04 12:26:52,117:azure.identity.aio._internal.decorators:DEBUG:[Authenticated account] Client ID: 04b07795-8ddb-461a-bbee-02f9e1bf7b46. Tenant ID: 2509ae39-0407-4844-88a7-a73105a3c575. User Principal Name: admin@MngEnvMCAP945557.onmicrosoft.com. Object ID (user): 32b87062-b3b0-44af-973a-d8454515e1ba
2026-02-04 12:26:52,118:azure.identity.aio._credentials.default:INFO:DefaultAzureCredential acquired a token from SharedTokenCacheCredential
2026-02-04 12:26:52,403:voicelive_agent:INFO:Pre-warmed connection created in 0.29s
2026-02-04 12:26:54,808:azure.identity.aio._credentials.environment:INFO:No environment configuration found.
2026-02-04 12:26:54,809:azure.identity.aio._credentials.managed_identity:INFO:ManagedIdentityCredential will use IMDS
2026-02-04 12:26:54,810:main:INFO:Creating outbound call: source=+18662434241, target=12604146481, callback=https://ca-api-env2.delightfulmoss-ed394f49.eastus2.azurecontainerapps.io/api/calls/events
2026-02-04 12:26:54,813:azure.identity.aio._internal.decorators:DEBUG:EnvironmentCredential.get_token_info failed: EnvironmentCredential authentication unavailable. Environment variables are not fully configured.
Visit https://aka.ms/azsdk/python/identity/environmentcredential/troubleshoot to troubleshoot this issue.
Traceback (most recent call last):
  File "C:\Users\adhocke\source\repos\voice-live-agent\src\api-python\venv\Lib\site-packages\azure\identity\aio\_internal\decorators.py", line 22, in wrapper
    token = await fn(*args, **kwargs)
            ^^^^^^^^^^^^^^^^^^^^^^^^^
  File "C:\Users\adhocke\source\repos\voice-live-agent\src\api-python\venv\Lib\site-packages\azure\identity\aio\_credentials\environment.py", line 152, in get_token_info
    raise CredentialUnavailableError(message=message)
azure.identity._exceptions.CredentialUnavailableError: EnvironmentCredential authentication unavailable. Environment variables are not fully configured.
Visit https://aka.ms/azsdk/python/identity/environmentcredential/troubleshoot to troubleshoot this issue.
2026-02-04 12:26:54,816:azure.core.pipeline.policies.http_logging_policy:INFO:Request URL: 'http://169.254.169.254/metadata/identity/oauth2/token?api-version=REDACTED&resource=REDACTED'
Request method: 'GET'
Request headers:
    'User-Agent': 'azsdk-python-identity/1.25.1 Python/3.13.11 (Windows-11-10.0.26200-SP0)'
No body was attached to the request
2026-02-04 12:26:54,828:azure.identity.aio._internal.get_token_mixin:DEBUG:ImdsCredential.get_token_info failed: ManagedIdentityCredential authentication unavailable, no response from the IMDS endpoint.
Traceback (most recent call last):
  File "C:\Users\adhocke\source\repos\voice-live-agent\src\api-python\venv\Lib\site-packages\aiohttp\connector.py", line 1298, in _wrap_create_connection
    sock = await aiohappyeyeballs.start_connection(
           ^^^^^^^^^^^^^^^^^^^^^^^^^^^^^^^^^^^^^^^^
    ...<6 lines>...
    )
    ^
  File "C:\Users\adhocke\source\repos\voice-live-agent\src\api-python\venv\Lib\site-packages\aiohappyeyeballs\impl.py", line 122, in start_connection
    raise first_exception
  File "C:\Users\adhocke\source\repos\voice-live-agent\src\api-python\venv\Lib\site-packages\aiohappyeyeballs\impl.py", line 73, in start_connection
    sock = await _connect_sock(
           ^^^^^^^^^^^^^^^^^^^^
    ...<6 lines>...
    )
    ^
  File "C:\Users\adhocke\source\repos\voice-live-agent\src\api-python\venv\Lib\site-packages\aiohappyeyeballs\impl.py", line 208, in _connect_sock
    await loop.sock_connect(sock, address)
  File "C:\Users\adhocke\AppData\Local\Programs\Python\Python313\Lib\asyncio\proactor_events.py", line 728, in sock_connect
    return await self._proactor.connect(sock, address)
           ^^^^^^^^^^^^^^^^^^^^^^^^^^^^^^^^^^^^^^^^^^^
  File "C:\Users\adhocke\AppData\Local\Programs\Python\Python313\Lib\asyncio\windows_events.py", line 804, in _poll
    value = callback(transferred, key, ov)
  File "C:\Users\adhocke\AppData\Local\Programs\Python\Python313\Lib\asyncio\windows_events.py", line 600, in finish_connect
    ov.getresult()
    ~~~~~~~~~~~~^^
OSError: [WinError 1231] The network location cannot be reached. For information about network troubleshooting, see Windows Help

The above exception was the direct cause of the following exception:

Traceback (most recent call last):
  File "C:\Users\adhocke\source\repos\voice-live-agent\src\api-python\venv\Lib\site-packages\azure\core\pipeline\transport\_aiohttp.py", line 346, in send
    result = await self.session.request(  # type: ignore
             ^^^^^^^^^^^^^^^^^^^^^^^^^^^^^^^^^^^^^^^^^^^
    ...<8 lines>...
    )
    ^
  File "C:\Users\adhocke\source\repos\voice-live-agent\src\api-python\venv\Lib\site-packages\aiohttp\client.py", line 779, in _request
    resp = await handler(req)
           ^^^^^^^^^^^^^^^^^^
  File "C:\Users\adhocke\source\repos\voice-live-agent\src\api-python\venv\Lib\site-packages\aiohttp\client.py", line 734, in _connect_and_send_request
    conn = await self._connector.connect(
           ^^^^^^^^^^^^^^^^^^^^^^^^^^^^^^
        req, traces=traces, timeout=real_timeout
        ^^^^^^^^^^^^^^^^^^^^^^^^^^^^^^^^^^^^^^^^
    )
    ^
  File "C:\Users\adhocke\source\repos\voice-live-agent\src\api-python\venv\Lib\site-packages\aiohttp\connector.py", line 672, in connect
    proto = await self._create_connection(req, traces, timeout)
            ^^^^^^^^^^^^^^^^^^^^^^^^^^^^^^^^^^^^^^^^^^^^^^^^^^^
  File "C:\Users\adhocke\source\repos\voice-live-agent\src\api-python\venv\Lib\site-packages\aiohttp\connector.py", line 1239, in _create_connection
    _, proto = await self._create_direct_connection(req, traces, timeout)
               ^^^^^^^^^^^^^^^^^^^^^^^^^^^^^^^^^^^^^^^^^^^^^^^^^^^^^^^^^^
  File "C:\Users\adhocke\source\repos\voice-live-agent\src\api-python\venv\Lib\site-packages\aiohttp\connector.py", line 1611, in _create_direct_connection
    raise last_exc
  File "C:\Users\adhocke\source\repos\voice-live-agent\src\api-python\venv\Lib\site-packages\aiohttp\connector.py", line 1580, in _create_direct_connection
    transp, proto = await self._wrap_create_connection(
                    ^^^^^^^^^^^^^^^^^^^^^^^^^^^^^^^^^^^
    ...<7 lines>...
    )
    ^
  File "C:\Users\adhocke\source\repos\voice-live-agent\src\api-python\venv\Lib\site-packages\aiohttp\connector.py", line 1321, in _wrap_create_connection
    raise client_error(req.connection_key, exc) from exc
aiohttp.client_exceptions.ClientConnectorError: Cannot connect to host 169.254.169.254:80 ssl:default [The network location cannot be reached. For information about network troubleshooting, see Windows Help]

The above exception was the direct cause of the following exception:

Traceback (most recent call last):
  File "C:\Users\adhocke\source\repos\voice-live-agent\src\api-python\venv\Lib\site-packages\azure\identity\aio\_credentials\imds.py", line 76, in _request_token
    await self._client.request_token(*scopes, connection_timeout=1, retry_total=0)
  File "C:\Users\adhocke\source\repos\voice-live-agent\src\api-python\venv\Lib\site-packages\azure\identity\aio\_internal\managed_identity_client.py", line 34, in request_token
    response = await self._pipeline.run(request, retry_on_methods=[request.method], **kwargs)
               ^^^^^^^^^^^^^^^^^^^^^^^^^^^^^^^^^^^^^^^^^^^^^^^^^^^^^^^^^^^^^^^^^^^^^^^^^^^^^^
  File "C:\Users\adhocke\source\repos\voice-live-agent\src\api-python\venv\Lib\site-packages\azure\core\pipeline\_base_async.py", line 229, in run
    return await first_node.send(pipeline_request)
           ^^^^^^^^^^^^^^^^^^^^^^^^^^^^^^^^^^^^^^^
  File "C:\Users\adhocke\source\repos\voice-live-agent\src\api-python\venv\Lib\site-packages\azure\core\pipeline\_base_async.py", line 77, in send
    response = await self.next.send(request)
               ^^^^^^^^^^^^^^^^^^^^^^^^^^^^^
  File "C:\Users\adhocke\source\repos\voice-live-agent\src\api-python\venv\Lib\site-packages\azure\core\pipeline\_base_async.py", line 77, in send
    response = await self.next.send(request)
               ^^^^^^^^^^^^^^^^^^^^^^^^^^^^^
  File "C:\Users\adhocke\source\repos\voice-live-agent\src\api-python\venv\Lib\site-packages\azure\core\pipeline\_base_async.py", line 77, in send
    response = await self.next.send(request)
               ^^^^^^^^^^^^^^^^^^^^^^^^^^^^^
  [Previous line repeated 1 more time]
  File "C:\Users\adhocke\source\repos\voice-live-agent\src\api-python\venv\Lib\site-packages\azure\core\pipeline\policies\_retry_async.py", line 204, in send
    raise err
  File "C:\Users\adhocke\source\repos\voice-live-agent\src\api-python\venv\Lib\site-packages\azure\core\pipeline\policies\_retry_async.py", line 178, in send
    response = await self.next.send(request)
               ^^^^^^^^^^^^^^^^^^^^^^^^^^^^^
  File "C:\Users\adhocke\source\repos\voice-live-agent\src\api-python\venv\Lib\site-packages\azure\core\pipeline\_base_async.py", line 77, in send
    response = await self.next.send(request)
               ^^^^^^^^^^^^^^^^^^^^^^^^^^^^^
  File "C:\Users\adhocke\source\repos\voice-live-agent\src\api-python\venv\Lib\site-packages\azure\core\pipeline\_base_async.py", line 77, in send
    response = await self.next.send(request)
               ^^^^^^^^^^^^^^^^^^^^^^^^^^^^^
  File "C:\Users\adhocke\source\repos\voice-live-agent\src\api-python\venv\Lib\site-packages\azure\core\pipeline\_base_async.py", line 77, in send
    response = await self.next.send(request)
               ^^^^^^^^^^^^^^^^^^^^^^^^^^^^^
  [Previous line repeated 1 more time]
  File "C:\Users\adhocke\source\repos\voice-live-agent\src\api-python\venv\Lib\site-packages\azure\core\pipeline\_base_async.py", line 111, in send
    await self._sender.send(request.http_request, **request.context.options),
    ^^^^^^^^^^^^^^^^^^^^^^^^^^^^^^^^^^^^^^^^^^^^^^^^^^^^^^^^^^^^^^^^^^^^^^^^
  File "C:\Users\adhocke\source\repos\voice-live-agent\src\api-python\venv\Lib\site-packages\azure\core\pipeline\transport\_aiohttp.py", line 393, in send
    raise ServiceRequestError(err, error=err) from err
azure.core.exceptions.ServiceRequestError: Cannot connect to host 169.254.169.254:80 ssl:default [The network location cannot be reached. For information about network troubleshooting, see Windows Help]

The above exception was the direct cause of the following exception:

Traceback (most recent call last):
  File "C:\Users\adhocke\source\repos\voice-live-agent\src\api-python\venv\Lib\site-packages\azure\identity\aio\_internal\get_token_mixin.py", line 137, in _get_token_base
    token = await self._request_token(
            ^^^^^^^^^^^^^^^^^^^^^^^^^^
        *scopes, claims=claims, tenant_id=tenant_id, enable_cae=enable_cae, **kwargs
        ^^^^^^^^^^^^^^^^^^^^^^^^^^^^^^^^^^^^^^^^^^^^^^^^^^^^^^^^^^^^^^^^^^^^^^^^^^^^
    )
    ^
  File "C:\Users\adhocke\source\repos\voice-live-agent\src\api-python\venv\Lib\site-packages\azure\identity\aio\_credentials\imds.py", line 86, in _request_token
    raise CredentialUnavailableError(message=error_message) from ex
azure.identity._exceptions.CredentialUnavailableError: ManagedIdentityCredential authentication unavailable, no response from the IMDS endpoint.
2026-02-04 12:26:54,847:azure.identity.aio._internal.decorators:DEBUG:ManagedIdentityCredential.get_token_info failed: ManagedIdentityCredential authentication unavailable, no response from the IMDS endpoint.
Traceback (most recent call last):
  File "C:\Users\adhocke\source\repos\voice-live-agent\src\api-python\venv\Lib\site-packages\aiohttp\connector.py", line 1298, in _wrap_create_connection
    sock = await aiohappyeyeballs.start_connection(
           ^^^^^^^^^^^^^^^^^^^^^^^^^^^^^^^^^^^^^^^^
    ...<6 lines>...
    )
    ^
  File "C:\Users\adhocke\source\repos\voice-live-agent\src\api-python\venv\Lib\site-packages\aiohappyeyeballs\impl.py", line 122, in start_connection
    raise first_exception
  File "C:\Users\adhocke\source\repos\voice-live-agent\src\api-python\venv\Lib\site-packages\aiohappyeyeballs\impl.py", line 73, in start_connection
    sock = await _connect_sock(
           ^^^^^^^^^^^^^^^^^^^^
    ...<6 lines>...
    )
    ^
  File "C:\Users\adhocke\source\repos\voice-live-agent\src\api-python\venv\Lib\site-packages\aiohappyeyeballs\impl.py", line 208, in _connect_sock
    await loop.sock_connect(sock, address)
  File "C:\Users\adhocke\AppData\Local\Programs\Python\Python313\Lib\asyncio\proactor_events.py", line 728, in sock_connect
    return await self._proactor.connect(sock, address)
           ^^^^^^^^^^^^^^^^^^^^^^^^^^^^^^^^^^^^^^^^^^^
  File "C:\Users\adhocke\AppData\Local\Programs\Python\Python313\Lib\asyncio\windows_events.py", line 804, in _poll
    value = callback(transferred, key, ov)
  File "C:\Users\adhocke\AppData\Local\Programs\Python\Python313\Lib\asyncio\windows_events.py", line 600, in finish_connect
    ov.getresult()
    ~~~~~~~~~~~~^^
OSError: [WinError 1231] The network location cannot be reached. For information about network troubleshooting, see Windows Help

The above exception was the direct cause of the following exception:

Traceback (most recent call last):
  File "C:\Users\adhocke\source\repos\voice-live-agent\src\api-python\venv\Lib\site-packages\azure\core\pipeline\transport\_aiohttp.py", line 346, in send
    result = await self.session.request(  # type: ignore
             ^^^^^^^^^^^^^^^^^^^^^^^^^^^^^^^^^^^^^^^^^^^
    ...<8 lines>...
    )
    ^
  File "C:\Users\adhocke\source\repos\voice-live-agent\src\api-python\venv\Lib\site-packages\aiohttp\client.py", line 779, in _request
    resp = await handler(req)
           ^^^^^^^^^^^^^^^^^^
  File "C:\Users\adhocke\source\repos\voice-live-agent\src\api-python\venv\Lib\site-packages\aiohttp\client.py", line 734, in _connect_and_send_request
    conn = await self._connector.connect(
           ^^^^^^^^^^^^^^^^^^^^^^^^^^^^^^
        req, traces=traces, timeout=real_timeout
        ^^^^^^^^^^^^^^^^^^^^^^^^^^^^^^^^^^^^^^^^
    )
    ^
  File "C:\Users\adhocke\source\repos\voice-live-agent\src\api-python\venv\Lib\site-packages\aiohttp\connector.py", line 672, in connect
    proto = await self._create_connection(req, traces, timeout)
            ^^^^^^^^^^^^^^^^^^^^^^^^^^^^^^^^^^^^^^^^^^^^^^^^^^^
  File "C:\Users\adhocke\source\repos\voice-live-agent\src\api-python\venv\Lib\site-packages\aiohttp\connector.py", line 1239, in _create_connection
    _, proto = await self._create_direct_connection(req, traces, timeout)
               ^^^^^^^^^^^^^^^^^^^^^^^^^^^^^^^^^^^^^^^^^^^^^^^^^^^^^^^^^^
  File "C:\Users\adhocke\source\repos\voice-live-agent\src\api-python\venv\Lib\site-packages\aiohttp\connector.py", line 1611, in _create_direct_connection
    raise last_exc
  File "C:\Users\adhocke\source\repos\voice-live-agent\src\api-python\venv\Lib\site-packages\aiohttp\connector.py", line 1580, in _create_direct_connection
    transp, proto = await self._wrap_create_connection(
                    ^^^^^^^^^^^^^^^^^^^^^^^^^^^^^^^^^^^
    ...<7 lines>...
    )
    ^
  File "C:\Users\adhocke\source\repos\voice-live-agent\src\api-python\venv\Lib\site-packages\aiohttp\connector.py", line 1321, in _wrap_create_connection
    raise client_error(req.connection_key, exc) from exc
aiohttp.client_exceptions.ClientConnectorError: Cannot connect to host 169.254.169.254:80 ssl:default [The network location cannot be reached. For information about network troubleshooting, see Windows Help]

The above exception was the direct cause of the following exception:

Traceback (most recent call last):
  File "C:\Users\adhocke\source\repos\voice-live-agent\src\api-python\venv\Lib\site-packages\azure\identity\aio\_credentials\imds.py", line 76, in _request_token
    await self._client.request_token(*scopes, connection_timeout=1, retry_total=0)
  File "C:\Users\adhocke\source\repos\voice-live-agent\src\api-python\venv\Lib\site-packages\azure\identity\aio\_internal\managed_identity_client.py", line 34, in request_token
    response = await self._pipeline.run(request, retry_on_methods=[request.method], **kwargs)
               ^^^^^^^^^^^^^^^^^^^^^^^^^^^^^^^^^^^^^^^^^^^^^^^^^^^^^^^^^^^^^^^^^^^^^^^^^^^^^^
  File "C:\Users\adhocke\source\repos\voice-live-agent\src\api-python\venv\Lib\site-packages\azure\core\pipeline\_base_async.py", line 229, in run
    return await first_node.send(pipeline_request)
           ^^^^^^^^^^^^^^^^^^^^^^^^^^^^^^^^^^^^^^^
  File "C:\Users\adhocke\source\repos\voice-live-agent\src\api-python\venv\Lib\site-packages\azure\core\pipeline\_base_async.py", line 77, in send
    response = await self.next.send(request)
               ^^^^^^^^^^^^^^^^^^^^^^^^^^^^^
  File "C:\Users\adhocke\source\repos\voice-live-agent\src\api-python\venv\Lib\site-packages\azure\core\pipeline\_base_async.py", line 77, in send
    response = await self.next.send(request)
               ^^^^^^^^^^^^^^^^^^^^^^^^^^^^^
  File "C:\Users\adhocke\source\repos\voice-live-agent\src\api-python\venv\Lib\site-packages\azure\core\pipeline\_base_async.py", line 77, in send
    response = await self.next.send(request)
               ^^^^^^^^^^^^^^^^^^^^^^^^^^^^^
  [Previous line repeated 1 more time]
  File "C:\Users\adhocke\source\repos\voice-live-agent\src\api-python\venv\Lib\site-packages\azure\core\pipeline\policies\_retry_async.py", line 204, in send
    raise err
  File "C:\Users\adhocke\source\repos\voice-live-agent\src\api-python\venv\Lib\site-packages\azure\core\pipeline\policies\_retry_async.py", line 178, in send
    response = await self.next.send(request)
               ^^^^^^^^^^^^^^^^^^^^^^^^^^^^^
  File "C:\Users\adhocke\source\repos\voice-live-agent\src\api-python\venv\Lib\site-packages\azure\core\pipeline\_base_async.py", line 77, in send
    response = await self.next.send(request)
               ^^^^^^^^^^^^^^^^^^^^^^^^^^^^^
  File "C:\Users\adhocke\source\repos\voice-live-agent\src\api-python\venv\Lib\site-packages\azure\core\pipeline\_base_async.py", line 77, in send
    response = await self.next.send(request)
               ^^^^^^^^^^^^^^^^^^^^^^^^^^^^^
  File "C:\Users\adhocke\source\repos\voice-live-agent\src\api-python\venv\Lib\site-packages\azure\core\pipeline\_base_async.py", line 77, in send
    response = await self.next.send(request)
               ^^^^^^^^^^^^^^^^^^^^^^^^^^^^^
  [Previous line repeated 1 more time]
  File "C:\Users\adhocke\source\repos\voice-live-agent\src\api-python\venv\Lib\site-packages\azure\core\pipeline\_base_async.py", line 111, in send
    await self._sender.send(request.http_request, **request.context.options),
    ^^^^^^^^^^^^^^^^^^^^^^^^^^^^^^^^^^^^^^^^^^^^^^^^^^^^^^^^^^^^^^^^^^^^^^^^
  File "C:\Users\adhocke\source\repos\voice-live-agent\src\api-python\venv\Lib\site-packages\azure\core\pipeline\transport\_aiohttp.py", line 393, in send
    raise ServiceRequestError(err, error=err) from err
azure.core.exceptions.ServiceRequestError: Cannot connect to host 169.254.169.254:80 ssl:default [The network location cannot be reached. For information about network troubleshooting, see Windows Help]

The above exception was the direct cause of the following exception:

Traceback (most recent call last):
  File "C:\Users\adhocke\source\repos\voice-live-agent\src\api-python\venv\Lib\site-packages\azure\identity\aio\_internal\decorators.py", line 22, in wrapper
    token = await fn(*args, **kwargs)
            ^^^^^^^^^^^^^^^^^^^^^^^^^
  File "C:\Users\adhocke\source\repos\voice-live-agent\src\api-python\venv\Lib\site-packages\azure\identity\aio\_credentials\managed_identity.py", line 187, in get_token_info
    return await cast(AsyncSupportsTokenInfo, self._credential).get_token_info(*scopes, options=options)
           ^^^^^^^^^^^^^^^^^^^^^^^^^^^^^^^^^^^^^^^^^^^^^^^^^^^^^^^^^^^^^^^^^^^^^^^^^^^^^^^^^^^^^^^^^^^^^
  File "C:\Users\adhocke\source\repos\voice-live-agent\src\api-python\venv\Lib\site-packages\azure\identity\aio\_internal\get_token_mixin.py", line 114, in get_token_info
    return await self._get_token_base(*scopes, options=options, base_method_name="get_token_info")
           ^^^^^^^^^^^^^^^^^^^^^^^^^^^^^^^^^^^^^^^^^^^^^^^^^^^^^^^^^^^^^^^^^^^^^^^^^^^^^^^^^^^^^^^
  File "C:\Users\adhocke\source\repos\voice-live-agent\src\api-python\venv\Lib\site-packages\azure\identity\aio\_internal\get_token_mixin.py", line 137, in _get_token_base
    token = await self._request_token(
            ^^^^^^^^^^^^^^^^^^^^^^^^^^
        *scopes, claims=claims, tenant_id=tenant_id, enable_cae=enable_cae, **kwargs
        ^^^^^^^^^^^^^^^^^^^^^^^^^^^^^^^^^^^^^^^^^^^^^^^^^^^^^^^^^^^^^^^^^^^^^^^^^^^^
    )
    ^
  File "C:\Users\adhocke\source\repos\voice-live-agent\src\api-python\venv\Lib\site-packages\azure\identity\aio\_credentials\imds.py", line 86, in _request_token
    raise CredentialUnavailableError(message=error_message) from ex
azure.identity._exceptions.CredentialUnavailableError: ManagedIdentityCredential authentication unavailable, no response from the IMDS endpoint.
2026-02-04 12:26:54,867:azure.identity.aio._internal.decorators:DEBUG:SharedTokenCacheCredential.get_token_info succeeded
2026-02-04 12:26:54,868:azure.identity.aio._internal.decorators:DEBUG:[Authenticated account] Client ID: 04b07795-8ddb-461a-bbee-02f9e1bf7b46. Tenant ID: 2509ae39-0407-4844-88a7-a73105a3c575. User Principal Name: admin@MngEnvMCAP945557.onmicrosoft.com. Object ID (user): 32b87062-b3b0-44af-973a-d8454515e1ba
2026-02-04 12:26:54,868:azure.identity.aio._credentials.chained:INFO:DefaultAzureCredential acquired a token from SharedTokenCacheCredential
2026-02-04 12:26:54,870:azure.core.pipeline.policies.http_logging_policy:INFO:Request URL: 'https://acs-env2.communication.azure.com/calling/callConnections?api-version=REDACTED'
Request method: 'POST'
Request headers:
    'Content-Type': 'application/json'
    'Content-Length': '540'
    'Repeatability-First-Sent': 'REDACTED'
    'Repeatability-Request-ID': 'REDACTED'
    'Accept': 'application/json'
    'x-ms-client-request-id': 'b35b28fd-01ee-11f1-9bd6-e02e0b0dc55e'
    'User-Agent': 'azsdk-python-communication-callautomation/1.5.0 Python/3.13.11 (Windows-11-10.0.26200-SP0)'
    'Authorization': 'REDACTED'
A body is sent with the request
2026-02-04 12:26:55,235:azure.core.pipeline.policies.http_logging_policy:INFO:Response status: 201
Response headers:
    'Date': 'Wed, 04 Feb 2026 17:26:54 GMT'
    'Content-Type': 'application/json; charset=utf-8'
    'Transfer-Encoding': 'chunked'
    'Connection': 'keep-alive'
    'MS-CV': 'REDACTED'
    'X-Microsoft-Skype-Client': 'REDACTED'
    'X-Ms-Client-Version': 'REDACTED'
    'api-supported-versions': 'REDACTED'
    'x-ms-client-request-id': 'b35b28fd-01ee-11f1-9bd6-e02e0b0dc55e'
    'X-Microsoft-Skype-Chain-ID': 'REDACTED'
    'x-azure-ref': 'REDACTED'
    'Strict-Transport-Security': 'REDACTED'
    'X-Cache': 'REDACTED'
2026-02-04 12:26:55,238:main:INFO:Outbound call created: call_connection_id=16005b80-ae95-4eb0-96f2-464b6b42f995
2026-02-04 12:26:55,239:main:INFO:Outbound call initiated: 16005b80-ae95-4eb0-96f2-464b6b42f995 to 12604146481
2026-02-04 12:26:58,526:voicelive_agent:DEBUG:Removed expired warm connection
2026-02-04 12:26:58,526:voicelive_agent:DEBUG:Creating new warm connection...
2026-02-04 12:26:58,527:azure.ai.voicelive.aio._patch:DEBUG:Connecting to wss://ai-env2.cognitiveservices.azure.com/voice-live/realtime?api-version=2025-10-01&model=gpt-realtime
2026-02-04 12:26:58,528:azure.identity.aio._internal.decorators:INFO:SharedTokenCacheCredential.get_token succeeded
2026-02-04 12:26:58,529:azure.identity.aio._internal.decorators:DEBUG:[Authenticated account] Client ID: 04b07795-8ddb-461a-bbee-02f9e1bf7b46. Tenant ID: 2509ae39-0407-4844-88a7-a73105a3c575. User Principal Name: admin@MngEnvMCAP945557.onmicrosoft.com. Object ID (user): 32b87062-b3b0-44af-973a-d8454515e1ba
2026-02-04 12:26:58,529:azure.identity.aio._credentials.default:INFO:DefaultAzureCredential acquired a token from SharedTokenCacheCredential
2026-02-04 12:26:58,608:asyncio:ERROR:Unclosed client session
client_session: <aiohttp.client.ClientSession object at 0x000001CABA349950>
2026-02-04 12:26:58,608:asyncio:ERROR:Unclosed client session
client_session: <aiohttp.client.ClientSession object at 0x000001CABA153D90>
2026-02-04 12:26:58,609:asyncio:ERROR:Unclosed connector
connections: ['deque([(<aiohttp.client_proto.ResponseHandler object at 0x000001CABA305D90>, 78066.9880016)])']
connector: <aiohttp.connector.TCPConnector object at 0x000001CABA348410>
2026-02-04 12:26:58,609:asyncio:ERROR:Unclosed client session
client_session: <aiohttp.client.ClientSession object at 0x000001CABA372850>
2026-02-04 12:26:58,610:asyncio:ERROR:Unclosed client session
client_session: <aiohttp.client.ClientSession object at 0x000001CABA3725D0>
2026-02-04 12:26:58,610:asyncio:ERROR:Unclosed connector
connections: ['deque([(<aiohttp.client_proto.ResponseHandler object at 0x000001CABA3C3470>, 78073.9874348)])']
connector: <aiohttp.connector.TCPConnector object at 0x000001CABA372AD0>
2026-02-04 12:26:58,746:voicelive_agent:INFO:Pre-warmed connection created in 0.22s
2026-02-04 12:27:08,263:azure.identity.aio._credentials.environment:INFO:No environment configuration found.
2026-02-04 12:27:08,264:azure.identity.aio._credentials.managed_identity:INFO:ManagedIdentityCredential will use IMDS
2026-02-04 12:27:08,266:azure.identity.aio._internal.decorators:DEBUG:EnvironmentCredential.get_token_info failed: EnvironmentCredential authentication unavailable. Environment variables are not fully configured.
Visit https://aka.ms/azsdk/python/identity/environmentcredential/troubleshoot to troubleshoot this issue.
Traceback (most recent call last):
  File "C:\Users\adhocke\source\repos\voice-live-agent\src\api-python\venv\Lib\site-packages\azure\identity\aio\_internal\decorators.py", line 22, in wrapper
    token = await fn(*args, **kwargs)
            ^^^^^^^^^^^^^^^^^^^^^^^^^
  File "C:\Users\adhocke\source\repos\voice-live-agent\src\api-python\venv\Lib\site-packages\azure\identity\aio\_credentials\environment.py", line 152, in get_token_info
    raise CredentialUnavailableError(message=message)
azure.identity._exceptions.CredentialUnavailableError: EnvironmentCredential authentication unavailable. Environment variables are not fully configured.
Visit https://aka.ms/azsdk/python/identity/environmentcredential/troubleshoot to troubleshoot this issue.
2026-02-04 12:27:08,268:azure.core.pipeline.policies.http_logging_policy:INFO:Request URL: 'http://169.254.169.254/metadata/identity/oauth2/token?api-version=REDACTED&resource=REDACTED'
Request method: 'GET'
Request headers:
    'User-Agent': 'azsdk-python-identity/1.25.1 Python/3.13.11 (Windows-11-10.0.26200-SP0)'
No body was attached to the request
2026-02-04 12:27:08,278:azure.identity.aio._internal.get_token_mixin:DEBUG:ImdsCredential.get_token_info failed: ManagedIdentityCredential authentication unavailable, no response from the IMDS endpoint.
Traceback (most recent call last):
  File "C:\Users\adhocke\source\repos\voice-live-agent\src\api-python\venv\Lib\site-packages\aiohttp\connector.py", line 1298, in _wrap_create_connection
    sock = await aiohappyeyeballs.start_connection(
           ^^^^^^^^^^^^^^^^^^^^^^^^^^^^^^^^^^^^^^^^
    ...<6 lines>...
    )
    ^
  File "C:\Users\adhocke\source\repos\voice-live-agent\src\api-python\venv\Lib\site-packages\aiohappyeyeballs\impl.py", line 122, in start_connection
    raise first_exception
  File "C:\Users\adhocke\source\repos\voice-live-agent\src\api-python\venv\Lib\site-packages\aiohappyeyeballs\impl.py", line 73, in start_connection
    sock = await _connect_sock(
           ^^^^^^^^^^^^^^^^^^^^
    ...<6 lines>...
    )
    ^
  File "C:\Users\adhocke\source\repos\voice-live-agent\src\api-python\venv\Lib\site-packages\aiohappyeyeballs\impl.py", line 208, in _connect_sock
    await loop.sock_connect(sock, address)
  File "C:\Users\adhocke\AppData\Local\Programs\Python\Python313\Lib\asyncio\proactor_events.py", line 728, in sock_connect
    return await self._proactor.connect(sock, address)
           ^^^^^^^^^^^^^^^^^^^^^^^^^^^^^^^^^^^^^^^^^^^
  File "C:\Users\adhocke\AppData\Local\Programs\Python\Python313\Lib\asyncio\windows_events.py", line 804, in _poll
    value = callback(transferred, key, ov)
  File "C:\Users\adhocke\AppData\Local\Programs\Python\Python313\Lib\asyncio\windows_events.py", line 600, in finish_connect
    ov.getresult()
    ~~~~~~~~~~~~^^
OSError: [WinError 1231] The network location cannot be reached. For information about network troubleshooting, see Windows Help

The above exception was the direct cause of the following exception:

Traceback (most recent call last):
  File "C:\Users\adhocke\source\repos\voice-live-agent\src\api-python\venv\Lib\site-packages\azure\core\pipeline\transport\_aiohttp.py", line 346, in send
    result = await self.session.request(  # type: ignore
             ^^^^^^^^^^^^^^^^^^^^^^^^^^^^^^^^^^^^^^^^^^^
    ...<8 lines>...
    )
    ^
  File "C:\Users\adhocke\source\repos\voice-live-agent\src\api-python\venv\Lib\site-packages\aiohttp\client.py", line 779, in _request
    resp = await handler(req)
           ^^^^^^^^^^^^^^^^^^
  File "C:\Users\adhocke\source\repos\voice-live-agent\src\api-python\venv\Lib\site-packages\aiohttp\client.py", line 734, in _connect_and_send_request
    conn = await self._connector.connect(
           ^^^^^^^^^^^^^^^^^^^^^^^^^^^^^^
        req, traces=traces, timeout=real_timeout
        ^^^^^^^^^^^^^^^^^^^^^^^^^^^^^^^^^^^^^^^^
    )
    ^
  File "C:\Users\adhocke\source\repos\voice-live-agent\src\api-python\venv\Lib\site-packages\aiohttp\connector.py", line 672, in connect
    proto = await self._create_connection(req, traces, timeout)
            ^^^^^^^^^^^^^^^^^^^^^^^^^^^^^^^^^^^^^^^^^^^^^^^^^^^
  File "C:\Users\adhocke\source\repos\voice-live-agent\src\api-python\venv\Lib\site-packages\aiohttp\connector.py", line 1239, in _create_connection
    _, proto = await self._create_direct_connection(req, traces, timeout)
               ^^^^^^^^^^^^^^^^^^^^^^^^^^^^^^^^^^^^^^^^^^^^^^^^^^^^^^^^^^
  File "C:\Users\adhocke\source\repos\voice-live-agent\src\api-python\venv\Lib\site-packages\aiohttp\connector.py", line 1611, in _create_direct_connection
    raise last_exc
  File "C:\Users\adhocke\source\repos\voice-live-agent\src\api-python\venv\Lib\site-packages\aiohttp\connector.py", line 1580, in _create_direct_connection
    transp, proto = await self._wrap_create_connection(
                    ^^^^^^^^^^^^^^^^^^^^^^^^^^^^^^^^^^^
    ...<7 lines>...
    )
    ^
  File "C:\Users\adhocke\source\repos\voice-live-agent\src\api-python\venv\Lib\site-packages\aiohttp\connector.py", line 1321, in _wrap_create_connection
    raise client_error(req.connection_key, exc) from exc
aiohttp.client_exceptions.ClientConnectorError: Cannot connect to host 169.254.169.254:80 ssl:default [The network location cannot be reached. For information about network troubleshooting, see Windows Help]

The above exception was the direct cause of the following exception:

Traceback (most recent call last):
  File "C:\Users\adhocke\source\repos\voice-live-agent\src\api-python\venv\Lib\site-packages\azure\identity\aio\_credentials\imds.py", line 76, in _request_token
    await self._client.request_token(*scopes, connection_timeout=1, retry_total=0)
  File "C:\Users\adhocke\source\repos\voice-live-agent\src\api-python\venv\Lib\site-packages\azure\identity\aio\_internal\managed_identity_client.py", line 34, in request_token
    response = await self._pipeline.run(request, retry_on_methods=[request.method], **kwargs)
               ^^^^^^^^^^^^^^^^^^^^^^^^^^^^^^^^^^^^^^^^^^^^^^^^^^^^^^^^^^^^^^^^^^^^^^^^^^^^^^
  File "C:\Users\adhocke\source\repos\voice-live-agent\src\api-python\venv\Lib\site-packages\azure\core\pipeline\_base_async.py", line 229, in run
    return await first_node.send(pipeline_request)
           ^^^^^^^^^^^^^^^^^^^^^^^^^^^^^^^^^^^^^^^
  File "C:\Users\adhocke\source\repos\voice-live-agent\src\api-python\venv\Lib\site-packages\azure\core\pipeline\_base_async.py", line 77, in send
    response = await self.next.send(request)
               ^^^^^^^^^^^^^^^^^^^^^^^^^^^^^
  File "C:\Users\adhocke\source\repos\voice-live-agent\src\api-python\venv\Lib\site-packages\azure\core\pipeline\_base_async.py", line 77, in send
    response = await self.next.send(request)
               ^^^^^^^^^^^^^^^^^^^^^^^^^^^^^
  File "C:\Users\adhocke\source\repos\voice-live-agent\src\api-python\venv\Lib\site-packages\azure\core\pipeline\_base_async.py", line 77, in send
    response = await self.next.send(request)
               ^^^^^^^^^^^^^^^^^^^^^^^^^^^^^
  [Previous line repeated 1 more time]
  File "C:\Users\adhocke\source\repos\voice-live-agent\src\api-python\venv\Lib\site-packages\azure\core\pipeline\policies\_retry_async.py", line 204, in send
    raise err
  File "C:\Users\adhocke\source\repos\voice-live-agent\src\api-python\venv\Lib\site-packages\azure\core\pipeline\policies\_retry_async.py", line 178, in send
    response = await self.next.send(request)
               ^^^^^^^^^^^^^^^^^^^^^^^^^^^^^
  File "C:\Users\adhocke\source\repos\voice-live-agent\src\api-python\venv\Lib\site-packages\azure\core\pipeline\_base_async.py", line 77, in send
    response = await self.next.send(request)
               ^^^^^^^^^^^^^^^^^^^^^^^^^^^^^
  File "C:\Users\adhocke\source\repos\voice-live-agent\src\api-python\venv\Lib\site-packages\azure\core\pipeline\_base_async.py", line 77, in send
    response = await self.next.send(request)
               ^^^^^^^^^^^^^^^^^^^^^^^^^^^^^
  File "C:\Users\adhocke\source\repos\voice-live-agent\src\api-python\venv\Lib\site-packages\azure\core\pipeline\_base_async.py", line 77, in send
    response = await self.next.send(request)
               ^^^^^^^^^^^^^^^^^^^^^^^^^^^^^
  [Previous line repeated 1 more time]
  File "C:\Users\adhocke\source\repos\voice-live-agent\src\api-python\venv\Lib\site-packages\azure\core\pipeline\_base_async.py", line 111, in send
    await self._sender.send(request.http_request, **request.context.options),
    ^^^^^^^^^^^^^^^^^^^^^^^^^^^^^^^^^^^^^^^^^^^^^^^^^^^^^^^^^^^^^^^^^^^^^^^^
  File "C:\Users\adhocke\source\repos\voice-live-agent\src\api-python\venv\Lib\site-packages\azure\core\pipeline\transport\_aiohttp.py", line 393, in send
    raise ServiceRequestError(err, error=err) from err
azure.core.exceptions.ServiceRequestError: Cannot connect to host 169.254.169.254:80 ssl:default [The network location cannot be reached. For information about network troubleshooting, see Windows Help]

The above exception was the direct cause of the following exception:

Traceback (most recent call last):
  File "C:\Users\adhocke\source\repos\voice-live-agent\src\api-python\venv\Lib\site-packages\azure\identity\aio\_internal\get_token_mixin.py", line 137, in _get_token_base
    token = await self._request_token(
            ^^^^^^^^^^^^^^^^^^^^^^^^^^
        *scopes, claims=claims, tenant_id=tenant_id, enable_cae=enable_cae, **kwargs
        ^^^^^^^^^^^^^^^^^^^^^^^^^^^^^^^^^^^^^^^^^^^^^^^^^^^^^^^^^^^^^^^^^^^^^^^^^^^^
    )
    ^
  File "C:\Users\adhocke\source\repos\voice-live-agent\src\api-python\venv\Lib\site-packages\azure\identity\aio\_credentials\imds.py", line 86, in _request_token
    raise CredentialUnavailableError(message=error_message) from ex
azure.identity._exceptions.CredentialUnavailableError: ManagedIdentityCredential authentication unavailable, no response from the IMDS endpoint.
2026-02-04 12:27:08,288:azure.identity.aio._internal.decorators:DEBUG:ManagedIdentityCredential.get_token_info failed: ManagedIdentityCredential authentication unavailable, no response from the IMDS endpoint.
Traceback (most recent call last):
  File "C:\Users\adhocke\source\repos\voice-live-agent\src\api-python\venv\Lib\site-packages\aiohttp\connector.py", line 1298, in _wrap_create_connection
    sock = await aiohappyeyeballs.start_connection(
           ^^^^^^^^^^^^^^^^^^^^^^^^^^^^^^^^^^^^^^^^
    ...<6 lines>...
    )
    ^
  File "C:\Users\adhocke\source\repos\voice-live-agent\src\api-python\venv\Lib\site-packages\aiohappyeyeballs\impl.py", line 122, in start_connection
    raise first_exception
  File "C:\Users\adhocke\source\repos\voice-live-agent\src\api-python\venv\Lib\site-packages\aiohappyeyeballs\impl.py", line 73, in start_connection
    sock = await _connect_sock(
           ^^^^^^^^^^^^^^^^^^^^
    ...<6 lines>...
    )
    ^
  File "C:\Users\adhocke\source\repos\voice-live-agent\src\api-python\venv\Lib\site-packages\aiohappyeyeballs\impl.py", line 208, in _connect_sock
    await loop.sock_connect(sock, address)
  File "C:\Users\adhocke\AppData\Local\Programs\Python\Python313\Lib\asyncio\proactor_events.py", line 728, in sock_connect
    return await self._proactor.connect(sock, address)
           ^^^^^^^^^^^^^^^^^^^^^^^^^^^^^^^^^^^^^^^^^^^
  File "C:\Users\adhocke\AppData\Local\Programs\Python\Python313\Lib\asyncio\windows_events.py", line 804, in _poll
    value = callback(transferred, key, ov)
  File "C:\Users\adhocke\AppData\Local\Programs\Python\Python313\Lib\asyncio\windows_events.py", line 600, in finish_connect
    ov.getresult()
    ~~~~~~~~~~~~^^
OSError: [WinError 1231] The network location cannot be reached. For information about network troubleshooting, see Windows Help

The above exception was the direct cause of the following exception:

Traceback (most recent call last):
  File "C:\Users\adhocke\source\repos\voice-live-agent\src\api-python\venv\Lib\site-packages\azure\core\pipeline\transport\_aiohttp.py", line 346, in send
    result = await self.session.request(  # type: ignore
             ^^^^^^^^^^^^^^^^^^^^^^^^^^^^^^^^^^^^^^^^^^^
    ...<8 lines>...
    )
    ^
  File "C:\Users\adhocke\source\repos\voice-live-agent\src\api-python\venv\Lib\site-packages\aiohttp\client.py", line 779, in _request
    resp = await handler(req)
           ^^^^^^^^^^^^^^^^^^
  File "C:\Users\adhocke\source\repos\voice-live-agent\src\api-python\venv\Lib\site-packages\aiohttp\client.py", line 734, in _connect_and_send_request
    conn = await self._connector.connect(
           ^^^^^^^^^^^^^^^^^^^^^^^^^^^^^^
        req, traces=traces, timeout=real_timeout
        ^^^^^^^^^^^^^^^^^^^^^^^^^^^^^^^^^^^^^^^^
    )
    ^
  File "C:\Users\adhocke\source\repos\voice-live-agent\src\api-python\venv\Lib\site-packages\aiohttp\connector.py", line 672, in connect
    proto = await self._create_connection(req, traces, timeout)
            ^^^^^^^^^^^^^^^^^^^^^^^^^^^^^^^^^^^^^^^^^^^^^^^^^^^
  File "C:\Users\adhocke\source\repos\voice-live-agent\src\api-python\venv\Lib\site-packages\aiohttp\connector.py", line 1239, in _create_connection
    _, proto = await self._create_direct_connection(req, traces, timeout)
               ^^^^^^^^^^^^^^^^^^^^^^^^^^^^^^^^^^^^^^^^^^^^^^^^^^^^^^^^^^
  File "C:\Users\adhocke\source\repos\voice-live-agent\src\api-python\venv\Lib\site-packages\aiohttp\connector.py", line 1611, in _create_direct_connection
    raise last_exc
  File "C:\Users\adhocke\source\repos\voice-live-agent\src\api-python\venv\Lib\site-packages\aiohttp\connector.py", line 1580, in _create_direct_connection
    transp, proto = await self._wrap_create_connection(
                    ^^^^^^^^^^^^^^^^^^^^^^^^^^^^^^^^^^^
    ...<7 lines>...
    )
    ^
  File "C:\Users\adhocke\source\repos\voice-live-agent\src\api-python\venv\Lib\site-packages\aiohttp\connector.py", line 1321, in _wrap_create_connection
    raise client_error(req.connection_key, exc) from exc
aiohttp.client_exceptions.ClientConnectorError: Cannot connect to host 169.254.169.254:80 ssl:default [The network location cannot be reached. For information about network troubleshooting, see Windows Help]

The above exception was the direct cause of the following exception:

Traceback (most recent call last):
  File "C:\Users\adhocke\source\repos\voice-live-agent\src\api-python\venv\Lib\site-packages\azure\identity\aio\_credentials\imds.py", line 76, in _request_token
    await self._client.request_token(*scopes, connection_timeout=1, retry_total=0)
  File "C:\Users\adhocke\source\repos\voice-live-agent\src\api-python\venv\Lib\site-packages\azure\identity\aio\_internal\managed_identity_client.py", line 34, in request_token
    response = await self._pipeline.run(request, retry_on_methods=[request.method], **kwargs)
               ^^^^^^^^^^^^^^^^^^^^^^^^^^^^^^^^^^^^^^^^^^^^^^^^^^^^^^^^^^^^^^^^^^^^^^^^^^^^^^
  File "C:\Users\adhocke\source\repos\voice-live-agent\src\api-python\venv\Lib\site-packages\azure\core\pipeline\_base_async.py", line 229, in run
    return await first_node.send(pipeline_request)
           ^^^^^^^^^^^^^^^^^^^^^^^^^^^^^^^^^^^^^^^
  File "C:\Users\adhocke\source\repos\voice-live-agent\src\api-python\venv\Lib\site-packages\azure\core\pipeline\_base_async.py", line 77, in send
    response = await self.next.send(request)
               ^^^^^^^^^^^^^^^^^^^^^^^^^^^^^
  File "C:\Users\adhocke\source\repos\voice-live-agent\src\api-python\venv\Lib\site-packages\azure\core\pipeline\_base_async.py", line 77, in send
    response = await self.next.send(request)
               ^^^^^^^^^^^^^^^^^^^^^^^^^^^^^
  File "C:\Users\adhocke\source\repos\voice-live-agent\src\api-python\venv\Lib\site-packages\azure\core\pipeline\_base_async.py", line 77, in send
    response = await self.next.send(request)
               ^^^^^^^^^^^^^^^^^^^^^^^^^^^^^
  [Previous line repeated 1 more time]
  File "C:\Users\adhocke\source\repos\voice-live-agent\src\api-python\venv\Lib\site-packages\azure\core\pipeline\policies\_retry_async.py", line 204, in send
    raise err
  File "C:\Users\adhocke\source\repos\voice-live-agent\src\api-python\venv\Lib\site-packages\azure\core\pipeline\policies\_retry_async.py", line 178, in send
    response = await self.next.send(request)
               ^^^^^^^^^^^^^^^^^^^^^^^^^^^^^
  File "C:\Users\adhocke\source\repos\voice-live-agent\src\api-python\venv\Lib\site-packages\azure\core\pipeline\_base_async.py", line 77, in send
    response = await self.next.send(request)
               ^^^^^^^^^^^^^^^^^^^^^^^^^^^^^
  File "C:\Users\adhocke\source\repos\voice-live-agent\src\api-python\venv\Lib\site-packages\azure\core\pipeline\_base_async.py", line 77, in send
    response = await self.next.send(request)
               ^^^^^^^^^^^^^^^^^^^^^^^^^^^^^
  File "C:\Users\adhocke\source\repos\voice-live-agent\src\api-python\venv\Lib\site-packages\azure\core\pipeline\_base_async.py", line 77, in send
    response = await self.next.send(request)
               ^^^^^^^^^^^^^^^^^^^^^^^^^^^^^
  [Previous line repeated 1 more time]
  File "C:\Users\adhocke\source\repos\voice-live-agent\src\api-python\venv\Lib\site-packages\azure\core\pipeline\_base_async.py", line 111, in send
    await self._sender.send(request.http_request, **request.context.options),
    ^^^^^^^^^^^^^^^^^^^^^^^^^^^^^^^^^^^^^^^^^^^^^^^^^^^^^^^^^^^^^^^^^^^^^^^^
  File "C:\Users\adhocke\source\repos\voice-live-agent\src\api-python\venv\Lib\site-packages\azure\core\pipeline\transport\_aiohttp.py", line 393, in send
    raise ServiceRequestError(err, error=err) from err
azure.core.exceptions.ServiceRequestError: Cannot connect to host 169.254.169.254:80 ssl:default [The network location cannot be reached. For information about network troubleshooting, see Windows Help]

The above exception was the direct cause of the following exception:

Traceback (most recent call last):
  File "C:\Users\adhocke\source\repos\voice-live-agent\src\api-python\venv\Lib\site-packages\azure\identity\aio\_internal\decorators.py", line 22, in wrapper
    token = await fn(*args, **kwargs)
            ^^^^^^^^^^^^^^^^^^^^^^^^^
  File "C:\Users\adhocke\source\repos\voice-live-agent\src\api-python\venv\Lib\site-packages\azure\identity\aio\_credentials\managed_identity.py", line 187, in get_token_info
    return await cast(AsyncSupportsTokenInfo, self._credential).get_token_info(*scopes, options=options)
           ^^^^^^^^^^^^^^^^^^^^^^^^^^^^^^^^^^^^^^^^^^^^^^^^^^^^^^^^^^^^^^^^^^^^^^^^^^^^^^^^^^^^^^^^^^^^^
  File "C:\Users\adhocke\source\repos\voice-live-agent\src\api-python\venv\Lib\site-packages\azure\identity\aio\_internal\get_token_mixin.py", line 114, in get_token_info
    return await self._get_token_base(*scopes, options=options, base_method_name="get_token_info")
           ^^^^^^^^^^^^^^^^^^^^^^^^^^^^^^^^^^^^^^^^^^^^^^^^^^^^^^^^^^^^^^^^^^^^^^^^^^^^^^^^^^^^^^^
  File "C:\Users\adhocke\source\repos\voice-live-agent\src\api-python\venv\Lib\site-packages\azure\identity\aio\_internal\get_token_mixin.py", line 137, in _get_token_base
    token = await self._request_token(
            ^^^^^^^^^^^^^^^^^^^^^^^^^^
        *scopes, claims=claims, tenant_id=tenant_id, enable_cae=enable_cae, **kwargs
        ^^^^^^^^^^^^^^^^^^^^^^^^^^^^^^^^^^^^^^^^^^^^^^^^^^^^^^^^^^^^^^^^^^^^^^^^^^^^
    )
    ^
  File "C:\Users\adhocke\source\repos\voice-live-agent\src\api-python\venv\Lib\site-packages\azure\identity\aio\_credentials\imds.py", line 86, in _request_token
    raise CredentialUnavailableError(message=error_message) from ex
azure.identity._exceptions.CredentialUnavailableError: ManagedIdentityCredential authentication unavailable, no response from the IMDS endpoint.
2026-02-04 12:27:08,305:azure.identity.aio._internal.decorators:DEBUG:SharedTokenCacheCredential.get_token_info succeeded
2026-02-04 12:27:08,306:azure.identity.aio._internal.decorators:DEBUG:[Authenticated account] Client ID: 04b07795-8ddb-461a-bbee-02f9e1bf7b46. Tenant ID: 2509ae39-0407-4844-88a7-a73105a3c575. User Principal Name: admin@MngEnvMCAP945557.onmicrosoft.com. Object ID (user): 32b87062-b3b0-44af-973a-d8454515e1ba
2026-02-04 12:27:08,306:azure.identity.aio._credentials.chained:INFO:DefaultAzureCredential acquired a token from SharedTokenCacheCredential
2026-02-04 12:27:08,307:azure.core.pipeline.policies.http_logging_policy:INFO:Request URL: 'https://acs-env2.communication.azure.com/calling/callConnections/16005b80-ae95-4eb0-96f2-464b6b42f995:terminate?api-version=REDACTED'
Request method: 'POST'
Request headers:
    'Repeatability-First-Sent': 'REDACTED'
    'Repeatability-Request-ID': 'REDACTED'
    'Accept': 'application/json'
    'x-ms-client-request-id': 'bb5fdfe7-01ee-11f1-b416-e02e0b0dc55e'
    'User-Agent': 'azsdk-python-communication-callautomation/1.5.0 Python/3.13.11 (Windows-11-10.0.26200-SP0)'
    'Authorization': 'REDACTED'
No body was attached to the request
2026-02-04 12:27:08,580:azure.core.pipeline.policies.http_logging_policy:INFO:Response status: 204
Response headers:
    'Date': 'Wed, 04 Feb 2026 17:27:08 GMT'
    'Connection': 'keep-alive'
    'MS-CV': 'REDACTED'
    'Repeatability-Result': 'REDACTED'
    'X-Microsoft-Skype-Client': 'REDACTED'
    'X-Ms-Client-Version': 'REDACTED'
    'api-supported-versions': 'REDACTED'
    'x-ms-client-request-id': 'bb5fdfe7-01ee-11f1-b416-e02e0b0dc55e'
    'X-Microsoft-Skype-Chain-ID': 'REDACTED'
    'x-azure-ref': 'REDACTED'
    'Strict-Transport-Security': 'REDACTED'
    'X-Cache': 'REDACTED'
2026-02-04 12:27:08,581:main:WARNING:No recording metadata found for 16005b80-ae95-4eb0-96f2-464b6b42f995
2026-02-04 12:27:08,582:main:INFO:Scheduled cleanup for call 16005b80-ae95-4eb0-96f2-464b6b42f995 in 0.5s (reason: user_hangup)
2026-02-04 12:27:08,582:main:INFO:Hung up call: 16005b80-ae95-4eb0-96f2-464b6b42f995
2026-02-04 12:27:09,096:main:INFO:Cleanup: removing call 16005b80-ae95-4eb0-96f2-464b6b42f995 (reason: user_hangup)
2026-02-04 12:27:24,813:voicelive_agent:DEBUG:Removed expired warm connection
2026-02-04 12:27:24,814:voicelive_agent:DEBUG:Creating new warm connection...
2026-02-04 12:27:24,815:azure.ai.voicelive.aio._patch:DEBUG:Connecting to wss://ai-env2.cognitiveservices.azure.com/voice-live/realtime?api-version=2025-10-01&model=gpt-realtime
2026-02-04 12:27:24,817:azure.identity.aio._internal.decorators:INFO:SharedTokenCacheCredential.get_token succeeded
2026-02-04 12:27:24,818:azure.identity.aio._internal.decorators:DEBUG:[Authenticated account] Client ID: 04b07795-8ddb-461a-bbee-02f9e1bf7b46. Tenant ID: 2509ae39-0407-4844-88a7-a73105a3c575. User Principal Name: admin@MngEnvMCAP945557.onmicrosoft.com. Object ID (user): 32b87062-b3b0-44af-973a-d8454515e1ba
2026-02-04 12:27:24,819:azure.identity.aio._credentials.default:INFO:DefaultAzureCredential acquired a token from SharedTokenCacheCredential
2026-02-04 12:27:25,073:voicelive_agent:INFO:Pre-warmed connection created in 0.26s
2026-02-04 12:27:31,116:voicelive_agent:DEBUG:Removed expired warm connection
2026-02-04 12:27:31,117:voicelive_agent:DEBUG:Creating new warm connection...
2026-02-04 12:27:31,118:azure.ai.voicelive.aio._patch:DEBUG:Connecting to wss://ai-env2.cognitiveservices.azure.com/voice-live/realtime?api-version=2025-10-01&model=gpt-realtime
2026-02-04 12:27:31,119:azure.identity.aio._internal.decorators:INFO:SharedTokenCacheCredential.get_token succeeded
2026-02-04 12:27:31,119:azure.identity.aio._internal.decorators:DEBUG:[Authenticated account] Client ID: 04b07795-8ddb-461a-bbee-02f9e1bf7b46. Tenant ID: 2509ae39-0407-4844-88a7-a73105a3c575. User Principal Name: admin@MngEnvMCAP945557.onmicrosoft.com. Object ID (user): 32b87062-b3b0-44af-973a-d8454515e1ba
2026-02-04 12:27:31,120:azure.identity.aio._credentials.default:INFO:DefaultAzureCredential acquired a token from SharedTokenCacheCredential
2026-02-04 12:27:31,332:voicelive_agent:INFO:Pre-warmed connection created in 0.21s
2026-02-04 12:27:57,406:voicelive_agent:DEBUG:Removed expired warm connection
2026-02-04 12:27:57,408:voicelive_agent:DEBUG:Creating new warm connection...
2026-02-04 12:27:57,409:azure.ai.voicelive.aio._patch:DEBUG:Connecting to wss://ai-env2.cognitiveservices.azure.com/voice-live/realtime?api-version=2025-10-01&model=gpt-realtime
2026-02-04 12:27:57,410:azure.identity.aio._internal.decorators:INFO:SharedTokenCacheCredential.get_token succeeded
2026-02-04 12:27:57,411:azure.identity.aio._internal.decorators:DEBUG:[Authenticated account] Client ID: 04b07795-8ddb-461a-bbee-02f9e1bf7b46. Tenant ID: 2509ae39-0407-4844-88a7-a73105a3c575. User Principal Name: admin@MngEnvMCAP945557.onmicrosoft.com. Object ID (user): 32b87062-b3b0-44af-973a-d8454515e1ba
2026-02-04 12:27:57,414:azure.identity.aio._credentials.default:INFO:DefaultAzureCredential acquired a token from SharedTokenCacheCredential
2026-02-04 12:27:57,704:voicelive_agent:INFO:Pre-warmed connection created in 0.30s
2026-02-04 12:28:03,770:voicelive_agent:DEBUG:Removed expired warm connection
2026-02-04 12:28:03,770:voicelive_agent:DEBUG:Creating new warm connection...
2026-02-04 12:28:03,771:azure.ai.voicelive.aio._patch:DEBUG:Connecting to wss://ai-env2.cognitiveservices.azure.com/voice-live/realtime?api-version=2025-10-01&model=gpt-realtime
2026-02-04 12:28:03,772:azure.identity.aio._internal.decorators:INFO:SharedTokenCacheCredential.get_token succeeded
2026-02-04 12:28:03,773:azure.identity.aio._internal.decorators:DEBUG:[Authenticated account] Client ID: 04b07795-8ddb-461a-bbee-02f9e1bf7b46. Tenant ID: 2509ae39-0407-4844-88a7-a73105a3c575. User Principal Name: admin@MngEnvMCAP945557.onmicrosoft.com. Object ID (user): 32b87062-b3b0-44af-973a-d8454515e1ba
2026-02-04 12:28:03,773:azure.identity.aio._credentials.default:INFO:DefaultAzureCredential acquired a token from SharedTokenCacheCredential
2026-02-04 12:28:03,979:voicelive_agent:INFO:Pre-warmed connection created in 0.21s
2026-02-04 12:28:30,085:voicelive_agent:DEBUG:Removed expired warm connection
2026-02-04 12:28:30,085:voicelive_agent:DEBUG:Creating new warm connection...
2026-02-04 12:28:30,086:azure.ai.voicelive.aio._patch:DEBUG:Connecting to wss://ai-env2.cognitiveservices.azure.com/voice-live/realtime?api-version=2025-10-01&model=gpt-realtime
2026-02-04 12:28:30,087:azure.identity.aio._internal.decorators:INFO:SharedTokenCacheCredential.get_token succeeded
2026-02-04 12:28:30,087:azure.identity.aio._internal.decorators:DEBUG:[Authenticated account] Client ID: 04b07795-8ddb-461a-bbee-02f9e1bf7b46. Tenant ID: 2509ae39-0407-4844-88a7-a73105a3c575. User Principal Name: admin@MngEnvMCAP945557.onmicrosoft.com. Object ID (user): 32b87062-b3b0-44af-973a-d8454515e1ba
2026-02-04 12:28:30,088:azure.identity.aio._credentials.default:INFO:DefaultAzureCredential acquired a token from SharedTokenCacheCredential
2026-02-04 12:28:30,326:voicelive_agent:INFO:Pre-warmed connection created in 0.24s
2026-02-04 12:28:36,428:voicelive_agent:DEBUG:Removed expired warm connection
2026-02-04 12:28:36,429:voicelive_agent:DEBUG:Creating new warm connection...
2026-02-04 12:28:36,431:azure.ai.voicelive.aio._patch:DEBUG:Connecting to wss://ai-env2.cognitiveservices.azure.com/voice-live/realtime?api-version=2025-10-01&model=gpt-realtime
2026-02-04 12:28:36,433:azure.identity.aio._internal.decorators:INFO:SharedTokenCacheCredential.get_token succeeded
2026-02-04 12:28:36,435:azure.identity.aio._internal.decorators:DEBUG:[Authenticated account] Client ID: 04b07795-8ddb-461a-bbee-02f9e1bf7b46. Tenant ID: 2509ae39-0407-4844-88a7-a73105a3c575. User Principal Name: admin@MngEnvMCAP945557.onmicrosoft.com. Object ID (user): 32b87062-b3b0-44af-973a-d8454515e1ba
2026-02-04 12:28:36,436:azure.identity.aio._credentials.default:INFO:DefaultAzureCredential acquired a token from SharedTokenCacheCredential
2026-02-04 12:28:36,646:voicelive_agent:INFO:Pre-warmed connection created in 0.22s
2026-02-04 12:29:02,819:voicelive_agent:DEBUG:Removed expired warm connection
2026-02-04 12:29:02,820:voicelive_agent:DEBUG:Creating new warm connection...
2026-02-04 12:29:02,821:azure.ai.voicelive.aio._patch:DEBUG:Connecting to wss://ai-env2.cognitiveservices.azure.com/voice-live/realtime?api-version=2025-10-01&model=gpt-realtime
2026-02-04 12:29:02,823:azure.identity.aio._internal.decorators:INFO:SharedTokenCacheCredential.get_token succeeded
2026-02-04 12:29:02,823:azure.identity.aio._internal.decorators:DEBUG:[Authenticated account] Client ID: 04b07795-8ddb-461a-bbee-02f9e1bf7b46. Tenant ID: 2509ae39-0407-4844-88a7-a73105a3c575. User Principal Name: admin@MngEnvMCAP945557.onmicrosoft.com. Object ID (user): 32b87062-b3b0-44af-973a-d8454515e1ba
2026-02-04 12:29:02,824:azure.identity.aio._credentials.default:INFO:DefaultAzureCredential acquired a token from SharedTokenCacheCredential
2026-02-04 12:29:03,082:voicelive_agent:INFO:Pre-warmed connection created in 0.26s
2026-02-04 12:29:09,137:voicelive_agent:DEBUG:Removed expired warm connection
2026-02-04 12:29:09,138:voicelive_agent:DEBUG:Creating new warm connection...
2026-02-04 12:29:09,139:azure.ai.voicelive.aio._patch:DEBUG:Connecting to wss://ai-env2.cognitiveservices.azure.com/voice-live/realtime?api-version=2025-10-01&model=gpt-realtime
2026-02-04 12:29:09,140:azure.identity.aio._internal.decorators:INFO:SharedTokenCacheCredential.get_token succeeded
2026-02-04 12:29:09,140:azure.identity.aio._internal.decorators:DEBUG:[Authenticated account] Client ID: 04b07795-8ddb-461a-bbee-02f9e1bf7b46. Tenant ID: 2509ae39-0407-4844-88a7-a73105a3c575. User Principal Name: admin@MngEnvMCAP945557.onmicrosoft.com. Object ID (user): 32b87062-b3b0-44af-973a-d8454515e1ba
2026-02-04 12:29:09,141:azure.identity.aio._credentials.default:INFO:DefaultAzureCredential acquired a token from SharedTokenCacheCredential
2026-02-04 12:29:09,346:voicelive_agent:INFO:Pre-warmed connection created in 0.21s
2026-02-04 12:29:35,420:voicelive_agent:DEBUG:Removed expired warm connection
2026-02-04 12:29:35,420:voicelive_agent:DEBUG:Creating new warm connection...
2026-02-04 12:29:35,421:azure.ai.voicelive.aio._patch:DEBUG:Connecting to wss://ai-env2.cognitiveservices.azure.com/voice-live/realtime?api-version=2025-10-01&model=gpt-realtime
2026-02-04 12:29:35,421:azure.identity.aio._internal.decorators:INFO:SharedTokenCacheCredential.get_token succeeded
2026-02-04 12:29:35,422:azure.identity.aio._internal.decorators:DEBUG:[Authenticated account] Client ID: 04b07795-8ddb-461a-bbee-02f9e1bf7b46. Tenant ID: 2509ae39-0407-4844-88a7-a73105a3c575. User Principal Name: admin@MngEnvMCAP945557.onmicrosoft.com. Object ID (user): 32b87062-b3b0-44af-973a-d8454515e1ba
2026-02-04 12:29:35,422:azure.identity.aio._credentials.default:INFO:DefaultAzureCredential acquired a token from SharedTokenCacheCredential
2026-02-04 12:29:35,679:voicelive_agent:INFO:Pre-warmed connection created in 0.26s
2026-02-04 12:29:41,714:voicelive_agent:DEBUG:Removed expired warm connection
2026-02-04 12:29:41,715:voicelive_agent:DEBUG:Creating new warm connection...
2026-02-04 12:29:41,715:azure.ai.voicelive.aio._patch:DEBUG:Connecting to wss://ai-env2.cognitiveservices.azure.com/voice-live/realtime?api-version=2025-10-01&model=gpt-realtime
2026-02-04 12:29:41,716:azure.identity.aio._internal.decorators:INFO:SharedTokenCacheCredential.get_token succeeded
2026-02-04 12:29:41,716:azure.identity.aio._internal.decorators:DEBUG:[Authenticated account] Client ID: 04b07795-8ddb-461a-bbee-02f9e1bf7b46. Tenant ID: 2509ae39-0407-4844-88a7-a73105a3c575. User Principal Name: admin@MngEnvMCAP945557.onmicrosoft.com. Object ID (user): 32b87062-b3b0-44af-973a-d8454515e1ba
2026-02-04 12:29:41,717:azure.identity.aio._credentials.default:INFO:DefaultAzureCredential acquired a token from SharedTokenCacheCredential
2026-02-04 12:29:41,969:voicelive_agent:INFO:Pre-warmed connection created in 0.25s
2026-02-04 12:30:08,038:voicelive_agent:DEBUG:Removed expired warm connection
2026-02-04 12:30:08,039:voicelive_agent:DEBUG:Creating new warm connection...
2026-02-04 12:30:08,040:azure.ai.voicelive.aio._patch:DEBUG:Connecting to wss://ai-env2.cognitiveservices.azure.com/voice-live/realtime?api-version=2025-10-01&model=gpt-realtime
2026-02-04 12:30:08,041:azure.identity.aio._internal.decorators:INFO:SharedTokenCacheCredential.get_token succeeded
2026-02-04 12:30:08,042:azure.identity.aio._internal.decorators:DEBUG:[Authenticated account] Client ID: 04b07795-8ddb-461a-bbee-02f9e1bf7b46. Tenant ID: 2509ae39-0407-4844-88a7-a73105a3c575. User Principal Name: admin@MngEnvMCAP945557.onmicrosoft.com. Object ID (user): 32b87062-b3b0-44af-973a-d8454515e1ba
2026-02-04 12:30:08,043:azure.identity.aio._credentials.default:INFO:DefaultAzureCredential acquired a token from SharedTokenCacheCredential
2026-02-04 12:30:08,300:voicelive_agent:INFO:Pre-warmed connection created in 0.26s
2026-02-04 12:30:14,336:voicelive_agent:DEBUG:Removed expired warm connection
2026-02-04 12:30:14,336:voicelive_agent:DEBUG:Creating new warm connection...
2026-02-04 12:30:14,337:azure.ai.voicelive.aio._patch:DEBUG:Connecting to wss://ai-env2.cognitiveservices.azure.com/voice-live/realtime?api-version=2025-10-01&model=gpt-realtime
2026-02-04 12:30:14,338:azure.identity.aio._internal.decorators:INFO:SharedTokenCacheCredential.get_token succeeded
2026-02-04 12:30:14,338:azure.identity.aio._internal.decorators:DEBUG:[Authenticated account] Client ID: 04b07795-8ddb-461a-bbee-02f9e1bf7b46. Tenant ID: 2509ae39-0407-4844-88a7-a73105a3c575. User Principal Name: admin@MngEnvMCAP945557.onmicrosoft.com. Object ID (user): 32b87062-b3b0-44af-973a-d8454515e1ba
2026-02-04 12:30:14,338:azure.identity.aio._credentials.default:INFO:DefaultAzureCredential acquired a token from SharedTokenCacheCredential
2026-02-04 12:30:14,550:voicelive_agent:INFO:Pre-warmed connection created in 0.21s
2026-02-04 12:30:40,617:voicelive_agent:DEBUG:Removed expired warm connection
2026-02-04 12:30:40,618:voicelive_agent:DEBUG:Creating new warm connection...
2026-02-04 12:30:40,618:azure.ai.voicelive.aio._patch:DEBUG:Connecting to wss://ai-env2.cognitiveservices.azure.com/voice-live/realtime?api-version=2025-10-01&model=gpt-realtime
2026-02-04 12:30:40,619:azure.identity.aio._internal.decorators:INFO:SharedTokenCacheCredential.get_token succeeded
2026-02-04 12:30:40,620:azure.identity.aio._internal.decorators:DEBUG:[Authenticated account] Client ID: 04b07795-8ddb-461a-bbee-02f9e1bf7b46. Tenant ID: 2509ae39-0407-4844-88a7-a73105a3c575. User Principal Name: admin@MngEnvMCAP945557.onmicrosoft.com. Object ID (user): 32b87062-b3b0-44af-973a-d8454515e1ba
2026-02-04 12:30:40,620:azure.identity.aio._credentials.default:INFO:DefaultAzureCredential acquired a token from SharedTokenCacheCredential
2026-02-04 12:30:40,869:voicelive_agent:INFO:Pre-warmed connection created in 0.25s
2026-02-04 12:30:41,579:asyncio:ERROR:Unclosed client session
client_session: <aiohttp.client.ClientSession object at 0x000001CABA372C10>
2026-02-04 12:30:41,580:asyncio:ERROR:Unclosed client session
client_session: <aiohttp.client.ClientSession object at 0x000001CABA373D90>
2026-02-04 12:30:46,917:voicelive_agent:DEBUG:Removed expired warm connection
2026-02-04 12:30:46,918:voicelive_agent:DEBUG:Creating new warm connection...
2026-02-04 12:30:46,918:azure.ai.voicelive.aio._patch:DEBUG:Connecting to wss://ai-env2.cognitiveservices.azure.com/voice-live/realtime?api-version=2025-10-01&model=gpt-realtime
2026-02-04 12:30:46,919:azure.identity.aio._internal.decorators:INFO:SharedTokenCacheCredential.get_token succeeded
2026-02-04 12:30:46,920:azure.identity.aio._internal.decorators:DEBUG:[Authenticated account] Client ID: 04b07795-8ddb-461a-bbee-02f9e1bf7b46. Tenant ID: 2509ae39-0407-4844-88a7-a73105a3c575. User Principal Name: admin@MngEnvMCAP945557.onmicrosoft.com. Object ID (user): 32b87062-b3b0-44af-973a-d8454515e1ba
2026-02-04 12:30:46,921:azure.identity.aio._credentials.default:INFO:DefaultAzureCredential acquired a token from SharedTokenCacheCredential
2026-02-04 12:30:47,131:voicelive_agent:INFO:Pre-warmed connection created in 0.21s
2026-02-04 12:31:13,197:voicelive_agent:DEBUG:Removed expired warm connection
2026-02-04 12:31:13,197:voicelive_agent:DEBUG:Creating new warm connection...
2026-02-04 12:31:13,198:azure.ai.voicelive.aio._patch:DEBUG:Connecting to wss://ai-env2.cognitiveservices.azure.com/voice-live/realtime?api-version=2025-10-01&model=gpt-realtime
2026-02-04 12:31:13,199:azure.identity.aio._internal.decorators:INFO:SharedTokenCacheCredential.get_token succeeded
2026-02-04 12:31:13,200:azure.identity.aio._internal.decorators:DEBUG:[Authenticated account] Client ID: 04b07795-8ddb-461a-bbee-02f9e1bf7b46. Tenant ID: 2509ae39-0407-4844-88a7-a73105a3c575. User Principal Name: admin@MngEnvMCAP945557.onmicrosoft.com. Object ID (user): 32b87062-b3b0-44af-973a-d8454515e1ba
2026-02-04 12:31:13,200:azure.identity.aio._credentials.default:INFO:DefaultAzureCredential acquired a token from SharedTokenCacheCredential
2026-02-04 12:31:13,490:voicelive_agent:INFO:Pre-warmed connection created in 0.29s
2026-02-04 12:31:19,524:voicelive_agent:DEBUG:Removed expired warm connection
2026-02-04 12:31:19,525:voicelive_agent:DEBUG:Creating new warm connection...
2026-02-04 12:31:19,525:azure.ai.voicelive.aio._patch:DEBUG:Connecting to wss://ai-env2.cognitiveservices.azure.com/voice-live/realtime?api-version=2025-10-01&model=gpt-realtime
2026-02-04 12:31:19,527:azure.identity.aio._internal.decorators:INFO:SharedTokenCacheCredential.get_token succeeded
2026-02-04 12:31:19,528:azure.identity.aio._internal.decorators:DEBUG:[Authenticated account] Client ID: 04b07795-8ddb-461a-bbee-02f9e1bf7b46. Tenant ID: 2509ae39-0407-4844-88a7-a73105a3c575. User Principal Name: admin@MngEnvMCAP945557.onmicrosoft.com. Object ID (user): 32b87062-b3b0-44af-973a-d8454515e1ba
2026-02-04 12:31:19,529:azure.identity.aio._credentials.default:INFO:DefaultAzureCredential acquired a token from SharedTokenCacheCredential
2026-02-04 12:31:19,750:voicelive_agent:INFO:Pre-warmed connection created in 0.22s
2026-02-04 12:31:45,829:voicelive_agent:DEBUG:Removed expired warm connection
2026-02-04 12:31:45,830:voicelive_agent:DEBUG:Creating new warm connection...
2026-02-04 12:31:45,831:azure.ai.voicelive.aio._patch:DEBUG:Connecting to wss://ai-env2.cognitiveservices.azure.com/voice-live/realtime?api-version=2025-10-01&model=gpt-realtime
2026-02-04 12:31:45,833:azure.identity.aio._internal.decorators:INFO:SharedTokenCacheCredential.get_token succeeded
2026-02-04 12:31:45,834:azure.identity.aio._internal.decorators:DEBUG:[Authenticated account] Client ID: 04b07795-8ddb-461a-bbee-02f9e1bf7b46. Tenant ID: 2509ae39-0407-4844-88a7-a73105a3c575. User Principal Name: admin@MngEnvMCAP945557.onmicrosoft.com. Object ID (user): 32b87062-b3b0-44af-973a-d8454515e1ba
2026-02-04 12:31:45,835:azure.identity.aio._credentials.default:INFO:DefaultAzureCredential acquired a token from SharedTokenCacheCredential
2026-02-04 12:31:46,280:voicelive_agent:INFO:Pre-warmed connection created in 0.45s
2026-02-04 12:31:52,332:voicelive_agent:DEBUG:Removed expired warm connection
2026-02-04 12:31:52,332:voicelive_agent:DEBUG:Creating new warm connection...
2026-02-04 12:31:52,333:azure.ai.voicelive.aio._patch:DEBUG:Connecting to wss://ai-env2.cognitiveservices.azure.com/voice-live/realtime?api-version=2025-10-01&model=gpt-realtime
2026-02-04 12:31:52,334:azure.identity.aio._internal.decorators:INFO:SharedTokenCacheCredential.get_token succeeded
2026-02-04 12:31:52,335:azure.identity.aio._internal.decorators:DEBUG:[Authenticated account] Client ID: 04b07795-8ddb-461a-bbee-02f9e1bf7b46. Tenant ID: 2509ae39-0407-4844-88a7-a73105a3c575. User Principal Name: admin@MngEnvMCAP945557.onmicrosoft.com. Object ID (user): 32b87062-b3b0-44af-973a-d8454515e1ba
2026-02-04 12:31:52,335:azure.identity.aio._credentials.default:INFO:DefaultAzureCredential acquired a token from SharedTokenCacheCredential
2026-02-04 12:31:52,555:voicelive_agent:INFO:Pre-warmed connection created in 0.22s
2026-02-04 12:32:18,612:voicelive_agent:DEBUG:Removed expired warm connection
2026-02-04 12:32:18,613:voicelive_agent:DEBUG:Creating new warm connection...
2026-02-04 12:32:18,614:azure.ai.voicelive.aio._patch:DEBUG:Connecting to wss://ai-env2.cognitiveservices.azure.com/voice-live/realtime?api-version=2025-10-01&model=gpt-realtime
2026-02-04 12:32:18,615:azure.identity.aio._internal.decorators:INFO:SharedTokenCacheCredential.get_token succeeded
2026-02-04 12:32:18,616:azure.identity.aio._internal.decorators:DEBUG:[Authenticated account] Client ID: 04b07795-8ddb-461a-bbee-02f9e1bf7b46. Tenant ID: 2509ae39-0407-4844-88a7-a73105a3c575. User Principal Name: admin@MngEnvMCAP945557.onmicrosoft.com. Object ID (user): 32b87062-b3b0-44af-973a-d8454515e1ba
2026-02-04 12:32:18,617:azure.identity.aio._credentials.default:INFO:DefaultAzureCredential acquired a token from SharedTokenCacheCredential
2026-02-04 12:32:18,861:voicelive_agent:INFO:Pre-warmed connection created in 0.25s
2026-02-04 12:32:24,898:voicelive_agent:DEBUG:Removed expired warm connection
2026-02-04 12:32:24,899:voicelive_agent:DEBUG:Creating new warm connection...
2026-02-04 12:32:24,900:azure.ai.voicelive.aio._patch:DEBUG:Connecting to wss://ai-env2.cognitiveservices.azure.com/voice-live/realtime?api-version=2025-10-01&model=gpt-realtime
2026-02-04 12:32:24,901:azure.identity.aio._internal.decorators:INFO:SharedTokenCacheCredential.get_token succeeded
2026-02-04 12:32:24,902:azure.identity.aio._internal.decorators:DEBUG:[Authenticated account] Client ID: 04b07795-8ddb-461a-bbee-02f9e1bf7b46. Tenant ID: 2509ae39-0407-4844-88a7-a73105a3c575. User Principal Name: admin@MngEnvMCAP945557.onmicrosoft.com. Object ID (user): 32b87062-b3b0-44af-973a-d8454515e1ba
2026-02-04 12:32:24,902:azure.identity.aio._credentials.default:INFO:DefaultAzureCredential acquired a token from SharedTokenCacheCredential
2026-02-04 12:32:25,111:voicelive_agent:INFO:Pre-warmed connection created in 0.21s
2026-02-04 12:32:51,171:voicelive_agent:DEBUG:Removed expired warm connection
2026-02-04 12:32:51,172:voicelive_agent:DEBUG:Creating new warm connection...
2026-02-04 12:32:51,172:azure.ai.voicelive.aio._patch:DEBUG:Connecting to wss://ai-env2.cognitiveservices.azure.com/voice-live/realtime?api-version=2025-10-01&model=gpt-realtime
2026-02-04 12:32:51,173:azure.identity.aio._internal.decorators:INFO:SharedTokenCacheCredential.get_token succeeded
2026-02-04 12:32:51,174:azure.identity.aio._internal.decorators:DEBUG:[Authenticated account] Client ID: 04b07795-8ddb-461a-bbee-02f9e1bf7b46. Tenant ID: 2509ae39-0407-4844-88a7-a73105a3c575. User Principal Name: admin@MngEnvMCAP945557.onmicrosoft.com. Object ID (user): 32b87062-b3b0-44af-973a-d8454515e1ba
2026-02-04 12:32:51,174:azure.identity.aio._credentials.default:INFO:DefaultAzureCredential acquired a token from SharedTokenCacheCredential
2026-02-04 12:32:51,422:voicelive_agent:INFO:Pre-warmed connection created in 0.25s
2026-02-04 12:32:57,495:voicelive_agent:DEBUG:Removed expired warm connection
2026-02-04 12:32:57,496:voicelive_agent:DEBUG:Creating new warm connection...
2026-02-04 12:32:57,497:azure.ai.voicelive.aio._patch:DEBUG:Connecting to wss://ai-env2.cognitiveservices.azure.com/voice-live/realtime?api-version=2025-10-01&model=gpt-realtime
2026-02-04 12:32:57,498:azure.identity.aio._internal.decorators:INFO:SharedTokenCacheCredential.get_token succeeded
2026-02-04 12:32:57,499:azure.identity.aio._internal.decorators:DEBUG:[Authenticated account] Client ID: 04b07795-8ddb-461a-bbee-02f9e1bf7b46. Tenant ID: 2509ae39-0407-4844-88a7-a73105a3c575. User Principal Name: admin@MngEnvMCAP945557.onmicrosoft.com. Object ID (user): 32b87062-b3b0-44af-973a-d8454515e1ba
2026-02-04 12:32:57,500:azure.identity.aio._credentials.default:INFO:DefaultAzureCredential acquired a token from SharedTokenCacheCredential
2026-02-04 12:32:57,728:voicelive_agent:INFO:Pre-warmed connection created in 0.23s
2026-02-04 12:33:23,800:voicelive_agent:DEBUG:Removed expired warm connection
2026-02-04 12:33:23,801:voicelive_agent:DEBUG:Creating new warm connection...
2026-02-04 12:33:23,801:azure.ai.voicelive.aio._patch:DEBUG:Connecting to wss://ai-env2.cognitiveservices.azure.com/voice-live/realtime?api-version=2025-10-01&model=gpt-realtime
2026-02-04 12:33:23,802:azure.identity.aio._internal.decorators:INFO:SharedTokenCacheCredential.get_token succeeded
2026-02-04 12:33:23,803:azure.identity.aio._internal.decorators:DEBUG:[Authenticated account] Client ID: 04b07795-8ddb-461a-bbee-02f9e1bf7b46. Tenant ID: 2509ae39-0407-4844-88a7-a73105a3c575. User Principal Name: admin@MngEnvMCAP945557.onmicrosoft.com. Object ID (user): 32b87062-b3b0-44af-973a-d8454515e1ba
2026-02-04 12:33:23,803:azure.identity.aio._credentials.default:INFO:DefaultAzureCredential acquired a token from SharedTokenCacheCredential
2026-02-04 12:33:24,050:voicelive_agent:INFO:Pre-warmed connection created in 0.25s
2026-02-04 12:33:30,107:voicelive_agent:DEBUG:Removed expired warm connection
2026-02-04 12:33:30,108:voicelive_agent:DEBUG:Creating new warm connection...
2026-02-04 12:33:30,108:azure.ai.voicelive.aio._patch:DEBUG:Connecting to wss://ai-env2.cognitiveservices.azure.com/voice-live/realtime?api-version=2025-10-01&model=gpt-realtime
2026-02-04 12:33:30,110:azure.identity.aio._internal.decorators:INFO:SharedTokenCacheCredential.get_token succeeded
2026-02-04 12:33:30,111:azure.identity.aio._internal.decorators:DEBUG:[Authenticated account] Client ID: 04b07795-8ddb-461a-bbee-02f9e1bf7b46. Tenant ID: 2509ae39-0407-4844-88a7-a73105a3c575. User Principal Name: admin@MngEnvMCAP945557.onmicrosoft.com. Object ID (user): 32b87062-b3b0-44af-973a-d8454515e1ba
2026-02-04 12:33:30,111:azure.identity.aio._credentials.default:INFO:DefaultAzureCredential acquired a token from SharedTokenCacheCredential
2026-02-04 12:33:30,538:voicelive_agent:INFO:Pre-warmed connection created in 0.43s
2026-02-04 12:33:56,629:voicelive_agent:DEBUG:Removed expired warm connection
2026-02-04 12:33:56,629:voicelive_agent:DEBUG:Creating new warm connection...
2026-02-04 12:33:56,630:azure.ai.voicelive.aio._patch:DEBUG:Connecting to wss://ai-env2.cognitiveservices.azure.com/voice-live/realtime?api-version=2025-10-01&model=gpt-realtime
2026-02-04 12:33:56,631:azure.identity.aio._internal.decorators:INFO:SharedTokenCacheCredential.get_token succeeded
2026-02-04 12:33:56,632:azure.identity.aio._internal.decorators:DEBUG:[Authenticated account] Client ID: 04b07795-8ddb-461a-bbee-02f9e1bf7b46. Tenant ID: 2509ae39-0407-4844-88a7-a73105a3c575. User Principal Name: admin@MngEnvMCAP945557.onmicrosoft.com. Object ID (user): 32b87062-b3b0-44af-973a-d8454515e1ba
2026-02-04 12:33:56,632:azure.identity.aio._credentials.default:INFO:DefaultAzureCredential acquired a token from SharedTokenCacheCredential
2026-02-04 12:33:56,861:voicelive_agent:INFO:Pre-warmed connection created in 0.23s
2026-02-04 12:34:02,904:voicelive_agent:DEBUG:Removed expired warm connection
2026-02-04 12:34:02,904:voicelive_agent:DEBUG:Creating new warm connection...
2026-02-04 12:34:02,905:azure.ai.voicelive.aio._patch:DEBUG:Connecting to wss://ai-env2.cognitiveservices.azure.com/voice-live/realtime?api-version=2025-10-01&model=gpt-realtime
2026-02-04 12:34:02,906:azure.identity.aio._internal.decorators:INFO:SharedTokenCacheCredential.get_token succeeded
2026-02-04 12:34:02,907:azure.identity.aio._internal.decorators:DEBUG:[Authenticated account] Client ID: 04b07795-8ddb-461a-bbee-02f9e1bf7b46. Tenant ID: 2509ae39-0407-4844-88a7-a73105a3c575. User Principal Name: admin@MngEnvMCAP945557.onmicrosoft.com. Object ID (user): 32b87062-b3b0-44af-973a-d8454515e1ba
2026-02-04 12:34:02,908:azure.identity.aio._credentials.default:INFO:DefaultAzureCredential acquired a token from SharedTokenCacheCredential
2026-02-04 12:34:03,113:voicelive_agent:INFO:Pre-warmed connection created in 0.21s
2026-02-04 12:34:29,251:voicelive_agent:DEBUG:Removed expired warm connection
2026-02-04 12:34:29,252:voicelive_agent:DEBUG:Creating new warm connection...
2026-02-04 12:34:29,252:azure.ai.voicelive.aio._patch:DEBUG:Connecting to wss://ai-env2.cognitiveservices.azure.com/voice-live/realtime?api-version=2025-10-01&model=gpt-realtime
2026-02-04 12:34:29,253:azure.identity.aio._internal.decorators:INFO:SharedTokenCacheCredential.get_token succeeded
2026-02-04 12:34:29,254:azure.identity.aio._internal.decorators:DEBUG:[Authenticated account] Client ID: 04b07795-8ddb-461a-bbee-02f9e1bf7b46. Tenant ID: 2509ae39-0407-4844-88a7-a73105a3c575. User Principal Name: admin@MngEnvMCAP945557.onmicrosoft.com. Object ID (user): 32b87062-b3b0-44af-973a-d8454515e1ba
2026-02-04 12:34:29,254:azure.identity.aio._credentials.default:INFO:DefaultAzureCredential acquired a token from SharedTokenCacheCredential
2026-02-04 12:34:29,502:voicelive_agent:INFO:Pre-warmed connection created in 0.25s
2026-02-04 12:34:35,690:voicelive_agent:DEBUG:Removed expired warm connection
2026-02-04 12:34:35,692:voicelive_agent:DEBUG:Creating new warm connection...
2026-02-04 12:34:35,693:azure.ai.voicelive.aio._patch:DEBUG:Connecting to wss://ai-env2.cognitiveservices.azure.com/voice-live/realtime?api-version=2025-10-01&model=gpt-realtime
2026-02-04 12:34:35,695:azure.identity.aio._internal.decorators:INFO:SharedTokenCacheCredential.get_token succeeded
2026-02-04 12:34:35,696:azure.identity.aio._internal.decorators:DEBUG:[Authenticated account] Client ID: 04b07795-8ddb-461a-bbee-02f9e1bf7b46. Tenant ID: 2509ae39-0407-4844-88a7-a73105a3c575. User Principal Name: admin@MngEnvMCAP945557.onmicrosoft.com. Object ID (user): 32b87062-b3b0-44af-973a-d8454515e1ba
2026-02-04 12:34:35,697:azure.identity.aio._credentials.default:INFO:DefaultAzureCredential acquired a token from SharedTokenCacheCredential
2026-02-04 12:34:35,937:voicelive_agent:INFO:Pre-warmed connection created in 0.24s
